[2021-09-26 12:22:01.188] [sharedprocess] [info] Installing extension: ms-azuretools.vscode-docker
[2021-09-26 12:22:01.188] [sharedprocess] [info] Installing extension: ms-python.vscode-pylance
[2021-09-26 12:22:01.189] [sharedprocess] [info] Installing extension: ms-vscode-remote.remote-ssh
[2021-09-26 12:22:01.189] [sharedprocess] [info] Installing extension: ms-vscode-remote.remote-ssh-edit
[2021-09-26 12:22:01.190] [sharedprocess] [info] Installing extension: ms-vsliveshare.vsliveshare
[2021-09-26 12:22:01.190] [sharedprocess] [info] Installing extension: naumovs.color-highlight
[2021-09-26 12:22:03.336] [sharedprocess] [info] Downloaded extension: ms-vscode-remote.remote-ssh-edit /home/mwalk/.config/Code/CachedExtensionVSIXs/ms-vscode-remote.remote-ssh-edit-0.65.8
[2021-09-26 12:22:03.355] [sharedprocess] [info] Extracted extension to /home/mwalk/.vscode/extensions/.dfb22bc1-2d91-4255-a3bb-8105900082e9: ms-vscode-remote.remote-ssh-edit
[2021-09-26 12:22:03.356] [sharedprocess] [info] Renamed to /home/mwalk/.vscode/extensions/ms-vscode-remote.remote-ssh-edit-0.65.8
[2021-09-26 12:22:03.357] [sharedprocess] [info] Installation completed. ms-vscode-remote.remote-ssh-edit
[2021-09-26 12:22:03.360] [sharedprocess] [info] Extensions installed successfully: ms-vscode-remote.remote-ssh-edit
[2021-09-26 12:22:04.027] [sharedprocess] [info] Downloaded extension: ms-vscode-remote.remote-ssh /home/mwalk/.config/Code/CachedExtensionVSIXs/ms-vscode-remote.remote-ssh-0.65.8
[2021-09-26 12:22:04.075] [sharedprocess] [info] Extracted extension to /home/mwalk/.vscode/extensions/.566b731e-c9ea-4b59-bd23-29514e5d06ee: ms-vscode-remote.remote-ssh
[2021-09-26 12:22:04.077] [sharedprocess] [info] Renamed to /home/mwalk/.vscode/extensions/ms-vscode-remote.remote-ssh-0.65.8
[2021-09-26 12:22:04.078] [sharedprocess] [info] Installation completed. ms-vscode-remote.remote-ssh
[2021-09-26 12:22:04.081] [sharedprocess] [info] Extensions installed successfully: ms-vscode-remote.remote-ssh
[2021-09-26 12:22:05.212] [sharedprocess] [info] Downloaded extension: naumovs.color-highlight /home/mwalk/.config/Code/CachedExtensionVSIXs/naumovs.color-highlight-2.5.0
[2021-09-26 12:22:05.280] [sharedprocess] [info] Downloaded extension: ms-azuretools.vscode-docker /home/mwalk/.config/Code/CachedExtensionVSIXs/ms-azuretools.vscode-docker-1.17.0
[2021-09-26 12:22:05.379] [sharedprocess] [info] Extracted extension to /home/mwalk/.vscode/extensions/.f4087cd4-4572-411e-ae09-3471338543fe: ms-azuretools.vscode-docker
[2021-09-26 12:22:05.384] [sharedprocess] [info] Renamed to /home/mwalk/.vscode/extensions/ms-azuretools.vscode-docker-1.17.0
[2021-09-26 12:22:05.386] [sharedprocess] [info] Installation completed. ms-azuretools.vscode-docker
[2021-09-26 12:22:05.390] [sharedprocess] [info] Extensions installed successfully: ms-azuretools.vscode-docker
[2021-09-26 12:22:05.406] [sharedprocess] [info] Extracted extension to /home/mwalk/.vscode/extensions/.f865947d-7e0b-4c9e-9677-fd6b9941fb3b: naumovs.color-highlight
[2021-09-26 12:22:05.408] [sharedprocess] [info] Renamed to /home/mwalk/.vscode/extensions/naumovs.color-highlight-2.5.0
[2021-09-26 12:22:05.408] [sharedprocess] [info] Installation completed. naumovs.color-highlight
[2021-09-26 12:22:05.411] [sharedprocess] [info] Extensions installed successfully: naumovs.color-highlight
[2021-09-26 12:22:08.448] [sharedprocess] [info] [logs cleanup]: Starting to clean up old logs.
[2021-09-26 12:22:08.448] [sharedprocess] [info] [logs cleanup]: Removing log folders '20210731T080836'
[2021-09-26 12:22:11.372] [sharedprocess] [info] Downloaded extension: ms-python.vscode-pylance /home/mwalk/.config/Code/CachedExtensionVSIXs/ms-python.vscode-pylance-2021.9.3
[2021-09-26 12:22:12.596] [sharedprocess] [info] Downloaded extension: ms-vsliveshare.vsliveshare /home/mwalk/.config/Code/CachedExtensionVSIXs/ms-vsliveshare.vsliveshare-1.0.4836
[2021-09-26 12:22:12.853] [sharedprocess] [info] Extracted extension to /home/mwalk/.vscode/extensions/.8099fa73-ad0e-4c84-93b3-105814055fe9: ms-python.vscode-pylance
[2021-09-26 12:22:12.858] [sharedprocess] [info] Renamed to /home/mwalk/.vscode/extensions/ms-python.vscode-pylance-2021.9.3
[2021-09-26 12:22:12.858] [sharedprocess] [info] Installation completed. ms-python.vscode-pylance
[2021-09-26 12:22:12.862] [sharedprocess] [info] Extensions installed successfully: ms-python.vscode-pylance
[2021-09-26 12:22:13.025] [sharedprocess] [info] Extracted extension to /home/mwalk/.vscode/extensions/.e34b7e62-b3ef-434d-b1a5-b00b06dd060c: ms-vsliveshare.vsliveshare
[2021-09-26 12:22:13.029] [sharedprocess] [info] Renamed to /home/mwalk/.vscode/extensions/ms-vsliveshare.vsliveshare-1.0.4836
[2021-09-26 12:22:13.030] [sharedprocess] [info] Installation completed. ms-vsliveshare.vsliveshare
[2021-09-26 12:22:13.033] [sharedprocess] [info] Extensions installed successfully: ms-vsliveshare.vsliveshare
[2021-09-26 12:22:28.447] [sharedprocess] [info] [code cache cleanup]: Starting to clean up old code cache folders.
[2021-09-26 12:22:28.447] [sharedprocess] [info] [storage cleanup]: Starting to clean up storage folders.
[2021-09-26 12:22:38.448] [sharedprocess] [info] [language pack cache cleanup]: Starting to clean up unused language packs.
