Validating found git in: git
Using git 2.33.0 from git
> git rev-parse --git-dir
Open repository: /home/mwalk/Documents/hugo-blog
> git fetch
> git status -z -u
> git symbolic-ref --short HEAD
> git for-each-ref --format=%(refname)%00%(upstream:short)%00%(objectname)%00%(upstream:track) refs/heads/main refs/remotes/main
> git for-each-ref --sort -committerdate --format %(refname) %(objectname) %(*objectname)
> git remote --verbose
> git config --get commit.template
> git show --textconv :content/post/notes.md
> git ls-files --stage -- /home/mwalk/Documents/hugo-blog/content/post/notes.md
> git cat-file -s 7ec60ad4fc8be453c12484aee75b789eeb032471
ssh_askpass: exec(/usr/lib/ssh/ssh-askpass): No such file or directory
Host key verification failed.
fatal: Could not read from remote repository.

Please make sure you have the correct access rights
and the repository exists.
> git check-ignore -v -z --stdin
> git config --global user.email
> git config --global user.name
> git status -z -u
> git symbolic-ref --short HEAD
> git for-each-ref --format=%(refname)%00%(upstream:short)%00%(objectname)%00%(upstream:track) refs/heads/main refs/remotes/main
> git for-each-ref --sort -committerdate --format %(refname) %(objectname) %(*objectname)
> git remote --verbose
> git config --get commit.template
> git show -s --format=%an <%ae> [%ai] aeb42c186096d1e9d42404005a758c3e83ed1121
> git show -s --format=%H%n%aN%n%aE%n%at%n%ct%n%P%n%B -z aeb42c186096d1e9d42404005a758c3e83ed1121
> git show -s --format=%an <%ae> [%ai] d53ad754f99777ab03d599d30c1776ba2a764b9e
> git show -s --format=%H%n%aN%n%aE%n%at%n%ct%n%P%n%B -z d53ad754f99777ab03d599d30c1776ba2a764b9e
> git show -s --format=%an <%ae> [%ai] 8f9eecc6733322e1520789afd594e43d5391a030
> git show -s --format=%H%n%aN%n%aE%n%at%n%ct%n%P%n%B -z 8f9eecc6733322e1520789afd594e43d5391a030
> git show -s --format=%an <%ae> [%ai] 3371ea29ad88b58baeeaa0bf6001639013227698
> git show -s --format=%H%n%aN%n%aE%n%at%n%ct%n%P%n%B -z 3371ea29ad88b58baeeaa0bf6001639013227698
> git show -s --format=%an <%ae> [%ai] 35f1c255273c73a40aa52ac1a4c821351ab68a5c
> git show -s --format=%H%n%aN%n%aE%n%at%n%ct%n%P%n%B -z 35f1c255273c73a40aa52ac1a4c821351ab68a5c
> git show -s --format=%an <%ae> [%ai] 9faa08d0cb25eda1371cdb900eac911482bd2336
> git show -s --format=%H%n%aN%n%aE%n%at%n%ct%n%P%n%B -z 9faa08d0cb25eda1371cdb900eac911482bd2336
> git show -s --format=%an <%ae> [%ai] b1af2cfa7e233651a67f1e42ed4e7b91bb4a3e05
> git show -s --format=%H%n%aN%n%aE%n%at%n%ct%n%P%n%B -z b1af2cfa7e233651a67f1e42ed4e7b91bb4a3e05
> git show -s --format=%an <%ae> [%ai] 0baca60a0552186e54ec4bf4c828489b082d65a3
> git show -s --format=%H%n%aN%n%aE%n%at%n%ct%n%P%n%B -z 0baca60a0552186e54ec4bf4c828489b082d65a3
> git show -s --format=%an <%ae> [%ai] cb355c869684d475b552d8fbe95cef460362aef1
> git show -s --format=%H%n%aN%n%aE%n%at%n%ct%n%P%n%B -z cb355c869684d475b552d8fbe95cef460362aef1
> git show -s --format=%an <%ae> [%ai] ac554b5362f917a1fedea747b0612a019eeaf774
> git show -s --format=%H%n%aN%n%aE%n%at%n%ct%n%P%n%B -z ac554b5362f917a1fedea747b0612a019eeaf774
> git show -s --format=%an <%ae> [%ai] 1109688d8c64ac1f66c3798a51c7ac647ea06058
> git show -s --format=%H%n%aN%n%aE%n%at%n%ct%n%P%n%B -z 1109688d8c64ac1f66c3798a51c7ac647ea06058
> git show -s --format=%an <%ae> [%ai] f5c98f360bcc5aa2ef602b94a245b41f8d65eaf8
> git show -s --format=%H%n%aN%n%aE%n%at%n%ct%n%P%n%B -z f5c98f360bcc5aa2ef602b94a245b41f8d65eaf8
> git ls-files --stage -- /home/mwalk/Documents/hugo-blog/content/post/notes.md
> git cat-file -s 7ec60ad4fc8be453c12484aee75b789eeb032471
> git show --textconv :content/post/notes.md
> git status -z -u
> git symbolic-ref --short HEAD
> git for-each-ref --format=%(refname)%00%(upstream:short)%00%(objectname)%00%(upstream:track) refs/heads/main refs/remotes/main
> git for-each-ref --sort -committerdate --format %(refname) %(objectname) %(*objectname)
> git remote --verbose
> git config --get commit.template
