Tools environment: GOPATH=/home/mwalk/go
Installing 10 tools at /home/mwalk/go/bin in module mode.
  gopkgs
  go-outline
  gotests
  gomodifytags
  impl
  goplay
  dlv
  dlv-dap
  staticcheck
  gopls

Installing github.com/uudashr/gopkgs/v2/cmd/gopkgs (/home/mwalk/go/bin/gopkgs) SUCCEEDED
Installing github.com/ramya-rao-a/go-outline (/home/mwalk/go/bin/go-outline) SUCCEEDED
Installing github.com/cweill/gotests/gotests (/home/mwalk/go/bin/gotests) SUCCEEDED
Installing github.com/fatih/gomodifytags (/home/mwalk/go/bin/gomodifytags) SUCCEEDED
Installing github.com/josharian/impl (/home/mwalk/go/bin/impl) SUCCEEDED
Installing github.com/haya14busa/goplay/cmd/goplay (/home/mwalk/go/bin/goplay) SUCCEEDED
Installing github.com/go-delve/delve/cmd/dlv (/home/mwalk/go/bin/dlv) SUCCEEDED
Installing github.com/go-delve/delve/cmd/dlv@master (/home/mwalk/go/bin/dlv-dap) SUCCEEDED
Installing honnef.co/go/tools/cmd/staticcheck (/home/mwalk/go/bin/staticcheck) SUCCEEDED
Installing golang.org/x/tools/gopls (/home/mwalk/go/bin/gopls) SUCCEEDED

All tools successfully installed. You are ready to Go :).
Tools environment: GOPATH=/home/mwalk/go
Installing 10 tools at /home/mwalk/go/bin in module mode.
  gopkgs
  go-outline
  gotests
  gomodifytags
  impl
  goplay
  dlv
  dlv-dap
  staticcheck
  gopls

Installing github.com/uudashr/gopkgs/v2/cmd/gopkgs (/home/mwalk/go/bin/gopkgs) SUCCEEDED
Installing github.com/ramya-rao-a/go-outline (/home/mwalk/go/bin/go-outline) SUCCEEDED
Installing github.com/cweill/gotests/gotests (/home/mwalk/go/bin/gotests) SUCCEEDED
Installing github.com/fatih/gomodifytags (/home/mwalk/go/bin/gomodifytags) SUCCEEDED
Installing github.com/josharian/impl (/home/mwalk/go/bin/impl) SUCCEEDED
Installing github.com/haya14busa/goplay/cmd/goplay (/home/mwalk/go/bin/goplay) SUCCEEDED
Installing github.com/go-delve/delve/cmd/dlv (/home/mwalk/go/bin/dlv) SUCCEEDED
Installing github.com/go-delve/delve/cmd/dlv@master (/home/mwalk/go/bin/dlv-dap) SUCCEEDED
Installing honnef.co/go/tools/cmd/staticcheck (/home/mwalk/go/bin/staticcheck) SUCCEEDED
Installing golang.org/x/tools/gopls (/home/mwalk/go/bin/gopls) SUCCEEDED

All tools successfully installed. You are ready to Go :).
Starting linting the current package at /home/mwalk/Documents/learning-go
/home/mwalk/Documents/learning-go>Finished running tool: /home/mwalk/go/bin/staticcheck

Starting linting the current package at /home/mwalk/Documents/learning-go
/home/mwalk/Documents/learning-go>Finished running tool: /home/mwalk/go/bin/staticcheck

Starting linting the current package at /home/mwalk/Documents/learning-go
/home/mwalk/Documents/learning-go>Finished running tool: /home/mwalk/go/bin/staticcheck

Starting linting the current package at /home/mwalk/Documents/learning-go
/home/mwalk/Documents/learning-go>Finished running tool: /home/mwalk/go/bin/staticcheck

Starting linting the current package at /home/mwalk/Documents/learning-go
/home/mwalk/Documents/learning-go>Finished running tool: /home/mwalk/go/bin/staticcheck

Starting linting the current package at /home/mwalk/Documents/learning-go
/home/mwalk/Documents/learning-go>Finished running tool: /home/mwalk/go/bin/staticcheck

Starting linting the current package at /home/mwalk/Documents/learning-go
/home/mwalk/Documents/learning-go>Finished running tool: /home/mwalk/go/bin/staticcheck

Starting linting the current package at /home/mwalk/Documents/learning-go
/home/mwalk/Documents/learning-go>Finished running tool: /home/mwalk/go/bin/staticcheck

Starting linting the current package at /home/mwalk/Documents/learning-go
/home/mwalk/Documents/learning-go>Finished running tool: /home/mwalk/go/bin/staticcheck

Starting linting the current package at /home/mwalk/Documents/learning-go
/home/mwalk/Documents/learning-go>Finished running tool: /home/mwalk/go/bin/staticcheck

Starting linting the current package at /home/mwalk/Documents/learning-go
/home/mwalk/Documents/learning-go>Finished running tool: /home/mwalk/go/bin/staticcheck

Starting linting the current package at /home/mwalk/Documents/learning-go
/home/mwalk/Documents/learning-go>Finished running tool: /home/mwalk/go/bin/staticcheck

Starting linting the current package at /home/mwalk/Documents/learning-go
/home/mwalk/Documents/learning-go>Finished running tool: /home/mwalk/go/bin/staticcheck

Starting linting the current package at /home/mwalk/Documents/learning-go
/home/mwalk/Documents/learning-go>Finished running tool: /home/mwalk/go/bin/staticcheck

Starting linting the current package at /home/mwalk/Documents/learning-go
/home/mwalk/Documents/learning-go>Finished running tool: /home/mwalk/go/bin/staticcheck

Starting linting the current package at /home/mwalk/Documents/learning-go
/home/mwalk/Documents/learning-go>Finished running tool: /home/mwalk/go/bin/staticcheck

Starting linting the current package at /home/mwalk/Documents/learning-go
/home/mwalk/Documents/learning-go>Finished running tool: /home/mwalk/go/bin/staticcheck
/home/mwalk/Documents/learning-go/main.go:3:8 "fmt" imported but not used (compile)
/home/mwalk/Documents/learning-go/main.go:8:5 discord declared but not used (compile)
/home/mwalk/Documents/learning-go/main.go:8:14 err declared but not used (compile)

Starting linting the current package at /home/mwalk/Documents/learning-go
/home/mwalk/Documents/learning-go>Finished running tool: /home/mwalk/go/bin/staticcheck
/home/mwalk/Documents/learning-go/main.go:10:1 expected selector or type assertion, found '}' (compile)

Starting linting the current package at /home/mwalk/Documents/learning-go
/home/mwalk/Documents/learning-go>Finished running tool: /home/mwalk/go/bin/staticcheck
/home/mwalk/Documents/learning-go/main.go:8:5 discord declared but not used (compile)
/home/mwalk/Documents/learning-go/main.go:8:14 err declared but not used (compile)

Starting linting the current package at /home/mwalk/Documents/learning-go
/home/mwalk/Documents/learning-go>Finished running tool: /home/mwalk/go/bin/staticcheck
/home/mwalk/Documents/learning-go/main.go:9:18 expected selector or type assertion, found ')' (compile)
/home/mwalk/Documents/learning-go/main.go:10:1 expected operand, found '}' (compile)

Starting linting the current package at /home/mwalk/Documents/learning-go
/home/mwalk/Documents/learning-go>Finished running tool: /home/mwalk/go/bin/staticcheck
/home/mwalk/Documents/learning-go/main.go:8:5 discord declared but not used (compile)

Starting linting the current package at /home/mwalk/Documents/learning-go
/home/mwalk/Documents/learning-go>Finished running tool: /home/mwalk/go/bin/staticcheck
/home/mwalk/Documents/learning-go/main.go:3:8 "log" imported but not used (compile)
/home/mwalk/Documents/learning-go/main.go:8:5 discord declared but not used (compile)
/home/mwalk/Documents/learning-go/main.go:9:2 undeclared name: fmt (compile)

Starting linting the current package at /home/mwalk/Documents/learning-go
/home/mwalk/Documents/learning-go>Finished running tool: /home/mwalk/go/bin/staticcheck
/home/mwalk/Documents/learning-go/main.go:4:1 expected 'STRING', found 'import' (compile)

Starting linting the current package at /home/mwalk/Documents/learning-go
/home/mwalk/Documents/learning-go>Finished running tool: /home/mwalk/go/bin/staticcheck
/home/mwalk/Documents/learning-go/main.go:4:1 expected 'STRING', found 'import' (compile)

Starting linting the current package at /home/mwalk/Documents/learning-go
/home/mwalk/Documents/learning-go>Finished running tool: /home/mwalk/go/bin/staticcheck
/home/mwalk/Documents/learning-go/main.go:3:9 "log" imported but not used (compile)
/home/mwalk/Documents/learning-go/main.go:8:5 discord declared but not used (compile)
/home/mwalk/Documents/learning-go/main.go:9:2 undeclared name: fmt (compile)

Starting linting the current package at /home/mwalk/Documents/learning-go
/home/mwalk/Documents/learning-go>Finished running tool: /home/mwalk/go/bin/staticcheck
/home/mwalk/Documents/learning-go/main.go:4:2 "log" imported but not used (compile)
/home/mwalk/Documents/learning-go/main.go:9:5 discord declared but not used (compile)
/home/mwalk/Documents/learning-go/main.go:10:2 undeclared name: fmt (compile)

Starting linting the current package at /home/mwalk/Documents/learning-go
/home/mwalk/Documents/learning-go>Finished running tool: /home/mwalk/go/bin/staticcheck
/home/mwalk/Documents/learning-go/main.go:4:2 "log" imported but not used (compile)
/home/mwalk/Documents/learning-go/main.go:9:5 discord declared but not used (compile)
/home/mwalk/Documents/learning-go/main.go:10:2 undeclared name: fmt (compile)

Starting linting the current package at /home/mwalk/Documents/learning-go
/home/mwalk/Documents/learning-go>Finished running tool: /home/mwalk/go/bin/staticcheck
/home/mwalk/Documents/learning-go/main.go:4:2 "log" imported but not used (compile)
/home/mwalk/Documents/learning-go/main.go:10:5 discord declared but not used (compile)
/home/mwalk/Documents/learning-go/main.go:11:2 undeclared name: fmt (compile)

Starting linting the current package at /home/mwalk/Documents/learning-go
/home/mwalk/Documents/learning-go>Finished running tool: /home/mwalk/go/bin/staticcheck
/home/mwalk/Documents/learning-go/main.go:4:7 expected ';', found ',' (compile)

Starting linting the current package at /home/mwalk/Documents/learning-go
/home/mwalk/Documents/learning-go>Finished running tool: /home/mwalk/go/bin/staticcheck
/home/mwalk/Documents/learning-go/main.go:4:2 "log" imported but not used (compile)
/home/mwalk/Documents/learning-go/main.go:10:5 discord declared but not used (compile)
/home/mwalk/Documents/learning-go/main.go:11:2 undeclared name: fmt (compile)

Starting linting the current package at /home/mwalk/Documents/learning-go
/home/mwalk/Documents/learning-go>Finished running tool: /home/mwalk/go/bin/staticcheck
/home/mwalk/Documents/learning-go/main.go:10:5 discord declared but not used (compile)

Starting linting the current package at /home/mwalk/Documents/learning-go
/home/mwalk/Documents/learning-go>Finished running tool: /home/mwalk/go/bin/staticcheck
/home/mwalk/Documents/learning-go/main.go:10:5 discord declared but not used (compile)

Starting linting the current package at /home/mwalk/Documents/learning-go
/home/mwalk/Documents/learning-go>Finished running tool: /home/mwalk/go/bin/staticcheck
/home/mwalk/Documents/learning-go/main.go:10:5 discord declared but not used (compile)

Starting linting the current package at /home/mwalk/Documents/learning-go
/home/mwalk/Documents/learning-go>Finished running tool: /home/mwalk/go/bin/staticcheck
/home/mwalk/Documents/learning-go/main.go:10:5 discord declared but not used (compile)
/home/mwalk/Documents/learning-go/main.go:16:2 undeclared name: dg (compile)
/home/mwalk/Documents/learning-go/main.go:16:16 undeclared name: messageCreate (compile)
/home/mwalk/Documents/learning-go/main.go:19:2 undeclared name: dg (compile)
/home/mwalk/Documents/learning-go/main.go:22:8 undeclared name: dg (compile)
/home/mwalk/Documents/learning-go/main.go:24:3 undeclared name: fmt (compile)

Starting linting the current package at /home/mwalk/Documents/learning-go
/home/mwalk/Documents/learning-go>Finished running tool: /home/mwalk/go/bin/staticcheck
/home/mwalk/Documents/learning-go/main.go:16:21 undeclared name: messageCreate (compile)
/home/mwalk/Documents/learning-go/main.go:19:2 undeclared name: dg (compile)
/home/mwalk/Documents/learning-go/main.go:22:8 undeclared name: dg (compile)
/home/mwalk/Documents/learning-go/main.go:24:3 undeclared name: fmt (compile)

Starting linting the current package at /home/mwalk/Documents/learning-go
/home/mwalk/Documents/learning-go>Finished running tool: /home/mwalk/go/bin/staticcheck
/home/mwalk/Documents/learning-go/main.go:16:21 undeclared name: messageCreate (compile)
/home/mwalk/Documents/learning-go/main.go:22:8 undeclared name: dg (compile)
/home/mwalk/Documents/learning-go/main.go:24:3 undeclared name: fmt (compile)

Starting linting the current package at /home/mwalk/Documents/learning-go
/home/mwalk/Documents/learning-go>Finished running tool: /home/mwalk/go/bin/staticcheck
/home/mwalk/Documents/learning-go/main.go:16:21 undeclared name: messageCreate (compile)
/home/mwalk/Documents/learning-go/main.go:24:3 undeclared name: fmt (compile)

Starting linting the current package at /home/mwalk/Documents/learning-go
/home/mwalk/Documents/learning-go>Finished running tool: /home/mwalk/go/bin/staticcheck
/home/mwalk/Documents/learning-go/main.go:17:21 undeclared name: messageCreate (compile)

Starting linting the current package at /home/mwalk/Documents/learning-go
/home/mwalk/Documents/learning-go>Finished running tool: /home/mwalk/go/bin/staticcheck
/home/mwalk/Documents/learning-go/main.go:17:21 undeclared name: messageCreate (compile)
/home/mwalk/Documents/learning-go/main.go:31:19 undeclared name: os (compile)
/home/mwalk/Documents/learning-go/main.go:32:3 undeclared name: signal (compile)
/home/mwalk/Documents/learning-go/main.go:32:21 undeclared name: syscall (compile)
/home/mwalk/Documents/learning-go/main.go:32:37 undeclared name: syscall (compile)
/home/mwalk/Documents/learning-go/main.go:32:54 undeclared name: os (compile)
/home/mwalk/Documents/learning-go/main.go:32:68 undeclared name: os (compile)
/home/mwalk/Documents/learning-go/main.go:36:3 undeclared name: dg (compile)

Starting linting the current package at /home/mwalk/Documents/learning-go
/home/mwalk/Documents/learning-go>Finished running tool: /home/mwalk/go/bin/staticcheck
/home/mwalk/Documents/learning-go/main.go:17:21 undeclared name: messageCreate (compile)
/home/mwalk/Documents/learning-go/main.go:31:18 undeclared name: os (compile)
/home/mwalk/Documents/learning-go/main.go:32:2 undeclared name: signal (compile)
/home/mwalk/Documents/learning-go/main.go:32:20 undeclared name: syscall (compile)
/home/mwalk/Documents/learning-go/main.go:32:36 undeclared name: syscall (compile)
/home/mwalk/Documents/learning-go/main.go:32:53 undeclared name: os (compile)
/home/mwalk/Documents/learning-go/main.go:32:67 undeclared name: os (compile)
/home/mwalk/Documents/learning-go/main.go:36:2 undeclared name: dg (compile)

Starting linting the current package at /home/mwalk/Documents/learning-go
/home/mwalk/Documents/learning-go>Finished running tool: /home/mwalk/go/bin/staticcheck
/home/mwalk/Documents/learning-go/main.go:17:21 undeclared name: messageCreate (compile)
/home/mwalk/Documents/learning-go/main.go:31:18 undeclared name: os (compile)
/home/mwalk/Documents/learning-go/main.go:32:2 undeclared name: signal (compile)
/home/mwalk/Documents/learning-go/main.go:32:20 undeclared name: syscall (compile)
/home/mwalk/Documents/learning-go/main.go:32:36 undeclared name: syscall (compile)
/home/mwalk/Documents/learning-go/main.go:32:53 undeclared name: os (compile)
/home/mwalk/Documents/learning-go/main.go:32:67 undeclared name: os (compile)
/home/mwalk/Documents/learning-go/main.go:36:2 undeclared name: dg (compile)

Starting linting the current package at /home/mwalk/Documents/learning-go
/home/mwalk/Documents/learning-go>Finished running tool: /home/mwalk/go/bin/staticcheck
/home/mwalk/Documents/learning-go/main.go:20:21 undeclared name: messageCreate (compile)
/home/mwalk/Documents/learning-go/main.go:39:2 undeclared name: dg (compile)

Starting linting the current package at /home/mwalk/Documents/learning-go
/home/mwalk/Documents/learning-go>Finished running tool: /home/mwalk/go/bin/staticcheck
/home/mwalk/Documents/learning-go/main.go:20:21 undeclared name: messageCreate (compile)

Starting linting the current package at /home/mwalk/Documents/learning-go
/home/mwalk/Documents/learning-go>Finished running tool: /home/mwalk/go/bin/staticcheck
/home/mwalk/Documents/learning-go/main.go:35:67 os.Kill cannot be trapped (did you mean syscall.SIGTERM?) (SA1016)

Starting linting the current package at /home/mwalk/Documents/learning-go
/home/mwalk/Documents/learning-go>Finished running tool: /home/mwalk/go/bin/staticcheck
/home/mwalk/Documents/learning-go/main.go:35:67 os.Kill cannot be trapped (did you mean syscall.SIGTERM?) (SA1016)

Starting linting the current package at /home/mwalk/Documents/learning-go
/home/mwalk/Documents/learning-go>Finished running tool: /home/mwalk/go/bin/staticcheck
/home/mwalk/Documents/learning-go/main.go:34:67 os.Kill cannot be trapped (did you mean syscall.SIGTERM?) (SA1016)

Starting linting the current package at /home/mwalk/Documents/learning-go
/home/mwalk/Documents/learning-go>Finished running tool: /home/mwalk/go/bin/staticcheck
/home/mwalk/Documents/learning-go/main.go:32:67 os.Kill cannot be trapped (did you mean syscall.SIGTERM?) (SA1016)

Starting linting the current package at /home/mwalk/Documents/learning-go
/home/mwalk/Documents/learning-go>Finished running tool: /home/mwalk/go/bin/staticcheck
/home/mwalk/Documents/learning-go/main.go:31:67 os.Kill cannot be trapped (did you mean syscall.SIGTERM?) (SA1016)

Starting linting the current package at /home/mwalk/Documents/learning-go
/home/mwalk/Documents/learning-go>Finished running tool: /home/mwalk/go/bin/staticcheck
/home/mwalk/Documents/learning-go/main.go:30:67 os.Kill cannot be trapped (did you mean syscall.SIGTERM?) (SA1016)

Starting linting the current package at /home/mwalk/Documents/learning-go
/home/mwalk/Documents/learning-go>Finished running tool: /home/mwalk/go/bin/staticcheck
/home/mwalk/Documents/learning-go/main.go:30:67 os.Kill cannot be trapped (did you mean syscall.SIGTERM?) (SA1016)

Starting linting the current package at /home/mwalk/Documents/learning-go
/home/mwalk/Documents/learning-go>Finished running tool: /home/mwalk/go/bin/staticcheck
/home/mwalk/Documents/learning-go/main.go:30:67 os.Kill cannot be trapped (did you mean syscall.SIGTERM?) (SA1016)

Starting linting the current package at /home/mwalk/Documents/learning-go
/home/mwalk/Documents/learning-go>Finished running tool: /home/mwalk/go/bin/staticcheck
/home/mwalk/Documents/learning-go/main.go:30:67 os.Kill cannot be trapped (did you mean syscall.SIGTERM?) (SA1016)

Starting linting the current package at /home/mwalk/Documents/learning-go
/home/mwalk/Documents/learning-go>Finished running tool: /home/mwalk/go/bin/staticcheck
/home/mwalk/Documents/learning-go/main.go:30:67 os.Kill cannot be trapped (did you mean syscall.SIGTERM?) (SA1016)

Starting linting the current package at /home/mwalk/Documents/learning-go
/home/mwalk/Documents/learning-go>Finished running tool: /home/mwalk/go/bin/staticcheck
/home/mwalk/Documents/learning-go/main.go:30:67 os.Kill cannot be trapped (did you mean syscall.SIGTERM?) (SA1016)

Starting linting the current package at /home/mwalk/Documents/learning-go
/home/mwalk/Documents/learning-go>Finished running tool: /home/mwalk/go/bin/staticcheck
/home/mwalk/Documents/learning-go/main.go:30:67 os.Kill cannot be trapped (did you mean syscall.SIGTERM?) (SA1016)

Starting linting the current package at /home/mwalk/Documents/learning-go
/home/mwalk/Documents/learning-go>Finished running tool: /home/mwalk/go/bin/staticcheck
/home/mwalk/Documents/learning-go/main.go:40:1 expected selector or type assertion, found '}' (compile)

Starting linting the current package at /home/mwalk/Documents/learning-go
/home/mwalk/Documents/learning-go>Finished running tool: /home/mwalk/go/bin/staticcheck
/home/mwalk/Documents/learning-go/main.go:38:4 s.C undefined (type *discordgo.Session has no field or method C) (compile)

Starting linting the current package at /home/mwalk/Documents/learning-go
/home/mwalk/Documents/learning-go>Finished running tool: /home/mwalk/go/bin/staticcheck
/home/mwalk/Documents/learning-go/main.go:38:23 not enough arguments in call to s.ChannelMessageSend (compile)

Starting linting the current package at /home/mwalk/Documents/learning-go
/home/mwalk/Documents/learning-go>Finished running tool: /home/mwalk/go/bin/staticcheck
/home/mwalk/Documents/learning-go/main.go:38:24 not enough arguments in call to s.ChannelMessageSend (compile)

Starting linting the current package at /home/mwalk/Documents/learning-go
/home/mwalk/Documents/learning-go>Finished running tool: /home/mwalk/go/bin/staticcheck
/home/mwalk/Documents/learning-go/main.go:38:23 not enough arguments in call to s.ChannelMessageSend (compile)

Starting linting the current package at /home/mwalk/Documents/learning-go
/home/mwalk/Documents/learning-go>Finished running tool: /home/mwalk/go/bin/staticcheck
/home/mwalk/Documents/learning-go/main.go:30:67 os.Kill cannot be trapped (did you mean syscall.SIGTERM?) (SA1016)

Starting linting the current package at /home/mwalk/Documents/learning-go
/home/mwalk/Documents/learning-go>Finished running tool: /home/mwalk/go/bin/staticcheck
/home/mwalk/Documents/learning-go/main.go:38:4 m.Channe undefined (type *discordgo.MessageCreate has no field or method Channe) (compile)

Starting linting the current package at /home/mwalk/Documents/learning-go
/home/mwalk/Documents/learning-go>Finished running tool: /home/mwalk/go/bin/staticcheck
/home/mwalk/Documents/learning-go/main.go:38:4 s.Channe undefined (type *discordgo.Session has no field or method Channe) (compile)

Starting linting the current package at /home/mwalk/Documents/learning-go
/home/mwalk/Documents/learning-go>Finished running tool: /home/mwalk/go/bin/staticcheck
/home/mwalk/Documents/learning-go/main.go:38:4 s.ChannelM undefined (type *discordgo.Session has no field or method ChannelM) (compile)

Starting linting the current package at /home/mwalk/Documents/learning-go
/home/mwalk/Documents/learning-go>Finished running tool: /home/mwalk/go/bin/staticcheck
/home/mwalk/Documents/learning-go/main.go:38:23 not enough arguments in call to s.ChannelMessageSend (compile)

Starting linting the current package at /home/mwalk/Documents/learning-go
/home/mwalk/Documents/learning-go>Finished running tool: /home/mwalk/go/bin/staticcheck
/home/mwalk/Documents/learning-go/main.go:38:34 not enough arguments in call to s.ChannelMessageSend (compile)

Starting linting the current package at /home/mwalk/Documents/learning-go
/home/mwalk/Documents/learning-go>Finished running tool: /home/mwalk/go/bin/staticcheck
/home/mwalk/Documents/learning-go/main.go:38:35 not enough arguments in call to s.ChannelMessageSend (compile)

Starting linting the current package at /home/mwalk/Documents/learning-go
/home/mwalk/Documents/learning-go>Finished running tool: /home/mwalk/go/bin/staticcheck
/home/mwalk/Documents/learning-go/main.go:38:36 not enough arguments in call to s.ChannelMessageSend (compile)

Starting linting the current package at /home/mwalk/Documents/learning-go
/home/mwalk/Documents/learning-go>Finished running tool: /home/mwalk/go/bin/staticcheck
/home/mwalk/Documents/learning-go/main.go:30:67 os.Kill cannot be trapped (did you mean syscall.SIGTERM?) (SA1016)

Starting linting the current package at /home/mwalk/Documents/learning-go
/home/mwalk/Documents/learning-go>Finished running tool: /home/mwalk/go/bin/staticcheck
/home/mwalk/Documents/learning-go/main.go:38:48 expected operand, found ')' (compile)
/home/mwalk/Documents/learning-go/main.go:40:2 missing ',' in argument list (compile)
/home/mwalk/Documents/learning-go/main.go:41:45 missing ',' before newline in argument list (compile)
/home/mwalk/Documents/learning-go/main.go:42:2 expected operand, found '}' (compile)
/home/mwalk/Documents/learning-go/main.go:44:3 missing ',' in argument list (compile)

Starting linting the current package at /home/mwalk/Documents/learning-go
/home/mwalk/Documents/learning-go>Finished running tool: /home/mwalk/go/bin/staticcheck
/home/mwalk/Documents/learning-go/main.go:38:50 expected selector or type assertion, found ')' (compile)
/home/mwalk/Documents/learning-go/main.go:40:2 expected operand, found 'if' (compile)
/home/mwalk/Documents/learning-go/main.go:41:45 missing ',' before newline in argument list (compile)
/home/mwalk/Documents/learning-go/main.go:42:2 expected operand, found '}' (compile)
/home/mwalk/Documents/learning-go/main.go:44:3 missing ',' in argument list (compile)

Starting linting the current package at /home/mwalk/Documents/learning-go
/home/mwalk/Documents/learning-go>Finished running tool: /home/mwalk/go/bin/staticcheck
/home/mwalk/Documents/learning-go/main.go:30:67 os.Kill cannot be trapped (did you mean syscall.SIGTERM?) (SA1016)

Starting linting the current package at /home/mwalk/Documents/learning-go
/home/mwalk/Documents/learning-go>Finished running tool: /home/mwalk/go/bin/staticcheck
/home/mwalk/Documents/learning-go/main.go:30:67 os.Kill cannot be trapped (did you mean syscall.SIGTERM?) (SA1016)

Starting linting the current package at /home/mwalk/Documents/learning-go
/home/mwalk/Documents/learning-go>Finished running tool: /home/mwalk/go/bin/staticcheck
/home/mwalk/Documents/learning-go/main.go:30:67 os.Kill cannot be trapped (did you mean syscall.SIGTERM?) (SA1016)

Starting linting the current package at /home/mwalk/Documents/learning-go
/home/mwalk/Documents/learning-go>Finished running tool: /home/mwalk/go/bin/staticcheck
/home/mwalk/Documents/learning-go/main.go:30:67 os.Kill cannot be trapped (did you mean syscall.SIGTERM?) (SA1016)

Starting linting the current package at /home/mwalk/Documents/learning-go
/home/mwalk/Documents/learning-go>Finished running tool: /home/mwalk/go/bin/staticcheck
/home/mwalk/Documents/learning-go/main.go:42:1 expected operand, found '}' (compile)

Starting linting the current package at /home/mwalk/Documents/learning-go
/home/mwalk/Documents/learning-go>Finished running tool: /home/mwalk/go/bin/staticcheck
/home/mwalk/Documents/learning-go/main.go:42:1 expected operand, found '}' (compile)

Starting linting the current package at /home/mwalk/Documents/learning-go
/home/mwalk/Documents/learning-go>Finished running tool: /home/mwalk/go/bin/staticcheck
/home/mwalk/Documents/learning-go/main.go:38:5 expected operand, found ')' (compile)
/home/mwalk/Documents/learning-go/main.go:42:3 expected ')', found 'EOF' (compile)

Starting linting the current package at /home/mwalk/Documents/learning-go
/home/mwalk/Documents/learning-go>Finished running tool: /home/mwalk/go/bin/staticcheck
/home/mwalk/Documents/learning-go/main.go:38:7 expected selector or type assertion, found ')' (compile)
/home/mwalk/Documents/learning-go/main.go:40:2 expected ';', found s (compile)
/home/mwalk/Documents/learning-go/main.go:42:3 expected '{', found 'EOF' (compile)

Starting linting the current package at /home/mwalk/Documents/learning-go
/home/mwalk/Documents/learning-go>Finished running tool: /home/mwalk/go/bin/staticcheck
/home/mwalk/Documents/learning-go/main.go:40:66 expected '{', found newline (compile)
/home/mwalk/Documents/learning-go/main.go:42:3 expected '}', found 'EOF' (compile)

Starting linting the current package at /home/mwalk/Documents/learning-go
/home/mwalk/Documents/learning-go>Finished running tool: /home/mwalk/go/bin/staticcheck
/home/mwalk/Documents/learning-go/main.go:38:20 expected operand, found ')' (compile)
/home/mwalk/Documents/learning-go/main.go:42:3 expected ')', found 'EOF' (compile)

Starting linting the current package at /home/mwalk/Documents/learning-go
/home/mwalk/Documents/learning-go>Finished running tool: /home/mwalk/go/bin/staticcheck
/home/mwalk/Documents/learning-go/main.go:40:66 expected '{', found newline (compile)
/home/mwalk/Documents/learning-go/main.go:42:3 expected '}', found 'EOF' (compile)

Starting linting the current package at /home/mwalk/Documents/learning-go
/home/mwalk/Documents/learning-go>Finished running tool: /home/mwalk/go/bin/staticcheck
/home/mwalk/Documents/learning-go/main.go:38:28 expected selector or type assertion, found ')' (compile)
/home/mwalk/Documents/learning-go/main.go:40:2 expected ';', found s (compile)
/home/mwalk/Documents/learning-go/main.go:42:3 expected '{', found 'EOF' (compile)

Starting linting the current package at /home/mwalk/Documents/learning-go
/home/mwalk/Documents/learning-go>Finished running tool: /home/mwalk/go/bin/staticcheck
/home/mwalk/Documents/learning-go/main.go:40:66 expected '{', found newline (compile)
/home/mwalk/Documents/learning-go/main.go:42:3 expected '}', found 'EOF' (compile)

Starting linting the current package at /home/mwalk/Documents/learning-go
/home/mwalk/Documents/learning-go>Finished running tool: /home/mwalk/go/bin/staticcheck
/home/mwalk/Documents/learning-go/main.go:38:22 expected selector or type assertion, found ')' (compile)
/home/mwalk/Documents/learning-go/main.go:40:2 expected ';', found s (compile)
/home/mwalk/Documents/learning-go/main.go:42:3 expected '{', found 'EOF' (compile)

Starting linting the current package at /home/mwalk/Documents/learning-go
/home/mwalk/Documents/learning-go>Finished running tool: /home/mwalk/go/bin/staticcheck
/home/mwalk/Documents/learning-go/main.go:38:29 expected selector or type assertion, found ')' (compile)
/home/mwalk/Documents/learning-go/main.go:40:2 expected ';', found s (compile)
/home/mwalk/Documents/learning-go/main.go:42:3 expected '{', found 'EOF' (compile)

Starting linting the current package at /home/mwalk/Documents/learning-go
/home/mwalk/Documents/learning-go>Finished running tool: /home/mwalk/go/bin/staticcheck
/home/mwalk/Documents/learning-go/main.go:40:66 expected '{', found newline (compile)
/home/mwalk/Documents/learning-go/main.go:42:3 expected '}', found 'EOF' (compile)

Starting linting the current package at /home/mwalk/Documents/learning-go
/home/mwalk/Documents/learning-go>Finished running tool: /home/mwalk/go/bin/staticcheck
/home/mwalk/Documents/learning-go/main.go:40:66 expected ')', found newline (compile)
/home/mwalk/Documents/learning-go/main.go:42:1 expected ';', found '}' (compile)

Starting linting the current package at /home/mwalk/Documents/learning-go
/home/mwalk/Documents/learning-go>Finished running tool: /home/mwalk/go/bin/staticcheck
/home/mwalk/Documents/learning-go/main.go:38:22 expected selector or type assertion, found ')' (compile)
/home/mwalk/Documents/learning-go/main.go:40:2 expected ';', found s (compile)
/home/mwalk/Documents/learning-go/main.go:42:3 expected '{', found 'EOF' (compile)

Starting linting the current package at /home/mwalk/Documents/learning-go
/home/mwalk/Documents/learning-go>Finished running tool: /home/mwalk/go/bin/staticcheck
/home/mwalk/Documents/learning-go/main.go:38:32 expected selector or type assertion, found ')' (compile)
/home/mwalk/Documents/learning-go/main.go:40:2 expected ';', found s (compile)
/home/mwalk/Documents/learning-go/main.go:42:3 expected '{', found 'EOF' (compile)

Starting linting the current package at /home/mwalk/Documents/learning-go
/home/mwalk/Documents/learning-go>Finished running tool: /home/mwalk/go/bin/staticcheck
/home/mwalk/Documents/learning-go/main.go:38:32 expected selector or type assertion, found ')' (compile)
/home/mwalk/Documents/learning-go/main.go:40:2 expected ';', found s (compile)
/home/mwalk/Documents/learning-go/main.go:42:3 expected '{', found 'EOF' (compile)

Starting linting the current package at /home/mwalk/Documents/learning-go
/home/mwalk/Documents/learning-go>Finished running tool: /home/mwalk/go/bin/staticcheck
/home/mwalk/Documents/learning-go/main.go:38:22 expected selector or type assertion, found ')' (compile)
/home/mwalk/Documents/learning-go/main.go:40:2 expected ';', found s (compile)
/home/mwalk/Documents/learning-go/main.go:42:3 expected '{', found 'EOF' (compile)

Starting linting the current package at /home/mwalk/Documents/learning-go
/home/mwalk/Documents/learning-go>Finished running tool: /home/mwalk/go/bin/staticcheck
/home/mwalk/Documents/learning-go/main.go:38:31 expected selector or type assertion, found ')' (compile)
/home/mwalk/Documents/learning-go/main.go:40:2 expected ';', found s (compile)
/home/mwalk/Documents/learning-go/main.go:42:3 expected '{', found 'EOF' (compile)

Starting linting the current package at /home/mwalk/Documents/learning-go
/home/mwalk/Documents/learning-go>Finished running tool: /home/mwalk/go/bin/staticcheck
/home/mwalk/Documents/learning-go/main.go:38:22 expected selector or type assertion, found ')' (compile)
/home/mwalk/Documents/learning-go/main.go:40:2 expected ';', found s (compile)
/home/mwalk/Documents/learning-go/main.go:42:3 expected '{', found 'EOF' (compile)

Starting linting the current package at /home/mwalk/Documents/learning-go
/home/mwalk/Documents/learning-go>Finished running tool: /home/mwalk/go/bin/staticcheck
/home/mwalk/Documents/learning-go/main.go:38:22 expected selector or type assertion, found ')' (compile)
/home/mwalk/Documents/learning-go/main.go:40:2 expected ';', found s (compile)
/home/mwalk/Documents/learning-go/main.go:42:3 expected '{', found 'EOF' (compile)

Starting linting the current package at /home/mwalk/Documents/learning-go
/home/mwalk/Documents/learning-go>Finished running tool: /home/mwalk/go/bin/staticcheck
/home/mwalk/Documents/learning-go/main.go:40:66 expected '{', found newline (compile)
/home/mwalk/Documents/learning-go/main.go:42:3 expected '}', found 'EOF' (compile)

Starting linting the current package at /home/mwalk/Documents/learning-go
/home/mwalk/Documents/learning-go>Finished running tool: /home/mwalk/go/bin/staticcheck
/home/mwalk/Documents/learning-go/main.go:38:27 expected operand, found '.' (compile)
/home/mwalk/Documents/learning-go/main.go:42:3 missing ',' in argument list (compile)

Starting linting the current package at /home/mwalk/Documents/learning-go
/home/mwalk/Documents/learning-go>Finished running tool: /home/mwalk/go/bin/staticcheck
/home/mwalk/Documents/learning-go/main.go:38:22 expected selector or type assertion, found ')' (compile)
/home/mwalk/Documents/learning-go/main.go:40:2 expected ';', found s (compile)
/home/mwalk/Documents/learning-go/main.go:42:3 expected '{', found 'EOF' (compile)

Starting linting the current package at /home/mwalk/Documents/learning-go
/home/mwalk/Documents/learning-go>Finished running tool: /home/mwalk/go/bin/staticcheck
/home/mwalk/Documents/learning-go/main.go:40:66 expected '{', found newline (compile)
/home/mwalk/Documents/learning-go/main.go:42:3 expected '}', found 'EOF' (compile)

Starting linting the current package at /home/mwalk/Documents/learning-go
/home/mwalk/Documents/learning-go>Finished running tool: /home/mwalk/go/bin/staticcheck
/home/mwalk/Documents/learning-go/main.go:40:66 expected '{', found newline (compile)
/home/mwalk/Documents/learning-go/main.go:42:3 expected '}', found 'EOF' (compile)

Starting linting the current package at /home/mwalk/Documents/learning-go
/home/mwalk/Documents/learning-go>Finished running tool: /home/mwalk/go/bin/staticcheck
/home/mwalk/Documents/learning-go/main.go:40:66 expected '{', found newline (compile)
/home/mwalk/Documents/learning-go/main.go:42:3 expected '}', found 'EOF' (compile)

Starting linting the current package at /home/mwalk/Documents/learning-go
/home/mwalk/Documents/learning-go>Finished running tool: /home/mwalk/go/bin/staticcheck
/home/mwalk/Documents/learning-go/main.go:40:66 expected '{', found newline (compile)
/home/mwalk/Documents/learning-go/main.go:42:3 expected '}', found 'EOF' (compile)

Starting linting the current package at /home/mwalk/Documents/learning-go
/home/mwalk/Documents/learning-go>Finished running tool: /home/mwalk/go/bin/staticcheck
/home/mwalk/Documents/learning-go/main.go:30:67 os.Kill cannot be trapped (did you mean syscall.SIGTERM?) (SA1016)
/home/mwalk/Documents/learning-go/main.go:38:2 empty branch (SA9003)

Starting linting the current package at /home/mwalk/Documents/learning-go
/home/mwalk/Documents/learning-go>Finished running tool: /home/mwalk/go/bin/staticcheck
/home/mwalk/Documents/learning-go/main.go:30:67 os.Kill cannot be trapped (did you mean syscall.SIGTERM?) (SA1016)

Starting linting the current package at /home/mwalk/Documents/learning-go
/home/mwalk/Documents/learning-go>Finished running tool: /home/mwalk/go/bin/staticcheck
/home/mwalk/Documents/learning-go/main.go:30:67 os.Kill cannot be trapped (did you mean syscall.SIGTERM?) (SA1016)

Starting linting the current package at /home/mwalk/Documents/learning-go
/home/mwalk/Documents/learning-go>Finished running tool: /home/mwalk/go/bin/staticcheck
/home/mwalk/Documents/learning-go/main.go:31:67 os.Kill cannot be trapped (did you mean syscall.SIGTERM?) (SA1016)

