[2021-09-03 23:36:45.256] [sharedprocess] [info] Installing extension: golang.go
[2021-09-03 23:36:45.256] [sharedprocess] [info] Installing extension: ms-azuretools.vscode-docker
[2021-09-03 23:36:45.257] [sharedprocess] [info] Installing extension: ms-dotnettools.csharp
[2021-09-03 23:36:45.257] [sharedprocess] [info] Installing extension: ms-python.python
[2021-09-03 23:36:45.258] [sharedprocess] [info] Installing extension: ms-python.vscode-pylance
[2021-09-03 23:36:45.258] [sharedprocess] [info] Installing extension: ms-vsliveshare.vsliveshare
[2021-09-03 23:36:45.258] [sharedprocess] [info] Installing extension: zbr.vscode-ansible
[2021-09-03 23:36:48.043] [sharedprocess] [info] Downloaded extension: golang.go /home/mwalk/.config/Code/CachedExtensionVSIXs/golang.go-0.27.2
[2021-09-03 23:36:48.058] [sharedprocess] [info] Downloaded extension: ms-dotnettools.csharp /home/mwalk/.config/Code/CachedExtensionVSIXs/ms-dotnettools.csharp-1.23.15
[2021-09-03 23:36:48.110] [sharedprocess] [info] Extracted extension to /home/mwalk/.vscode/extensions/.eaabd6ce-ac24-4206-a9e1-dba28e7d4695: ms-dotnettools.csharp
[2021-09-03 23:36:48.115] [sharedprocess] [info] Renamed to /home/mwalk/.vscode/extensions/ms-dotnettools.csharp-1.23.15
[2021-09-03 23:36:48.117] [sharedprocess] [info] Installation completed. ms-dotnettools.csharp
[2021-09-03 23:36:48.123] [sharedprocess] [info] Extensions installed successfully: ms-dotnettools.csharp
[2021-09-03 23:36:48.138] [sharedprocess] [info] Extracted extension to /home/mwalk/.vscode/extensions/.75b90afc-3929-416e-b54b-3294882b15b4: golang.go
[2021-09-03 23:36:48.141] [sharedprocess] [info] Renamed to /home/mwalk/.vscode/extensions/golang.go-0.27.2
[2021-09-03 23:36:48.142] [sharedprocess] [info] Installation completed. golang.go
[2021-09-03 23:36:48.145] [sharedprocess] [info] Extensions installed successfully: golang.go
[2021-09-03 23:36:49.334] [sharedprocess] [info] Downloaded extension: ms-azuretools.vscode-docker /home/mwalk/.config/Code/CachedExtensionVSIXs/ms-azuretools.vscode-docker-1.16.1
[2021-09-03 23:36:49.390] [sharedprocess] [info] Extracted extension to /home/mwalk/.vscode/extensions/.d0d32c5a-b682-4528-b5c1-113befb144e8: ms-azuretools.vscode-docker
[2021-09-03 23:36:49.394] [sharedprocess] [info] Renamed to /home/mwalk/.vscode/extensions/ms-azuretools.vscode-docker-1.16.1
[2021-09-03 23:36:49.395] [sharedprocess] [info] Installation completed. ms-azuretools.vscode-docker
[2021-09-03 23:36:49.398] [sharedprocess] [info] Extensions installed successfully: ms-azuretools.vscode-docker
[2021-09-03 23:36:49.933] [sharedprocess] [info] Downloaded extension: zbr.vscode-ansible /home/mwalk/.config/Code/CachedExtensionVSIXs/zbr.vscode-ansible-0.4.6
[2021-09-03 23:36:50.817] [sharedprocess] [info] Extracted extension to /home/mwalk/.vscode/extensions/.d23aea15-1dca-4029-a0db-7a350e8f9c33: zbr.vscode-ansible
[2021-09-03 23:36:50.821] [sharedprocess] [info] Renamed to /home/mwalk/.vscode/extensions/zbr.vscode-ansible-0.4.6
[2021-09-03 23:36:50.821] [sharedprocess] [info] Installation completed. zbr.vscode-ansible
[2021-09-03 23:36:50.824] [sharedprocess] [info] Extensions installed successfully: zbr.vscode-ansible
[2021-09-03 23:36:52.059] [sharedprocess] [info] [logs cleanup]: Starting to clean up old logs.
[2021-09-03 23:36:59.546] [sharedprocess] [info] Downloaded extension: ms-vsliveshare.vsliveshare /home/mwalk/.config/Code/CachedExtensionVSIXs/ms-vsliveshare.vsliveshare-1.0.4761
[2021-09-03 23:36:59.891] [sharedprocess] [info] Extracted extension to /home/mwalk/.vscode/extensions/.8ef661e3-69d8-4736-944c-ce3b65b303b4: ms-vsliveshare.vsliveshare
[2021-09-03 23:36:59.895] [sharedprocess] [info] Renamed to /home/mwalk/.vscode/extensions/ms-vsliveshare.vsliveshare-1.0.4761
[2021-09-03 23:36:59.896] [sharedprocess] [info] Installation completed. ms-vsliveshare.vsliveshare
[2021-09-03 23:36:59.900] [sharedprocess] [info] Extensions installed successfully: ms-vsliveshare.vsliveshare
[2021-09-03 23:37:01.750] [sharedprocess] [info] Downloaded extension: ms-python.vscode-pylance /home/mwalk/.config/Code/CachedExtensionVSIXs/ms-python.vscode-pylance-2021.9.0
[2021-09-03 23:37:02.159] [sharedprocess] [info] Downloaded extension: ms-python.python /home/mwalk/.config/Code/CachedExtensionVSIXs/ms-python.python-2021.8.1159798656
[2021-09-03 23:37:03.386] [sharedprocess] [info] Extracted extension to /home/mwalk/.vscode/extensions/.23971485-db15-48e8-8d73-219e0f4be2c7: ms-python.vscode-pylance
[2021-09-03 23:37:03.399] [sharedprocess] [info] Renamed to /home/mwalk/.vscode/extensions/ms-python.vscode-pylance-2021.9.0
[2021-09-03 23:37:03.400] [sharedprocess] [info] Installation completed. ms-python.vscode-pylance
[2021-09-03 23:37:03.404] [sharedprocess] [info] Extensions installed successfully: ms-python.vscode-pylance
[2021-09-03 23:37:03.741] [sharedprocess] [info] Extracted extension to /home/mwalk/.vscode/extensions/.25e1131f-b51d-4b0a-a77a-7742286cd7e4: ms-python.python
[2021-09-03 23:37:03.747] [sharedprocess] [info] Renamed to /home/mwalk/.vscode/extensions/ms-python.python-2021.8.1159798656
[2021-09-03 23:37:03.748] [sharedprocess] [info] Installation completed. ms-python.python
[2021-09-03 23:37:03.753] [sharedprocess] [info] Extensions installed successfully: ms-python.python
[2021-09-03 23:37:12.060] [sharedprocess] [info] [code cache cleanup]: Starting to clean up old code cache folders.
[2021-09-03 23:37:12.061] [sharedprocess] [info] [storage cleanup]: Starting to clean up storage folders.
[2021-09-03 23:37:22.061] [sharedprocess] [info] [language pack cache cleanup]: Starting to clean up unused language packs.
