[2021-09-08 21:54:53.375] [exthost] [info] extension host started
[2021-09-08 21:54:53.375] [exthost] [info] Skipping acquiring lock for /home/mwalk/.config/Code/User/workspaceStorage/a4d0324ba647f0c263db759e09a945ef.
[2021-09-08 21:54:53.419] [exthost] [info] ExtensionService#_doActivateExtension bilal-arikan.csharp-auto-formatter {"startup":false,"extensionId":{"value":"bilal-arikan.csharp-auto-formatter","_lower":"bilal-arikan.csharp-auto-formatter"},"activationEvent":"onFileSystem:file"}
[2021-09-08 21:54:53.419] [exthost] [info] ExtensionService#loadCommonJSModule file:///home/mwalk/.vscode/extensions/bilal-arikan.csharp-auto-formatter-0.1.0/out/src/extension
[2021-09-08 21:54:53.420] [exthost] [info] ExtensionService#_doActivateExtension vscode.microsoft-authentication {"startup":false,"extensionId":{"value":"vscode.microsoft-authentication","_lower":"vscode.microsoft-authentication"},"activationEvent":"onAuthenticationRequest:microsoft"}
[2021-09-08 21:54:53.420] [exthost] [info] ExtensionService#loadCommonJSModule file:///opt/visual-studio-code/resources/app/extensions/microsoft-authentication/dist/extension.js
[2021-09-08 21:54:53.424] [exthost] [info] ExtensionService#_doActivateExtension vscode.configuration-editing {"startup":false,"extensionId":{"value":"vscode.configuration-editing","_lower":"vscode.configuration-editing"},"activationEvent":"onLanguage:json"}
[2021-09-08 21:54:53.424] [exthost] [info] ExtensionService#loadCommonJSModule file:///opt/visual-studio-code/resources/app/extensions/configuration-editing/dist/configurationEditingMain
[2021-09-08 21:54:53.426] [exthost] [info] ExtensionService#_doActivateExtension vscode.extension-editing {"startup":false,"extensionId":{"value":"vscode.extension-editing","_lower":"vscode.extension-editing"},"activationEvent":"onLanguage:json"}
[2021-09-08 21:54:53.427] [exthost] [info] ExtensionService#loadCommonJSModule file:///opt/visual-studio-code/resources/app/extensions/extension-editing/dist/extensionEditingMain
[2021-09-08 21:54:53.429] [exthost] [info] ExtensionService#_doActivateExtension vscode.json-language-features {"startup":false,"extensionId":{"value":"vscode.json-language-features","_lower":"vscode.json-language-features"},"activationEvent":"onLanguage:json"}
[2021-09-08 21:54:53.429] [exthost] [info] ExtensionService#loadCommonJSModule file:///opt/visual-studio-code/resources/app/extensions/json-language-features/client/dist/node/jsonClientMain
[2021-09-08 21:54:53.452] [exthost] [info] ExtensionService#_doActivateExtension vscode.npm {"startup":false,"extensionId":{"value":"vscode.npm","_lower":"vscode.npm"},"activationEvent":"onLanguage:json"}
[2021-09-08 21:54:53.452] [exthost] [info] ExtensionService#loadCommonJSModule file:///opt/visual-studio-code/resources/app/extensions/npm/dist/npmMain
[2021-09-08 21:54:53.456] [exthost] [info] ExtensionService#_doActivateExtension eg2.vscode-npm-script {"startup":false,"extensionId":{"value":"eg2.vscode-npm-script","_lower":"eg2.vscode-npm-script"},"activationEvent":"onLanguage:json"}
[2021-09-08 21:54:53.456] [exthost] [info] ExtensionService#loadCommonJSModule file:///home/mwalk/.vscode/extensions/eg2.vscode-npm-script-0.3.22/dist/extension
[2021-09-08 21:54:53.457] [exthost] [info] ExtensionService#_doActivateExtension vscode.debug-auto-launch {"startup":true,"extensionId":{"value":"vscode.debug-auto-launch","_lower":"vscode.debug-auto-launch"},"activationEvent":"*"}
[2021-09-08 21:54:53.457] [exthost] [info] ExtensionService#loadCommonJSModule file:///opt/visual-studio-code/resources/app/extensions/debug-auto-launch/dist/extension
[2021-09-08 21:54:53.458] [exthost] [info] ExtensionService#_doActivateExtension vscode.git {"startup":true,"extensionId":{"value":"vscode.github","_lower":"vscode.github"},"activationEvent":"*"}
[2021-09-08 21:54:53.458] [exthost] [info] ExtensionService#loadCommonJSModule file:///opt/visual-studio-code/resources/app/extensions/git/dist/main
[2021-09-08 21:54:53.466] [exthost] [info] ExtensionService#_doActivateExtension christian-kohler.path-intellisense {"startup":true,"extensionId":{"value":"christian-kohler.path-intellisense","_lower":"christian-kohler.path-intellisense"},"activationEvent":"*"}
[2021-09-08 21:54:53.466] [exthost] [info] ExtensionService#loadCommonJSModule file:///home/mwalk/.vscode/extensions/christian-kohler.path-intellisense-2.4.0/out/extension.js
[2021-09-08 21:54:53.472] [exthost] [info] ExtensionService#_doActivateExtension ecmel.vscode-html-css {"startup":true,"extensionId":{"value":"ecmel.vscode-html-css","_lower":"ecmel.vscode-html-css"},"activationEvent":"*"}
[2021-09-08 21:54:53.472] [exthost] [info] ExtensionService#loadCommonJSModule file:///home/mwalk/.vscode/extensions/ecmel.vscode-html-css-1.10.2/dist/extension.js
[2021-09-08 21:54:53.479] [exthost] [info] ExtensionService#_doActivateExtension HookyQR.beautify {"startup":true,"extensionId":{"value":"HookyQR.beautify","_lower":"hookyqr.beautify"},"activationEvent":"*"}
[2021-09-08 21:54:53.479] [exthost] [info] ExtensionService#loadCommonJSModule file:///home/mwalk/.vscode/extensions/hookyqr.beautify-1.5.0/extension
[2021-09-08 21:54:53.490] [exthost] [info] ExtensionService#_doActivateExtension icrawl.discord-vscode {"startup":true,"extensionId":{"value":"icrawl.discord-vscode","_lower":"icrawl.discord-vscode"},"activationEvent":"*"}
[2021-09-08 21:54:53.490] [exthost] [info] ExtensionService#loadCommonJSModule file:///home/mwalk/.vscode/extensions/icrawl.discord-vscode-5.7.0/dist/extension
[2021-09-08 21:54:53.494] [exthost] [info] ExtensionService#_doActivateExtension ms-vsliveshare.vsliveshare {"startup":true,"extensionId":{"value":"ms-vsliveshare.vsliveshare","_lower":"ms-vsliveshare.vsliveshare"},"activationEvent":"*"}
[2021-09-08 21:54:53.494] [exthost] [info] ExtensionService#loadCommonJSModule file:///home/mwalk/.vscode/extensions/ms-vsliveshare.vsliveshare-1.0.4761/out/prod/extension-prod
[2021-09-08 21:54:53.591] [exthost] [info] ExtensionService#_doActivateExtension naumovs.color-highlight {"startup":true,"extensionId":{"value":"naumovs.color-highlight","_lower":"naumovs.color-highlight"},"activationEvent":"*"}
[2021-09-08 21:54:53.592] [exthost] [info] ExtensionService#loadCommonJSModule file:///home/mwalk/.vscode/extensions/naumovs.color-highlight-2.4.0/dist/extension
[2021-09-08 21:54:53.598] [exthost] [info] ExtensionService#_doActivateExtension swyphcosmo.spellchecker {"startup":true,"extensionId":{"value":"swyphcosmo.spellchecker","_lower":"swyphcosmo.spellchecker"},"activationEvent":"*"}
[2021-09-08 21:54:53.598] [exthost] [info] ExtensionService#loadCommonJSModule file:///home/mwalk/.vscode/extensions/swyphcosmo.spellchecker-1.3.0/out/src/extension
[2021-09-08 21:54:53.903] [exthost] [info] ExtensionService#_doActivateExtension ms-vscode.js-debug {"startup":false,"extensionId":{"value":"ms-vscode.js-debug","_lower":"ms-vscode.js-debug"},"activationEvent":"onCommand:extension.js-debug.clearAutoAttachVariables"}
[2021-09-08 21:54:53.903] [exthost] [info] ExtensionService#loadCommonJSModule file:///opt/visual-studio-code/resources/app/extensions/ms-vscode.js-debug/src/extension.js
[2021-09-08 21:54:53.955] [exthost] [info] ExtensionService#_doActivateExtension vscode.github {"startup":false,"extensionId":{"value":"vscode.github","_lower":"vscode.github"},"activationEvent":"*"}
[2021-09-08 21:54:53.955] [exthost] [info] ExtensionService#loadCommonJSModule file:///opt/visual-studio-code/resources/app/extensions/github/dist/extension.js
[2021-09-08 21:54:53.974] [exthost] [info] ExtensionService#_doActivateExtension vscode.github-authentication {"startup":false,"extensionId":{"value":"vscode.github-authentication","_lower":"vscode.github-authentication"},"activationEvent":"onAuthenticationRequest:github"}
[2021-09-08 21:54:53.974] [exthost] [info] ExtensionService#loadCommonJSModule file:///opt/visual-studio-code/resources/app/extensions/github-authentication/dist/extension.js
[2021-09-08 21:54:54.628] [exthost] [info] eager extensions activated
[2021-09-08 21:54:54.636] [exthost] [info] ExtensionService#_doActivateExtension vscode.emmet {"startup":false,"extensionId":{"value":"vscode.emmet","_lower":"vscode.emmet"},"activationEvent":"onStartupFinished"}
[2021-09-08 21:54:54.636] [exthost] [info] ExtensionService#loadCommonJSModule file:///opt/visual-studio-code/resources/app/extensions/emmet/dist/node/emmetNodeMain
[2021-09-08 21:54:54.639] [exthost] [info] ExtensionService#_doActivateExtension vscode.merge-conflict {"startup":false,"extensionId":{"value":"vscode.merge-conflict","_lower":"vscode.merge-conflict"},"activationEvent":"onStartupFinished"}
[2021-09-08 21:54:54.639] [exthost] [info] ExtensionService#loadCommonJSModule file:///opt/visual-studio-code/resources/app/extensions/merge-conflict/dist/mergeConflictMain
[2021-09-08 21:54:54.640] [exthost] [info] ExtensionService#_doActivateExtension vscode.testing-editor-contributions {"startup":false,"extensionId":{"value":"vscode.testing-editor-contributions","_lower":"vscode.testing-editor-contributions"},"activationEvent":"onStartupFinished"}
[2021-09-08 21:54:54.640] [exthost] [info] ExtensionService#loadCommonJSModule file:///opt/visual-studio-code/resources/app/extensions/testing-editor-contributions/dist/extension.js
[2021-09-08 21:54:54.640] [exthost] [info] ExtensionService#_doActivateExtension CoenraadS.bracket-pair-colorizer-2 {"startup":false,"extensionId":{"value":"CoenraadS.bracket-pair-colorizer-2","_lower":"coenraads.bracket-pair-colorizer-2"},"activationEvent":"onStartupFinished"}
[2021-09-08 21:54:54.640] [exthost] [info] ExtensionService#loadCommonJSModule file:///home/mwalk/.vscode/extensions/coenraads.bracket-pair-colorizer-2-0.2.1/out/src/extension
[2021-09-08 21:54:54.646] [exthost] [info] ExtensionService#_doActivateExtension dbaeumer.vscode-eslint {"startup":false,"extensionId":{"value":"dbaeumer.vscode-eslint","_lower":"dbaeumer.vscode-eslint"},"activationEvent":"onStartupFinished"}
[2021-09-08 21:54:54.646] [exthost] [info] ExtensionService#loadCommonJSModule file:///home/mwalk/.vscode/extensions/dbaeumer.vscode-eslint-2.1.23/client/out/extension
[2021-09-08 21:55:10.649] [exthost] [info] extension host terminating: renderer closed the socket
[2021-09-08 21:55:11.556] [exthost] [info] extension host started
[2021-09-08 21:55:11.556] [exthost] [info] Skipping acquiring lock for /home/mwalk/.config/Code/User/workspaceStorage/f419ce41cc6f57d3f6c1748ae3537d12.
[2021-09-08 21:55:11.582] [exthost] [info] ExtensionService#_doActivateExtension bilal-arikan.csharp-auto-formatter {"startup":false,"extensionId":{"value":"bilal-arikan.csharp-auto-formatter","_lower":"bilal-arikan.csharp-auto-formatter"},"activationEvent":"onFileSystem:file"}
[2021-09-08 21:55:11.582] [exthost] [info] ExtensionService#loadCommonJSModule file:///home/mwalk/.vscode/extensions/bilal-arikan.csharp-auto-formatter-0.1.0/out/src/extension
[2021-09-08 21:55:11.583] [exthost] [info] ExtensionService#_doActivateExtension vscode.microsoft-authentication {"startup":false,"extensionId":{"value":"vscode.microsoft-authentication","_lower":"vscode.microsoft-authentication"},"activationEvent":"onAuthenticationRequest:microsoft"}
[2021-09-08 21:55:11.583] [exthost] [info] ExtensionService#loadCommonJSModule file:///opt/visual-studio-code/resources/app/extensions/microsoft-authentication/dist/extension.js
[2021-09-08 21:55:11.586] [exthost] [info] ExtensionService#_doActivateExtension vscode.debug-auto-launch {"startup":true,"extensionId":{"value":"vscode.debug-auto-launch","_lower":"vscode.debug-auto-launch"},"activationEvent":"*"}
[2021-09-08 21:55:11.586] [exthost] [info] ExtensionService#loadCommonJSModule file:///opt/visual-studio-code/resources/app/extensions/debug-auto-launch/dist/extension
[2021-09-08 21:55:11.587] [exthost] [info] ExtensionService#_doActivateExtension vscode.git {"startup":true,"extensionId":{"value":"vscode.github","_lower":"vscode.github"},"activationEvent":"*"}
[2021-09-08 21:55:11.587] [exthost] [info] ExtensionService#loadCommonJSModule file:///opt/visual-studio-code/resources/app/extensions/git/dist/main
[2021-09-08 21:55:11.595] [exthost] [info] ExtensionService#_doActivateExtension christian-kohler.path-intellisense {"startup":true,"extensionId":{"value":"christian-kohler.path-intellisense","_lower":"christian-kohler.path-intellisense"},"activationEvent":"*"}
[2021-09-08 21:55:11.595] [exthost] [info] ExtensionService#loadCommonJSModule file:///home/mwalk/.vscode/extensions/christian-kohler.path-intellisense-2.4.0/out/extension.js
[2021-09-08 21:55:11.600] [exthost] [info] ExtensionService#_doActivateExtension ecmel.vscode-html-css {"startup":true,"extensionId":{"value":"ecmel.vscode-html-css","_lower":"ecmel.vscode-html-css"},"activationEvent":"*"}
[2021-09-08 21:55:11.600] [exthost] [info] ExtensionService#loadCommonJSModule file:///home/mwalk/.vscode/extensions/ecmel.vscode-html-css-1.10.2/dist/extension.js
[2021-09-08 21:55:11.607] [exthost] [info] ExtensionService#_doActivateExtension HookyQR.beautify {"startup":true,"extensionId":{"value":"HookyQR.beautify","_lower":"hookyqr.beautify"},"activationEvent":"*"}
[2021-09-08 21:55:11.607] [exthost] [info] ExtensionService#loadCommonJSModule file:///home/mwalk/.vscode/extensions/hookyqr.beautify-1.5.0/extension
[2021-09-08 21:55:11.618] [exthost] [info] ExtensionService#_doActivateExtension icrawl.discord-vscode {"startup":true,"extensionId":{"value":"icrawl.discord-vscode","_lower":"icrawl.discord-vscode"},"activationEvent":"*"}
[2021-09-08 21:55:11.618] [exthost] [info] ExtensionService#loadCommonJSModule file:///home/mwalk/.vscode/extensions/icrawl.discord-vscode-5.7.0/dist/extension
[2021-09-08 21:55:11.622] [exthost] [info] ExtensionService#_doActivateExtension ms-vsliveshare.vsliveshare {"startup":true,"extensionId":{"value":"ms-vsliveshare.vsliveshare","_lower":"ms-vsliveshare.vsliveshare"},"activationEvent":"*"}
[2021-09-08 21:55:11.622] [exthost] [info] ExtensionService#loadCommonJSModule file:///home/mwalk/.vscode/extensions/ms-vsliveshare.vsliveshare-1.0.4761/out/prod/extension-prod
[2021-09-08 21:55:11.658] [exthost] [info] exiting with code 0
[2021-09-08 21:55:11.718] [exthost] [info] ExtensionService#_doActivateExtension naumovs.color-highlight {"startup":true,"extensionId":{"value":"naumovs.color-highlight","_lower":"naumovs.color-highlight"},"activationEvent":"*"}
[2021-09-08 21:55:11.718] [exthost] [info] ExtensionService#loadCommonJSModule file:///home/mwalk/.vscode/extensions/naumovs.color-highlight-2.4.0/dist/extension
[2021-09-08 21:55:11.724] [exthost] [info] ExtensionService#_doActivateExtension swyphcosmo.spellchecker {"startup":true,"extensionId":{"value":"swyphcosmo.spellchecker","_lower":"swyphcosmo.spellchecker"},"activationEvent":"*"}
[2021-09-08 21:55:11.725] [exthost] [info] ExtensionService#loadCommonJSModule file:///home/mwalk/.vscode/extensions/swyphcosmo.spellchecker-1.3.0/out/src/extension
[2021-09-08 21:55:11.983] [exthost] [info] ExtensionService#_doActivateExtension ms-vscode.js-debug {"startup":false,"extensionId":{"value":"ms-vscode.js-debug","_lower":"ms-vscode.js-debug"},"activationEvent":"onCommand:extension.js-debug.clearAutoAttachVariables"}
[2021-09-08 21:55:11.983] [exthost] [info] ExtensionService#loadCommonJSModule file:///opt/visual-studio-code/resources/app/extensions/ms-vscode.js-debug/src/extension.js
[2021-09-08 21:55:12.034] [exthost] [info] ExtensionService#_doActivateExtension vscode.github {"startup":false,"extensionId":{"value":"vscode.github","_lower":"vscode.github"},"activationEvent":"*"}
[2021-09-08 21:55:12.034] [exthost] [info] ExtensionService#loadCommonJSModule file:///opt/visual-studio-code/resources/app/extensions/github/dist/extension.js
[2021-09-08 21:55:12.048] [exthost] [info] ExtensionService#_doActivateExtension vscode.github-authentication {"startup":false,"extensionId":{"value":"vscode.github-authentication","_lower":"vscode.github-authentication"},"activationEvent":"onAuthenticationRequest:github"}
[2021-09-08 21:55:12.048] [exthost] [info] ExtensionService#loadCommonJSModule file:///opt/visual-studio-code/resources/app/extensions/github-authentication/dist/extension.js
[2021-09-08 21:55:12.123] [exthost] [info] eager extensions activated
[2021-09-08 21:55:12.130] [exthost] [info] ExtensionService#_doActivateExtension vscode.emmet {"startup":false,"extensionId":{"value":"vscode.emmet","_lower":"vscode.emmet"},"activationEvent":"onStartupFinished"}
[2021-09-08 21:55:12.130] [exthost] [info] ExtensionService#loadCommonJSModule file:///opt/visual-studio-code/resources/app/extensions/emmet/dist/node/emmetNodeMain
[2021-09-08 21:55:12.133] [exthost] [info] ExtensionService#_doActivateExtension vscode.merge-conflict {"startup":false,"extensionId":{"value":"vscode.merge-conflict","_lower":"vscode.merge-conflict"},"activationEvent":"onStartupFinished"}
[2021-09-08 21:55:12.133] [exthost] [info] ExtensionService#loadCommonJSModule file:///opt/visual-studio-code/resources/app/extensions/merge-conflict/dist/mergeConflictMain
[2021-09-08 21:55:12.134] [exthost] [info] ExtensionService#_doActivateExtension vscode.testing-editor-contributions {"startup":false,"extensionId":{"value":"vscode.testing-editor-contributions","_lower":"vscode.testing-editor-contributions"},"activationEvent":"onStartupFinished"}
[2021-09-08 21:55:12.134] [exthost] [info] ExtensionService#loadCommonJSModule file:///opt/visual-studio-code/resources/app/extensions/testing-editor-contributions/dist/extension.js
[2021-09-08 21:55:12.134] [exthost] [info] ExtensionService#_doActivateExtension CoenraadS.bracket-pair-colorizer-2 {"startup":false,"extensionId":{"value":"CoenraadS.bracket-pair-colorizer-2","_lower":"coenraads.bracket-pair-colorizer-2"},"activationEvent":"onStartupFinished"}
[2021-09-08 21:55:12.134] [exthost] [info] ExtensionService#loadCommonJSModule file:///home/mwalk/.vscode/extensions/coenraads.bracket-pair-colorizer-2-0.2.1/out/src/extension
[2021-09-08 21:55:12.139] [exthost] [info] ExtensionService#_doActivateExtension dbaeumer.vscode-eslint {"startup":false,"extensionId":{"value":"dbaeumer.vscode-eslint","_lower":"dbaeumer.vscode-eslint"},"activationEvent":"onStartupFinished"}
[2021-09-08 21:55:12.139] [exthost] [info] ExtensionService#loadCommonJSModule file:///home/mwalk/.vscode/extensions/dbaeumer.vscode-eslint-2.1.23/client/out/extension
[2021-09-08 21:55:21.001] [exthost] [info] ExtensionService#_doActivateExtension vscode.simple-browser {"startup":false,"extensionId":{"value":"vscode.simple-browser","_lower":"vscode.simple-browser"},"activationEvent":"onOpenExternalUri:http"}
[2021-09-08 21:55:21.001] [exthost] [info] ExtensionService#loadCommonJSModule file:///opt/visual-studio-code/resources/app/extensions/simple-browser/dist/extension
[2021-09-08 21:56:39.790] [exthost] [info] ExtensionService#_doActivateExtension vscode.image-preview {"startup":false,"extensionId":{"value":"vscode.image-preview","_lower":"vscode.image-preview"},"activationEvent":"onCustomEditor:imagePreview.previewEditor"}
[2021-09-08 21:56:39.791] [exthost] [info] ExtensionService#loadCommonJSModule file:///opt/visual-studio-code/resources/app/extensions/image-preview/dist/extension
[2021-09-08 21:58:20.170] [exthost] [info] ExtensionService#_doActivateExtension vscode.extension-editing {"startup":false,"extensionId":{"value":"vscode.extension-editing","_lower":"vscode.extension-editing"},"activationEvent":"onLanguage:markdown"}
[2021-09-08 21:58:20.170] [exthost] [info] ExtensionService#loadCommonJSModule file:///opt/visual-studio-code/resources/app/extensions/extension-editing/dist/extensionEditingMain
[2021-09-08 21:58:20.173] [exthost] [info] ExtensionService#_doActivateExtension vscode.markdown-language-features {"startup":false,"extensionId":{"value":"vscode.markdown-language-features","_lower":"vscode.markdown-language-features"},"activationEvent":"onLanguage:markdown"}
[2021-09-08 21:58:20.173] [exthost] [info] ExtensionService#loadCommonJSModule file:///opt/visual-studio-code/resources/app/extensions/markdown-language-features/dist/extension
[2021-09-08 21:58:20.226] [exthost] [info] ExtensionService#_doActivateExtension vscode.markdown-math {"startup":false,"extensionId":{"value":"vscode.markdown-language-features","_lower":"vscode.markdown-language-features"},"activationEvent":"api"}
[2021-09-08 21:58:20.226] [exthost] [info] ExtensionService#loadCommonJSModule file:///opt/visual-studio-code/resources/app/extensions/markdown-math/dist/extension
[2021-09-08 22:48:32.497] [exthost] [info] extension host terminating: renderer closed the socket
[2021-09-08 22:48:33.508] [exthost] [info] exiting with code 0
