[Info  - 10:40:36 PM] 2021/09/07 22:40:36 go env for /home/mwalk/Documents/learning-go
(root /home/mwalk/Documents/learning-go)
(go version go version go1.17 linux/amd64)
(valid build configuration = false)
(build flags: [])
GOFLAGS=
GOMOD=/dev/null
GO111MODULE=
GONOSUMDB=
GOPATH=/home/mwalk/go
GOPRIVATE=
GOSUMDB=sum.golang.org
GOCACHE=/home/mwalk/.cache/go-build
GOINSECURE=
GONOPROXY=
GOPROXY=https://proxy.golang.org,direct
GOROOT=/usr/lib/go
GOMODCACHE=/home/mwalk/go/pkg/mod


[Info  - 10:40:36 PM] 2021/09/07 22:40:36 go/packages.Load
	snapshot=0
	directory=/home/mwalk/Documents/learning-go
	query=[./ builtin]
	packages=2

[Info  - 10:44:00 PM] 2021/09/07 22:44:00 go env for /home/mwalk/Documents/learning-go
(root /home/mwalk/Documents/learning-go)
(go version go version go1.17 linux/amd64)
(valid build configuration = false)
(build flags: [])
GOPRIVATE=
GOFLAGS=
GOMOD=/dev/null
GOCACHE=/home/mwalk/.cache/go-build
GOINSECURE=
GONOSUMDB=
GOPROXY=https://proxy.golang.org,direct
GOROOT=/usr/lib/go
GO111MODULE=
GOMODCACHE=/home/mwalk/go/pkg/mod
GOPATH=/home/mwalk/go
GOSUMDB=sum.golang.org
GONOPROXY=


[Info  - 10:44:00 PM] 2021/09/07 22:44:00 go/packages.Load
	snapshot=0
	directory=/home/mwalk/Documents/learning-go
	query=[./ builtin]
	packages=2

[Error - 10:44:16 PM] Request textDocument/completion failed.
  Message: invalid pos
  Code: 0 
[Info  - 10:44:17 PM] 2021/09/07 22:44:17 go/packages.Load
	snapshot=10
	directory=/home/mwalk/Documents/learning-go
	query=[file=/home/mwalk/Documents/learning-go/main.go]
	packages=1

[Info  - 10:44:17 PM] 2021/09/07 22:44:17 go/packages.Load
	snapshot=10
	directory=/home/mwalk/Documents/learning-go
	query=[file=/home/mwalk/Documents/learning-go/main.go]
	packages=1

[Info  - 10:44:17 PM] 2021/09/07 22:44:17 go/packages.Load
	snapshot=10
	package="command-line-arguments"
	files=[/home/mwalk/Documents/learning-go/main.go]

[Info  - 10:44:17 PM] 2021/09/07 22:44:17 go/packages.Load
	snapshot=10
	package="command-line-arguments"
	files=[/home/mwalk/Documents/learning-go/main.go]

[Info  - 10:44:17 PM] 2021/09/07 22:44:17 go/packages.Load
	snapshot=11
	package="command-line-arguments"
	files=[/home/mwalk/Documents/learning-go/main.go]

[Info  - 10:44:17 PM] 2021/09/07 22:44:17 go/packages.Load
	snapshot=11
	directory=/home/mwalk/Documents/learning-go
	query=[file=/home/mwalk/Documents/learning-go/main.go]
	packages=1

[Info  - 10:44:17 PM] 2021/09/07 22:44:17 go/packages.Load
	snapshot=11
	directory=/home/mwalk/Documents/learning-go
	query=[file=/home/mwalk/Documents/learning-go/main.go]
	packages=1

[Info  - 10:44:17 PM] 2021/09/07 22:44:17 go/packages.Load
	snapshot=11
	package="command-line-arguments"
	files=[/home/mwalk/Documents/learning-go/main.go]

[Info  - 10:44:17 PM] 2021/09/07 22:44:17 go/packages.Load
	snapshot=12
	directory=/home/mwalk/Documents/learning-go
	query=[file=/home/mwalk/Documents/learning-go/main.go]
	packages=1

[Info  - 10:44:17 PM] 2021/09/07 22:44:17 go/packages.Load
	snapshot=12
	package="command-line-arguments"
	files=[/home/mwalk/Documents/learning-go/main.go]

[Info  - 10:44:17 PM] 2021/09/07 22:44:17 go/packages.Load
	snapshot=12
	package="command-line-arguments"
	files=[/home/mwalk/Documents/learning-go/main.go]

[Info  - 10:44:17 PM] 2021/09/07 22:44:17 go/packages.Load
	snapshot=12
	directory=/home/mwalk/Documents/learning-go
	query=[file=/home/mwalk/Documents/learning-go/main.go]
	packages=1

[Info  - 10:44:17 PM] 2021/09/07 22:44:17 go/packages.Load
	snapshot=13
	directory=/home/mwalk/Documents/learning-go
	query=[file=/home/mwalk/Documents/learning-go/main.go]
	packages=1

[Info  - 10:44:17 PM] 2021/09/07 22:44:17 go/packages.Load
	snapshot=13
	package="command-line-arguments"
	files=[/home/mwalk/Documents/learning-go/main.go]

[Info  - 10:44:17 PM] 2021/09/07 22:44:17 go/packages.Load
	snapshot=13
	directory=/home/mwalk/Documents/learning-go
	query=[file=/home/mwalk/Documents/learning-go/main.go]
	packages=1

[Info  - 10:44:17 PM] 2021/09/07 22:44:17 go/packages.Load
	snapshot=13
	package="command-line-arguments"
	files=[/home/mwalk/Documents/learning-go/main.go]

[Info  - 10:44:48 PM] 2021/09/07 22:44:48 background imports cache refresh starting

[Info  - 10:44:48 PM] 2021/09/07 22:44:48 background refresh finished after 5.715135ms

[Info  - 10:45:26 PM] 2021/09/07 22:45:26 go/packages.Load
	snapshot=22
	directory=/home/mwalk/Documents/learning-go
	query=[file=/home/mwalk/Documents/learning-go/main.go]
	packages=1

[Info  - 10:45:26 PM] 2021/09/07 22:45:26 go/packages.Load
	snapshot=22
	package="command-line-arguments"
	files=[/home/mwalk/Documents/learning-go/main.go]

[Info  - 10:45:26 PM] 2021/09/07 22:45:26 falling back to safe trimming due to type errors: [/usr/lib/go/src/runtime/vdso_linux.go:55:38: invalid operation: division by zero /usr/lib/go/src/runtime/vdso_linux.go:56:38: invalid operation: division by zero] or still-missing identifiers: map[memRecordCycle:true pageBits:true]
	package="runtime"

[Info  - 10:45:56 PM] 2021/09/07 22:45:56 background imports cache refresh starting

[Info  - 10:45:56 PM] 2021/09/07 22:45:56 background refresh finished after 152.059µs

[Info  - 8:54:53 PM] 2021/09/07 20:54:53 go/packages.Load
	snapshot=25
	directory=/home/mwalk/Documents/learning-go
	query=[file=/home/mwalk/Documents/learning-go/main.go]
	packages=1

[Info  - 8:54:53 PM] 2021/09/07 20:54:53 go/packages.Load
	snapshot=25
	package="command-line-arguments"
	files=[/home/mwalk/Documents/learning-go/main.go]

[Error - 8:54:53 PM] 2021/09/07 20:54:53 imports fixes: AllImportsFixes: /home/mwalk/Documents/learning-go/main.go:3:8: expected 'STRING', found '{' (and 1 more errors)
	file="/home/mwalk/Documents/learning-go/main.go"

[Error - 8:54:55 PM] 2021/09/07 20:54:55 imports fixes: AllImportsFixes: /home/mwalk/Documents/learning-go/main.go:3:8: expected 'STRING', found '{' (and 1 more errors)
	file="/home/mwalk/Documents/learning-go/main.go"

[Error - 8:54:56 PM] 2021/09/07 20:54:56 imports fixes: AllImportsFixes: /home/mwalk/Documents/learning-go/main.go:3:8: expected 'STRING', found '{' (and 1 more errors)
	file="/home/mwalk/Documents/learning-go/main.go"

[Error - 8:54:56 PM] 2021/09/07 20:54:56 imports fixes: AllImportsFixes: /home/mwalk/Documents/learning-go/main.go:3:8: expected 'STRING', found '{' (and 1 more errors)
	file="/home/mwalk/Documents/learning-go/main.go"

[Error - 8:54:57 PM] 2021/09/07 20:54:57 imports fixes: AllImportsFixes: /home/mwalk/Documents/learning-go/main.go:3:8: expected 'STRING', found '{' (and 1 more errors)
	file="/home/mwalk/Documents/learning-go/main.go"

[Error - 8:54:58 PM] 2021/09/07 20:54:58 imports fixes: AllImportsFixes: /home/mwalk/Documents/learning-go/main.go:3:8: expected 'STRING', found '{' (and 1 more errors)
	file="/home/mwalk/Documents/learning-go/main.go"

[Error - 8:54:59 PM] 2021/09/07 20:54:59 imports fixes: AllImportsFixes: /home/mwalk/Documents/learning-go/main.go:3:8: expected 'STRING', found '{' (and 1 more errors)
	file="/home/mwalk/Documents/learning-go/main.go"

[Error - 8:55:00 PM] 2021/09/07 20:55:00 imports fixes: AllImportsFixes: /home/mwalk/Documents/learning-go/main.go:3:8: expected 'STRING', found '{' (and 1 more errors)
	file="/home/mwalk/Documents/learning-go/main.go"

[Error - 8:55:04 PM] 2021/09/07 20:55:04 imports fixes: AllImportsFixes: /home/mwalk/Documents/learning-go/main.go:3:8: expected 'STRING', found '{' (and 1 more errors)
	file="/home/mwalk/Documents/learning-go/main.go"

[Error - 8:55:05 PM] 2021/09/07 20:55:05 imports fixes: AllImportsFixes: /home/mwalk/Documents/learning-go/main.go:3:8: expected 'STRING', found '{' (and 1 more errors)
	file="/home/mwalk/Documents/learning-go/main.go"

[Error - 8:55:06 PM] 2021/09/07 20:55:06 no signature help: cannot find an enclosing function
	position={3 7}

[Error - 8:55:06 PM] 2021/09/07 20:55:06 imports fixes: AllImportsFixes: /home/mwalk/Documents/learning-go/main.go:3:8: expected 'STRING', found '{' (and 1 more errors)
	file="/home/mwalk/Documents/learning-go/main.go"

[Error - 8:55:07 PM] 2021/09/07 20:55:07 imports fixes: AllImportsFixes: /home/mwalk/Documents/learning-go/main.go:3:8: expected 'STRING', found '{' (and 1 more errors)
	file="/home/mwalk/Documents/learning-go/main.go"

[Error - 8:55:10 PM] 2021/09/07 20:55:10 imports fixes: AllImportsFixes: /home/mwalk/Documents/learning-go/main.go:3:8: expected 'STRING', found '{' (and 1 more errors)
	file="/home/mwalk/Documents/learning-go/main.go"

[Error - 8:55:10 PM] 2021/09/07 20:55:10 imports fixes: AllImportsFixes: /home/mwalk/Documents/learning-go/main.go:3:8: expected 'STRING', found '{' (and 1 more errors)
	file="/home/mwalk/Documents/learning-go/main.go"

[Error - 8:55:13 PM] 2021/09/07 20:55:13 imports fixes: AllImportsFixes: /home/mwalk/Documents/learning-go/main.go:3:8: expected 'STRING', found '{' (and 1 more errors)
	file="/home/mwalk/Documents/learning-go/main.go"

[Info  - 8:55:17 PM] 2021/09/07 20:55:17 background imports cache refresh starting

[Info  - 8:55:17 PM] 2021/09/07 20:55:17 background refresh finished after 180.948µs

[Error - 8:55:37 PM] 2021/09/07 20:55:37 imports fixes: AllImportsFixes: /home/mwalk/Documents/learning-go/main.go:3:8: expected 'STRING', found '{' (and 1 more errors)
	file="/home/mwalk/Documents/learning-go/main.go"

[Error - 8:55:38 PM] 2021/09/07 20:55:38 imports fixes: AllImportsFixes: /home/mwalk/Documents/learning-go/main.go:3:8: expected 'STRING', found '{' (and 1 more errors)
	file="/home/mwalk/Documents/learning-go/main.go"

[Info  - 8:55:39 PM] 2021/09/07 20:55:39 go/packages.Load
	snapshot=48
	directory=/home/mwalk/Documents/learning-go
	query=[file=/home/mwalk/Documents/learning-go/main.go]
	packages=1

[Info  - 8:55:39 PM] 2021/09/07 20:55:39 go/packages.Load
	snapshot=48
	package="command-line-arguments"
	files=[/home/mwalk/Documents/learning-go/main.go]

[Error - 8:55:39 PM] 2021/09/07 20:55:39 imports fixes: AllImportsFixes: /home/mwalk/Documents/learning-go/main.go:4:7: expected ';', found ',' (and 1 more errors)
	file="/home/mwalk/Documents/learning-go/main.go"

[Error - 8:55:41 PM] 2021/09/07 20:55:41 imports fixes: AllImportsFixes: /home/mwalk/Documents/learning-go/main.go:5:2: expected declaration, found "github.com/bwmarrin/discordgo"
	file="/home/mwalk/Documents/learning-go/main.go"

[Error - 8:55:42 PM] 2021/09/07 20:55:42 imports fixes: AllImportsFixes: /home/mwalk/Documents/learning-go/main.go:5:2: expected declaration, found "github.com/bwmarrin/discordgo"
	file="/home/mwalk/Documents/learning-go/main.go"

[Error - 8:55:42 PM] 2021/09/07 20:55:42 imports fixes: AllImportsFixes: /home/mwalk/Documents/learning-go/main.go:5:2: expected declaration, found "github.com/bwmarrin/discordgo"
	file="/home/mwalk/Documents/learning-go/main.go"

[Error - 8:55:44 PM] 2021/09/07 20:55:44 imports fixes: AllImportsFixes: /home/mwalk/Documents/learning-go/main.go:5:2: expected declaration, found "github.com/bwmarrin/discordgo"
	file="/home/mwalk/Documents/learning-go/main.go"

[Error - 8:55:45 PM] 2021/09/07 20:55:45 imports fixes: AllImportsFixes: /home/mwalk/Documents/learning-go/main.go:5:2: expected declaration, found im
	file="/home/mwalk/Documents/learning-go/main.go"

[Info  - 8:55:46 PM] 2021/09/07 20:55:46 go/packages.Load
	snapshot=63
	package="command-line-arguments"
	files=[/home/mwalk/Documents/learning-go/main.go]

[Info  - 8:55:46 PM] 2021/09/07 20:55:46 go/packages.Load
	snapshot=63
	directory=/home/mwalk/Documents/learning-go
	query=[file=/home/mwalk/Documents/learning-go/main.go]
	packages=1

[Error - 8:55:46 PM] 2021/09/07 20:55:46 command-line-arguments: no dep handle for github.com/bwmarrin/discordgo: no metadata for github.com/bwmarrin/discordgo
	snapshot=63

[Info  - 8:55:46 PM] 2021/09/07 20:55:46 go/packages.Load
	snapshot=63
	package="command-line-arguments"
	files=[/home/mwalk/Documents/learning-go/main.go]

[Info  - 8:55:46 PM] 2021/09/07 20:55:46 go/packages.Load
	snapshot=63
	directory=/home/mwalk/Documents/learning-go
	query=[file=/home/mwalk/Documents/learning-go/main.go]
	packages=1

[Error - 8:55:46 PM] 2021/09/07 20:55:46 command-line-arguments: no dep handle for github.com/bwmarrin/discordgo: no metadata for github.com/bwmarrin/discordgo
	snapshot=64

[Error - 8:55:46 PM] 2021/09/07 20:55:46 errors loading workspace: You are outside of a module and outside of $GOPATH/src.
If you are using modules, please open your editor to a directory in your module.
If you believe this warning is incorrect, please file an issue: https://github.com/golang/go/issues/new.
	snapshot=64
	directory=file:///home/mwalk/Documents/learning-go

[Error - 8:55:47 PM] 2021/09/07 20:55:47 command-line-arguments: no dep handle for github.com/bwmarrin/discordgo: no metadata for github.com/bwmarrin/discordgo
	snapshot=65

[Error - 8:55:47 PM] 2021/09/07 20:55:47 errors loading workspace: You are outside of a module and outside of $GOPATH/src.
If you are using modules, please open your editor to a directory in your module.
If you believe this warning is incorrect, please file an issue: https://github.com/golang/go/issues/new.
	snapshot=65
	directory=file:///home/mwalk/Documents/learning-go

[Error - 8:55:47 PM] 2021/09/07 20:55:47 command-line-arguments: no dep handle for github.com/bwmarrin/discordgo: no metadata for github.com/bwmarrin/discordgo
	snapshot=66

[Error - 8:55:47 PM] 2021/09/07 20:55:47 errors loading workspace: You are outside of a module and outside of $GOPATH/src.
If you are using modules, please open your editor to a directory in your module.
If you believe this warning is incorrect, please file an issue: https://github.com/golang/go/issues/new.
	snapshot=66
	directory=file:///home/mwalk/Documents/learning-go

[Error - 8:55:51 PM] 2021/09/07 20:55:51 command-line-arguments: no dep handle for github.com/bwmarrin/discordgo: no metadata for github.com/bwmarrin/discordgo
	snapshot=67

[Error - 8:55:52 PM] 2021/09/07 20:55:52 errors loading workspace: You are outside of a module and outside of $GOPATH/src.
If you are using modules, please open your editor to a directory in your module.
If you believe this warning is incorrect, please file an issue: https://github.com/golang/go/issues/new.
	snapshot=67
	directory=file:///home/mwalk/Documents/learning-go

[Error - 8:55:52 PM] 2021/09/07 20:55:52 command-line-arguments: no dep handle for github.com/bwmarrin/discordgo: no metadata for github.com/bwmarrin/discordgo
	snapshot=68

[Error - 8:55:52 PM] 2021/09/07 20:55:52 errors loading workspace: You are outside of a module and outside of $GOPATH/src.
If you are using modules, please open your editor to a directory in your module.
If you believe this warning is incorrect, please file an issue: https://github.com/golang/go/issues/new.
	snapshot=68
	directory=file:///home/mwalk/Documents/learning-go

[Error - 8:55:53 PM] 2021/09/07 20:55:53 command-line-arguments: no dep handle for github.com/bwmarrin/discordgo: no metadata for github.com/bwmarrin/discordgo
	snapshot=69

[Error - 8:55:53 PM] 2021/09/07 20:55:53 errors loading workspace: You are outside of a module and outside of $GOPATH/src.
If you are using modules, please open your editor to a directory in your module.
If you believe this warning is incorrect, please file an issue: https://github.com/golang/go/issues/new.
	snapshot=69
	directory=file:///home/mwalk/Documents/learning-go

[Error - 8:55:53 PM] 2021/09/07 20:55:53 command-line-arguments: no dep handle for github.com/bwmarrin/discordgo: no metadata for github.com/bwmarrin/discordgo
	snapshot=70

[Error - 8:55:53 PM] 2021/09/07 20:55:53 errors loading workspace: You are outside of a module and outside of $GOPATH/src.
If you are using modules, please open your editor to a directory in your module.
If you believe this warning is incorrect, please file an issue: https://github.com/golang/go/issues/new.
	snapshot=70
	directory=file:///home/mwalk/Documents/learning-go

[Error - 8:55:55 PM] 2021/09/07 20:55:55 command-line-arguments: no dep handle for github.com/bwmarrin/discordgo: no metadata for github.com/bwmarrin/discordgo
	snapshot=71

[Error - 8:55:56 PM] 2021/09/07 20:55:56 errors loading workspace: You are outside of a module and outside of $GOPATH/src.
If you are using modules, please open your editor to a directory in your module.
If you believe this warning is incorrect, please file an issue: https://github.com/golang/go/issues/new.
	snapshot=71
	directory=file:///home/mwalk/Documents/learning-go

[Error - 8:55:56 PM] 2021/09/07 20:55:56 command-line-arguments: no dep handle for github.com/bwmarrin/discordgo: no metadata for github.com/bwmarrin/discordgo
	snapshot=72

[Error - 8:55:57 PM] 2021/09/07 20:55:57 errors loading workspace: You are outside of a module and outside of $GOPATH/src.
If you are using modules, please open your editor to a directory in your module.
If you believe this warning is incorrect, please file an issue: https://github.com/golang/go/issues/new.
	snapshot=72
	directory=file:///home/mwalk/Documents/learning-go

[Error - 8:55:57 PM] 2021/09/07 20:55:57 command-line-arguments: no dep handle for github.com/bwmarrin/discordgo: no metadata for github.com/bwmarrin/discordgo
	snapshot=73

[Error - 8:55:57 PM] 2021/09/07 20:55:57 errors loading workspace: You are outside of a module and outside of $GOPATH/src.
If you are using modules, please open your editor to a directory in your module.
If you believe this warning is incorrect, please file an issue: https://github.com/golang/go/issues/new.
	snapshot=73
	directory=file:///home/mwalk/Documents/learning-go

[Info  - 8:56:16 PM] 2021/09/07 20:56:16 background imports cache refresh starting

[Info  - 8:56:16 PM] 2021/09/07 20:56:16 background refresh finished after 519.369µs

[Info  - 9:06:23 PM] 2021/09/07 21:06:23 go/packages.Load
	snapshot=74
	directory=/home/mwalk/Documents/learning-go
	query=[builtin learning-go/discord-bot/...]
	packages=2

[Error - 9:06:23 PM] 2021/09/07 21:06:23 learning-go/discord-bot: no dep handle for github.com/bwmarrin/discordgo: no metadata for github.com/bwmarrin/discordgo
	snapshot=74

[Info  - 9:06:23 PM] 2021/09/07 21:06:23 falling back to safe trimming due to type errors: [/usr/lib/go/src/runtime/vdso_linux.go:55:38: invalid operation: division by zero /usr/lib/go/src/runtime/vdso_linux.go:56:38: invalid operation: division by zero] or still-missing identifiers: map[memRecordCycle:true pageBits:true]
	package="runtime"

[Error - 9:06:23 PM] 2021/09/07 21:06:23 tidy: diagnosing file:///home/mwalk/Documents/learning-go/go.mod: err: exit status 1: stderr: go: finding module for package github.com/bwmarrin/discordgo
learning-go/discord-bot imports
	github.com/bwmarrin/discordgo: cannot find module providing package github.com/bwmarrin/discordgo: module lookup disabled by GOPROXY=off


[Info  - 9:06:32 PM] 2021/09/07 21:06:32 go/packages.Load
	snapshot=75
	directory=/home/mwalk/Documents/learning-go
	query=[builtin learning-go/discord-bot/...]
	packages=2

[Info  - 9:06:32 PM] 2021/09/07 21:06:32 discovered missing identifiers: map[encoder:true]
	package="image/png"

[Info  - 9:06:32 PM] 2021/09/07 21:06:32 discovered missing identifiers: map[options:true]
	package="vendor/golang.org/x/text/unicode/bidi"

[Info  - 9:06:53 PM] 2021/09/07 21:06:53 background imports cache refresh starting

[Info  - 9:06:53 PM] 2021/09/07 21:06:53 background refresh finished after 479.666µs

[Info  - 9:07:44 PM] 2021/09/07 21:07:44 background imports cache refresh starting

[Info  - 9:07:44 PM] 2021/09/07 21:07:44 background refresh finished after 143.738µs

[Info  - 9:12:31 PM] 2021/09/07 21:12:31 background imports cache refresh starting

[Info  - 9:12:31 PM] 2021/09/07 21:12:31 background refresh finished after 458.221µs

[Info  - 9:13:43 PM] 2021/09/07 21:13:43 go/packages.Load
	snapshot=98
	directory=/home/mwalk/Documents/learning-go
	query=[file=/home/mwalk/Documents/learning-go/main.go]
	packages=1

[Info  - 9:13:43 PM] 2021/09/07 21:13:43 go/packages.Load
	snapshot=98
	package="learning-go/discord-bot"
	files=[/home/mwalk/Documents/learning-go/main.go]

[Info  - 9:13:45 PM] 2021/09/07 21:13:45 go/packages.Load
	snapshot=101
	directory=/home/mwalk/Documents/learning-go
	query=[file=/home/mwalk/Documents/learning-go/main.go]
	packages=1

[Info  - 9:13:45 PM] 2021/09/07 21:13:45 go/packages.Load
	snapshot=101
	package="learning-go/discord-bot"
	files=[/home/mwalk/Documents/learning-go/main.go]

[Error - 9:13:45 PM] 2021/09/07 21:13:45 no signature help: no signature help within a string literal
	position={2 8}

[Error - 9:13:45 PM] 2021/09/07 21:13:45 imports fixes: AllImportsFixes: /home/mwalk/Documents/learning-go/main.go:4:1: expected 'STRING', found 'import' (and 3 more errors)
	file="/home/mwalk/Documents/learning-go/main.go"

[Error - 9:13:46 PM] 2021/09/07 21:13:46 imports fixes: AllImportsFixes: /home/mwalk/Documents/learning-go/main.go:4:1: expected 'STRING', found 'import' (and 3 more errors)
	file="/home/mwalk/Documents/learning-go/main.go"

[Error - 9:13:47 PM] 2021/09/07 21:13:47 imports fixes: AllImportsFixes: /home/mwalk/Documents/learning-go/main.go:4:1: expected 'STRING', found 'import' (and 3 more errors)
	file="/home/mwalk/Documents/learning-go/main.go"

[Error - 9:13:49 PM] 2021/09/07 21:13:49 imports fixes: AllImportsFixes: /home/mwalk/Documents/learning-go/main.go:4:1: expected 'STRING', found 'import' (and 3 more errors)
	file="/home/mwalk/Documents/learning-go/main.go"

[Info  - 9:13:49 PM] 2021/09/07 21:13:49 go/packages.Load
	snapshot=107
	directory=/home/mwalk/Documents/learning-go
	query=[file=/home/mwalk/Documents/learning-go/main.go]
	packages=1

[Info  - 9:13:49 PM] 2021/09/07 21:13:49 go/packages.Load
	snapshot=107
	package="learning-go/discord-bot"
	files=[/home/mwalk/Documents/learning-go/main.go]

[Error - 9:13:58 PM] 2021/09/07 21:13:58 no signature help: cannot find an enclosing function
	position={3 7}

[Error - 9:13:59 PM] 2021/09/07 21:13:59 imports fixes: AllImportsFixes: /home/mwalk/Documents/learning-go/main.go:4:7: expected ';', found ','
	file="/home/mwalk/Documents/learning-go/main.go"

[Error - 9:14:02 PM] 2021/09/07 21:14:02 imports fixes: AllImportsFixes: /home/mwalk/Documents/learning-go/main.go:4:7: expected ';', found ','
	file="/home/mwalk/Documents/learning-go/main.go"

[Info  - 9:14:06 PM] 2021/09/07 21:14:06 background imports cache refresh starting

[Info  - 9:14:06 PM] 2021/09/07 21:14:06 background refresh finished after 111.871µs

[Info  - 9:14:45 PM] 2021/09/07 21:14:45 background imports cache refresh starting

[Info  - 9:14:45 PM] 2021/09/07 21:14:45 background refresh finished after 230.816µs

[Info  - 9:16:41 PM] 2021/09/07 21:16:41 background imports cache refresh starting

[Info  - 9:16:41 PM] 2021/09/07 21:16:41 background refresh finished after 538.578µs

[Info  - 9:18:23 PM] 2021/09/07 21:18:23 background imports cache refresh starting

[Info  - 9:18:23 PM] 2021/09/07 21:18:23 background refresh finished after 166.309µs

[Info  - 9:18:57 PM] 2021/09/07 21:18:57 background imports cache refresh starting

[Info  - 9:18:57 PM] 2021/09/07 21:18:57 background refresh finished after 482.363µs

[Error - 9:19:11 PM] 2021/09/07 21:19:11 imports fixes: AllImportsFixes: /home/mwalk/Documents/learning-go/main.go:4:2: invalid import path: ""
	file="/home/mwalk/Documents/learning-go/main.go"

[Info  - 9:19:11 PM] 2021/09/07 21:19:11 go/packages.Load
	snapshot=150
	directory=/home/mwalk/Documents/learning-go
	query=[file=/home/mwalk/Documents/learning-go/main.go]
	packages=1

[Info  - 9:19:11 PM] 2021/09/07 21:19:11 go/packages.Load
	snapshot=150
	package="learning-go/discord-bot"
	files=[/home/mwalk/Documents/learning-go/main.go]

[Error - 9:19:11 PM] 2021/09/07 21:19:11 learning-go/discord-bot: no dep handle for f: no metadata for f
	snapshot=150

[Info  - 9:19:11 PM] 2021/09/07 21:19:11 go/packages.Load
	snapshot=152
	directory=/home/mwalk/Documents/learning-go
	query=[file=/home/mwalk/Documents/learning-go/main.go]
	packages=1

[Info  - 9:19:11 PM] 2021/09/07 21:19:11 go/packages.Load
	snapshot=152
	package="learning-go/discord-bot"
	files=[/home/mwalk/Documents/learning-go/main.go]

[Info  - 9:19:29 PM] 2021/09/07 21:19:29 background imports cache refresh starting

[Info  - 9:19:29 PM] 2021/09/07 21:19:29 background refresh finished after 158.257µs

[Info  - 9:21:00 PM] 2021/09/07 21:21:00 background imports cache refresh starting

[Info  - 9:21:00 PM] 2021/09/07 21:21:00 background refresh finished after 470.771µs

[Info  - 9:21:02 PM] 2021/09/07 21:21:02 go/packages.Load
	snapshot=168
	directory=/home/mwalk/Documents/learning-go
	query=[file=/home/mwalk/Documents/learning-go/main.go]
	packages=1

[Info  - 9:21:02 PM] 2021/09/07 21:21:02 go/packages.Load
	snapshot=168
	package="learning-go/discord-bot"
	files=[/home/mwalk/Documents/learning-go/main.go]

[Info  - 9:21:31 PM] 2021/09/07 21:21:31 background imports cache refresh starting

[Info  - 9:21:31 PM] 2021/09/07 21:21:31 background refresh finished after 454.542µs

[Info  - 9:22:16 PM] 2021/09/07 21:22:16 background imports cache refresh starting

[Info  - 9:22:16 PM] 2021/09/07 21:22:16 background refresh finished after 538.04µs

[Info  - 9:26:10 PM] 2021/09/07 21:26:10 background imports cache refresh starting

[Info  - 9:26:10 PM] 2021/09/07 21:26:10 background refresh finished after 186.368µs

[Info  - 9:28:23 PM] 2021/09/07 21:28:23 background refresh finished after 128.759µs

[Info  - 9:28:23 PM] 2021/09/07 21:28:23 background imports cache refresh starting

[Info  - 9:30:08 PM] 2021/09/07 21:30:08 background imports cache refresh starting

[Info  - 9:30:08 PM] 2021/09/07 21:30:08 background refresh finished after 132.133µs

[Info  - 9:36:27 PM] 2021/09/07 21:36:27 background imports cache refresh starting

[Info  - 9:36:27 PM] 2021/09/07 21:36:27 background refresh finished after 320.702µs

[Info  - 9:36:58 PM] 2021/09/07 21:36:58 background imports cache refresh starting

[Info  - 9:36:58 PM] 2021/09/07 21:36:58 background refresh finished after 319.266µs

[Info  - 9:37:30 PM] 2021/09/07 21:37:30 background imports cache refresh starting

[Info  - 9:37:30 PM] 2021/09/07 21:37:30 background refresh finished after 113.679µs

[Error - 9:37:41 PM] 2021/09/07 21:37:41 no signature help: no signature help within a string literal
	position={37 36}

[Error - 9:37:48 PM] 2021/09/07 21:37:48 no signature help: no signature help within a string literal
	position={37 42}

[Error - 9:37:50 PM] 2021/09/07 21:37:50 imports fixes: AllImportsFixes: /home/mwalk/Documents/learning-go/main.go:38:48: expected operand, found ')' (and 9 more errors)
	file="/home/mwalk/Documents/learning-go/main.go"

[Error - 9:37:50 PM] 2021/09/07 21:37:50 DocumentSymbols failed: invalid pos
	URI=file:///home/mwalk/Documents/learning-go/main.go

[Error - 9:37:51 PM] 2021/09/07 21:37:51 imports fixes: AllImportsFixes: /home/mwalk/Documents/learning-go/main.go:38:48: expected operand, found ')' (and 9 more errors)
	file="/home/mwalk/Documents/learning-go/main.go"

[Info  - 9:38:02 PM] 2021/09/07 21:38:02 background imports cache refresh starting

[Info  - 9:38:02 PM] 2021/09/07 21:38:02 background refresh finished after 256.852µs

[Error - 9:38:33 PM] 2021/09/07 21:38:33 imports fixes: AllImportsFixes: /home/mwalk/Documents/learning-go/main.go:42:1: expected operand, found '}' (and 5 more errors)
	file="/home/mwalk/Documents/learning-go/main.go"

[Error - 9:38:33 PM] 2021/09/07 21:38:33 DocumentSymbols failed: invalid pos
	URI=file:///home/mwalk/Documents/learning-go/main.go

[Error - 9:38:34 PM] 2021/09/07 21:38:34 imports fixes: AllImportsFixes: /home/mwalk/Documents/learning-go/main.go:42:1: expected operand, found '}' (and 5 more errors)
	file="/home/mwalk/Documents/learning-go/main.go"

[Error - 9:38:35 PM] 2021/09/07 21:38:35 imports fixes: AllImportsFixes: /home/mwalk/Documents/learning-go/main.go:38:3: missing condition in if statement
	file="/home/mwalk/Documents/learning-go/main.go"

[Error - 9:38:35 PM] 2021/09/07 21:38:35 imports fixes: AllImportsFixes: /home/mwalk/Documents/learning-go/main.go:42:1: expected operand, found '}' (and 5 more errors)
	file="/home/mwalk/Documents/learning-go/main.go"

[Error - 9:38:35 PM] 2021/09/07 21:38:35 DocumentSymbols failed: invalid pos
	URI=file:///home/mwalk/Documents/learning-go/main.go

[Error - 9:38:36 PM] 2021/09/07 21:38:36 DocumentSymbols failed: invalid pos
	URI=file:///home/mwalk/Documents/learning-go/main.go

[Error - 9:38:37 PM] 2021/09/07 21:38:37 imports fixes: AllImportsFixes: /home/mwalk/Documents/learning-go/main.go:42:1: expected operand, found '}' (and 5 more errors)
	file="/home/mwalk/Documents/learning-go/main.go"

[Error - 9:38:38 PM] 2021/09/07 21:38:38 no signature help: cannot find an enclosing function
	position={37 4}

[Error - 9:38:38 PM] 2021/09/07 21:38:38 imports fixes: AllImportsFixes: /home/mwalk/Documents/learning-go/main.go:38:5: expected operand, found ')' (and 8 more errors)
	file="/home/mwalk/Documents/learning-go/main.go"

[Error - 9:38:38 PM] 2021/09/07 21:38:38 DocumentSymbols failed: invalid pos
	URI=file:///home/mwalk/Documents/learning-go/main.go

[Error - 9:38:39 PM] 2021/09/07 21:38:39 imports fixes: AllImportsFixes: /home/mwalk/Documents/learning-go/main.go:40:66: expected '{', found newline (and 2 more errors)
	file="/home/mwalk/Documents/learning-go/main.go"

[Error - 9:38:40 PM] 2021/09/07 21:38:40 imports fixes: AllImportsFixes: /home/mwalk/Documents/learning-go/main.go:40:66: expected '{', found newline (and 2 more errors)
	file="/home/mwalk/Documents/learning-go/main.go"

[Error - 9:38:41 PM] 2021/09/07 21:38:41 imports fixes: AllImportsFixes: /home/mwalk/Documents/learning-go/main.go:40:66: expected '{', found newline (and 2 more errors)
	file="/home/mwalk/Documents/learning-go/main.go"

[Error - 9:38:45 PM] 2021/09/07 21:38:45 imports fixes: AllImportsFixes: /home/mwalk/Documents/learning-go/main.go:40:66: expected '{', found newline (and 2 more errors)
	file="/home/mwalk/Documents/learning-go/main.go"

[Error - 9:38:46 PM] 2021/09/07 21:38:46 imports fixes: AllImportsFixes: /home/mwalk/Documents/learning-go/main.go:40:66: expected '{', found newline (and 2 more errors)
	file="/home/mwalk/Documents/learning-go/main.go"

[Error - 9:38:47 PM] 2021/09/07 21:38:47 imports fixes: AllImportsFixes: /home/mwalk/Documents/learning-go/main.go:40:66: expected '{', found newline (and 2 more errors)
	file="/home/mwalk/Documents/learning-go/main.go"

[Error - 9:38:47 PM] 2021/09/07 21:38:47 imports fixes: AllImportsFixes: /home/mwalk/Documents/learning-go/main.go:40:66: expected '{', found newline (and 2 more errors)
	file="/home/mwalk/Documents/learning-go/main.go"

[Error - 9:38:48 PM] 2021/09/07 21:38:48 imports fixes: AllImportsFixes: /home/mwalk/Documents/learning-go/main.go:38:17: expected ')', found '!' (and 7 more errors)
	file="/home/mwalk/Documents/learning-go/main.go"

[Error - 9:38:48 PM] 2021/09/07 21:38:48 DocumentSymbols failed: invalid pos
	URI=file:///home/mwalk/Documents/learning-go/main.go

[Error - 9:38:49 PM] 2021/09/07 21:38:49 imports fixes: AllImportsFixes: /home/mwalk/Documents/learning-go/main.go:38:17: expected ')', found '!' (and 8 more errors)
	file="/home/mwalk/Documents/learning-go/main.go"

[Error - 9:38:49 PM] 2021/09/07 21:38:49 DocumentSymbols failed: invalid pos
	URI=file:///home/mwalk/Documents/learning-go/main.go

[Error - 9:38:49 PM] 2021/09/07 21:38:49 imports fixes: AllImportsFixes: /home/mwalk/Documents/learning-go/main.go:38:17: expected ')', found '!' (and 8 more errors)
	file="/home/mwalk/Documents/learning-go/main.go"

[Error - 9:38:49 PM] 2021/09/07 21:38:49 DocumentSymbols failed: invalid pos
	URI=file:///home/mwalk/Documents/learning-go/main.go

[Error - 9:38:50 PM] 2021/09/07 21:38:50 imports fixes: AllImportsFixes: /home/mwalk/Documents/learning-go/main.go:38:20: expected operand, found ')' (and 8 more errors)
	file="/home/mwalk/Documents/learning-go/main.go"

[Error - 9:38:50 PM] 2021/09/07 21:38:50 DocumentSymbols failed: invalid pos
	URI=file:///home/mwalk/Documents/learning-go/main.go

[Error - 9:38:51 PM] 2021/09/07 21:38:51 imports fixes: AllImportsFixes: /home/mwalk/Documents/learning-go/main.go:38:20: expected operand, found ')' (and 8 more errors)
	file="/home/mwalk/Documents/learning-go/main.go"

[Error - 9:38:57 PM] 2021/09/07 21:38:57 imports fixes: AllImportsFixes: /home/mwalk/Documents/learning-go/main.go:40:66: expected '{', found newline (and 2 more errors)
	file="/home/mwalk/Documents/learning-go/main.go"

[Error - 9:38:58 PM] 2021/09/07 21:38:58 imports fixes: AllImportsFixes: /home/mwalk/Documents/learning-go/main.go:40:66: expected '{', found newline (and 2 more errors)
	file="/home/mwalk/Documents/learning-go/main.go"

[Error - 9:38:59 PM] 2021/09/07 21:38:59 imports fixes: AllImportsFixes: /home/mwalk/Documents/learning-go/main.go:40:66: expected '{', found newline (and 2 more errors)
	file="/home/mwalk/Documents/learning-go/main.go"

[Error - 9:39:00 PM] 2021/09/07 21:39:00 imports fixes: AllImportsFixes: /home/mwalk/Documents/learning-go/main.go:40:66: expected '{', found newline (and 2 more errors)
	file="/home/mwalk/Documents/learning-go/main.go"

[Error - 9:39:02 PM] 2021/09/07 21:39:02 imports fixes: AllImportsFixes: /home/mwalk/Documents/learning-go/main.go:38:29: expected '==', found '=' (and 9 more errors)
	file="/home/mwalk/Documents/learning-go/main.go"

[Error - 9:39:02 PM] 2021/09/07 21:39:02 DocumentSymbols failed: invalid pos
	URI=file:///home/mwalk/Documents/learning-go/main.go

[Info  - 9:39:02 PM] 2021/09/07 21:39:02 background imports cache refresh starting

[Info  - 9:39:02 PM] 2021/09/07 21:39:02 background refresh finished after 155.084µs

[Error - 9:39:03 PM] 2021/09/07 21:39:03 imports fixes: AllImportsFixes: /home/mwalk/Documents/learning-go/main.go:40:66: expected '{', found newline (and 2 more errors)
	file="/home/mwalk/Documents/learning-go/main.go"

[Error - 9:39:03 PM] 2021/09/07 21:39:03 imports fixes: AllImportsFixes: /home/mwalk/Documents/learning-go/main.go:40:66: expected '{', found newline (and 2 more errors)
	file="/home/mwalk/Documents/learning-go/main.go"

[Error - 9:39:04 PM] 2021/09/07 21:39:04 imports fixes: AllImportsFixes: /home/mwalk/Documents/learning-go/main.go:40:66: expected '{', found newline (and 2 more errors)
	file="/home/mwalk/Documents/learning-go/main.go"

[Error - 9:39:05 PM] 2021/09/07 21:39:05 imports fixes: AllImportsFixes: /home/mwalk/Documents/learning-go/main.go:38:20: expected operand, found ')' (and 8 more errors)
	file="/home/mwalk/Documents/learning-go/main.go"

[Error - 9:39:05 PM] 2021/09/07 21:39:05 DocumentSymbols failed: invalid pos
	URI=file:///home/mwalk/Documents/learning-go/main.go

[Error - 9:39:05 PM] 2021/09/07 21:39:05 imports fixes: AllImportsFixes: /home/mwalk/Documents/learning-go/main.go:38:19: expected operand, found ')' (and 8 more errors)
	file="/home/mwalk/Documents/learning-go/main.go"

[Error - 9:39:06 PM] 2021/09/07 21:39:06 DocumentSymbols failed: invalid pos
	URI=file:///home/mwalk/Documents/learning-go/main.go

[Error - 9:39:06 PM] 2021/09/07 21:39:06 imports fixes: AllImportsFixes: /home/mwalk/Documents/learning-go/main.go:40:66: expected '{', found newline (and 2 more errors)
	file="/home/mwalk/Documents/learning-go/main.go"

[Error - 9:39:07 PM] 2021/09/07 21:39:07 imports fixes: AllImportsFixes: /home/mwalk/Documents/learning-go/main.go:38:17: expected ')', found '!' (and 8 more errors)
	file="/home/mwalk/Documents/learning-go/main.go"

[Error - 9:39:08 PM] 2021/09/07 21:39:08 DocumentSymbols failed: invalid pos
	URI=file:///home/mwalk/Documents/learning-go/main.go

[Error - 9:39:08 PM] 2021/09/07 21:39:08 imports fixes: AllImportsFixes: /home/mwalk/Documents/learning-go/main.go:38:19: expected operand, found ')' (and 8 more errors)
	file="/home/mwalk/Documents/learning-go/main.go"

[Error - 9:39:09 PM] 2021/09/07 21:39:09 imports fixes: AllImportsFixes: /home/mwalk/Documents/learning-go/main.go:40:66: expected '{', found newline (and 2 more errors)
	file="/home/mwalk/Documents/learning-go/main.go"

[Error - 9:39:09 PM] 2021/09/07 21:39:09 imports fixes: AllImportsFixes: /home/mwalk/Documents/learning-go/main.go:40:66: expected '{', found newline (and 2 more errors)
	file="/home/mwalk/Documents/learning-go/main.go"

[Error - 9:39:10 PM] 2021/09/07 21:39:10 imports fixes: AllImportsFixes: /home/mwalk/Documents/learning-go/main.go:40:66: expected '{', found newline (and 2 more errors)
	file="/home/mwalk/Documents/learning-go/main.go"

[Error - 9:39:17 PM] 2021/09/07 21:39:17 imports fixes: AllImportsFixes: /home/mwalk/Documents/learning-go/main.go:40:66: expected '{', found newline (and 2 more errors)
	file="/home/mwalk/Documents/learning-go/main.go"

[Error - 9:39:18 PM] 2021/09/07 21:39:18 imports fixes: AllImportsFixes: /home/mwalk/Documents/learning-go/main.go:40:66: expected '{', found newline (and 2 more errors)
	file="/home/mwalk/Documents/learning-go/main.go"

[Error - 9:39:23 PM] 2021/09/07 21:39:23 imports fixes: AllImportsFixes: /home/mwalk/Documents/learning-go/main.go:40:66: expected '{', found newline (and 2 more errors)
	file="/home/mwalk/Documents/learning-go/main.go"

[Error - 9:39:24 PM] 2021/09/07 21:39:24 imports fixes: AllImportsFixes: /home/mwalk/Documents/learning-go/main.go:40:66: expected '{', found newline (and 2 more errors)
	file="/home/mwalk/Documents/learning-go/main.go"

[Error - 9:39:24 PM] 2021/09/07 21:39:24 imports fixes: AllImportsFixes: /home/mwalk/Documents/learning-go/main.go:38:34: expected ')', found newline (and 7 more errors)
	file="/home/mwalk/Documents/learning-go/main.go"

[Error - 9:39:25 PM] 2021/09/07 21:39:25 DocumentSymbols failed: invalid pos
	URI=file:///home/mwalk/Documents/learning-go/main.go

[Error - 9:39:26 PM] 2021/09/07 21:39:26 imports fixes: AllImportsFixes: /home/mwalk/Documents/learning-go/main.go:38:23: expected ')', found newline (and 7 more errors)
	file="/home/mwalk/Documents/learning-go/main.go"

[Error - 9:39:26 PM] 2021/09/07 21:39:26 DocumentSymbols failed: invalid pos
	URI=file:///home/mwalk/Documents/learning-go/main.go

[Error - 9:39:27 PM] 2021/09/07 21:39:27 imports fixes: AllImportsFixes: /home/mwalk/Documents/learning-go/main.go:38:25: expected ')', found newline (and 7 more errors)
	file="/home/mwalk/Documents/learning-go/main.go"

[Error - 9:39:27 PM] 2021/09/07 21:39:27 DocumentSymbols failed: invalid pos
	URI=file:///home/mwalk/Documents/learning-go/main.go

[Error - 9:39:28 PM] 2021/09/07 21:39:28 imports fixes: AllImportsFixes: /home/mwalk/Documents/learning-go/main.go:38:25: expected ')', found newline (and 7 more errors)
	file="/home/mwalk/Documents/learning-go/main.go"

[Error - 9:39:29 PM] 2021/09/07 21:39:29 imports fixes: AllImportsFixes: /home/mwalk/Documents/learning-go/main.go:40:66: expected '{', found newline (and 2 more errors)
	file="/home/mwalk/Documents/learning-go/main.go"

[Error - 9:39:29 PM] 2021/09/07 21:39:29 imports fixes: AllImportsFixes: /home/mwalk/Documents/learning-go/main.go:40:66: expected '{', found newline (and 2 more errors)
	file="/home/mwalk/Documents/learning-go/main.go"

[Error - 9:39:30 PM] 2021/09/07 21:39:30 imports fixes: AllImportsFixes: /home/mwalk/Documents/learning-go/main.go:40:66: expected '{', found newline (and 2 more errors)
	file="/home/mwalk/Documents/learning-go/main.go"

[Error - 9:39:30 PM] 2021/09/07 21:39:30 imports fixes: AllImportsFixes: /home/mwalk/Documents/learning-go/main.go:40:66: expected '{', found newline (and 2 more errors)
	file="/home/mwalk/Documents/learning-go/main.go"

[Error - 9:39:31 PM] 2021/09/07 21:39:31 imports fixes: AllImportsFixes: /home/mwalk/Documents/learning-go/main.go:40:66: expected '{', found newline (and 2 more errors)
	file="/home/mwalk/Documents/learning-go/main.go"

[Error - 9:39:32 PM] 2021/09/07 21:39:32 imports fixes: AllImportsFixes: /home/mwalk/Documents/learning-go/main.go:40:66: expected '{', found newline (and 2 more errors)
	file="/home/mwalk/Documents/learning-go/main.go"

[Error - 9:39:33 PM] 2021/09/07 21:39:33 imports fixes: AllImportsFixes: /home/mwalk/Documents/learning-go/main.go:40:66: expected '{', found newline (and 2 more errors)
	file="/home/mwalk/Documents/learning-go/main.go"

[Error - 9:39:34 PM] 2021/09/07 21:39:34 imports fixes: AllImportsFixes: /home/mwalk/Documents/learning-go/main.go:40:66: expected '{', found newline (and 2 more errors)
	file="/home/mwalk/Documents/learning-go/main.go"

[Error - 9:39:35 PM] 2021/09/07 21:39:35 imports fixes: AllImportsFixes: /home/mwalk/Documents/learning-go/main.go:40:66: expected '{', found newline (and 2 more errors)
	file="/home/mwalk/Documents/learning-go/main.go"

[Error - 9:39:35 PM] 2021/09/07 21:39:35 imports fixes: AllImportsFixes: /home/mwalk/Documents/learning-go/main.go:40:66: expected '{', found newline (and 2 more errors)
	file="/home/mwalk/Documents/learning-go/main.go"

[Error - 9:39:37 PM] 2021/09/07 21:39:37 imports fixes: AllImportsFixes: /home/mwalk/Documents/learning-go/main.go:40:66: expected '{', found newline (and 2 more errors)
	file="/home/mwalk/Documents/learning-go/main.go"

[Error - 9:39:37 PM] 2021/09/07 21:39:37 imports fixes: AllImportsFixes: /home/mwalk/Documents/learning-go/main.go:40:66: expected '{', found newline (and 2 more errors)
	file="/home/mwalk/Documents/learning-go/main.go"

[Error - 9:39:38 PM] 2021/09/07 21:39:38 imports fixes: AllImportsFixes: /home/mwalk/Documents/learning-go/main.go:40:66: expected '{', found newline (and 2 more errors)
	file="/home/mwalk/Documents/learning-go/main.go"

[Error - 9:39:38 PM] 2021/09/07 21:39:38 imports fixes: AllImportsFixes: /home/mwalk/Documents/learning-go/main.go:40:66: expected '{', found newline (and 2 more errors)
	file="/home/mwalk/Documents/learning-go/main.go"

[Info  - 9:39:38 PM] 2021/09/07 21:39:38 background refresh finished after 105.116µs

[Info  - 9:39:38 PM] 2021/09/07 21:39:38 background imports cache refresh starting

[Error - 9:39:39 PM] 2021/09/07 21:39:39 imports fixes: AllImportsFixes: /home/mwalk/Documents/learning-go/main.go:40:66: expected '{', found newline (and 2 more errors)
	file="/home/mwalk/Documents/learning-go/main.go"

[Error - 9:39:45 PM] 2021/09/07 21:39:45 imports fixes: AllImportsFixes: /home/mwalk/Documents/learning-go/main.go:40:66: expected '{', found newline (and 2 more errors)
	file="/home/mwalk/Documents/learning-go/main.go"

[Error - 9:39:46 PM] 2021/09/07 21:39:46 imports fixes: AllImportsFixes: /home/mwalk/Documents/learning-go/main.go:40:66: expected '{', found newline (and 2 more errors)
	file="/home/mwalk/Documents/learning-go/main.go"

[Error - 9:39:47 PM] 2021/09/07 21:39:47 imports fixes: AllImportsFixes: /home/mwalk/Documents/learning-go/main.go:40:66: expected '{', found newline (and 2 more errors)
	file="/home/mwalk/Documents/learning-go/main.go"

[Error - 9:39:55 PM] 2021/09/07 21:39:55 imports fixes: AllImportsFixes: /home/mwalk/Documents/learning-go/main.go:40:66: expected '{', found newline (and 2 more errors)
	file="/home/mwalk/Documents/learning-go/main.go"

[Error - 9:39:56 PM] 2021/09/07 21:39:56 imports fixes: AllImportsFixes: /home/mwalk/Documents/learning-go/main.go:40:66: expected '{', found newline (and 2 more errors)
	file="/home/mwalk/Documents/learning-go/main.go"

[Error - 9:39:57 PM] 2021/09/07 21:39:57 imports fixes: AllImportsFixes: /home/mwalk/Documents/learning-go/main.go:40:66: expected '{', found newline (and 2 more errors)
	file="/home/mwalk/Documents/learning-go/main.go"

[Error - 9:39:58 PM] 2021/09/07 21:39:58 imports fixes: AllImportsFixes: /home/mwalk/Documents/learning-go/main.go:40:66: expected '{', found newline (and 2 more errors)
	file="/home/mwalk/Documents/learning-go/main.go"

[Error - 9:39:59 PM] 2021/09/07 21:39:59 imports fixes: AllImportsFixes: /home/mwalk/Documents/learning-go/main.go:38:22: expected operand, found ')' (and 8 more errors)
	file="/home/mwalk/Documents/learning-go/main.go"

[Error - 9:39:59 PM] 2021/09/07 21:39:59 DocumentSymbols failed: invalid pos
	URI=file:///home/mwalk/Documents/learning-go/main.go

[Error - 9:40:00 PM] 2021/09/07 21:40:00 imports fixes: AllImportsFixes: /home/mwalk/Documents/learning-go/main.go:40:66: expected '{', found newline (and 2 more errors)
	file="/home/mwalk/Documents/learning-go/main.go"

[Error - 9:40:00 PM] 2021/09/07 21:40:00 imports fixes: AllImportsFixes: /home/mwalk/Documents/learning-go/main.go:40:66: expected '{', found newline (and 2 more errors)
	file="/home/mwalk/Documents/learning-go/main.go"

[Error - 9:40:02 PM] 2021/09/07 21:40:02 imports fixes: AllImportsFixes: /home/mwalk/Documents/learning-go/main.go:40:66: expected '{', found newline (and 2 more errors)
	file="/home/mwalk/Documents/learning-go/main.go"

[Error - 9:40:12 PM] 2021/09/07 21:40:12 imports fixes: AllImportsFixes: /home/mwalk/Documents/learning-go/main.go:40:66: expected '{', found newline (and 2 more errors)
	file="/home/mwalk/Documents/learning-go/main.go"

[Error - 9:40:13 PM] 2021/09/07 21:40:13 imports fixes: AllImportsFixes: /home/mwalk/Documents/learning-go/main.go:40:66: expected '{', found newline (and 2 more errors)
	file="/home/mwalk/Documents/learning-go/main.go"

[Error - 9:40:14 PM] 2021/09/07 21:40:14 imports fixes: AllImportsFixes: /home/mwalk/Documents/learning-go/main.go:40:66: expected '{', found newline (and 2 more errors)
	file="/home/mwalk/Documents/learning-go/main.go"

[Error - 9:40:34 PM] 2021/09/07 21:40:34 imports fixes: AllImportsFixes: /home/mwalk/Documents/learning-go/main.go:40:66: expected '{', found newline (and 2 more errors)
	file="/home/mwalk/Documents/learning-go/main.go"

[Error - 9:40:35 PM] 2021/09/07 21:40:35 unable to compute positions for type errors: invalid pos
	package="learning-go/discord-bot"

[Error - 9:40:35 PM] 2021/09/07 21:40:35 imports fixes: AllImportsFixes: /home/mwalk/Documents/learning-go/main.go:38:27: expected operand, found '.' (and 10 more errors)
	file="/home/mwalk/Documents/learning-go/main.go"

[Error - 9:40:35 PM] 2021/09/07 21:40:35 DocumentSymbols failed: invalid pos
	URI=file:///home/mwalk/Documents/learning-go/main.go

[Error - 9:40:36 PM] 2021/09/07 21:40:36 unable to compute positions for type errors: invalid pos
	package="learning-go/discord-bot"

[Error - 9:40:36 PM] 2021/09/07 21:40:36 imports fixes: AllImportsFixes: /home/mwalk/Documents/learning-go/main.go:38:27: expected operand, found '.' (and 10 more errors)
	file="/home/mwalk/Documents/learning-go/main.go"

[Error - 9:40:38 PM] 2021/09/07 21:40:38 imports fixes: AllImportsFixes: /home/mwalk/Documents/learning-go/main.go:40:66: expected '{', found newline (and 2 more errors)
	file="/home/mwalk/Documents/learning-go/main.go"

[Error - 9:40:39 PM] 2021/09/07 21:40:39 imports fixes: AllImportsFixes: /home/mwalk/Documents/learning-go/main.go:40:66: expected '{', found newline (and 2 more errors)
	file="/home/mwalk/Documents/learning-go/main.go"

[Error - 9:40:39 PM] 2021/09/07 21:40:39 imports fixes: AllImportsFixes: /home/mwalk/Documents/learning-go/main.go:40:66: expected '{', found newline (and 2 more errors)
	file="/home/mwalk/Documents/learning-go/main.go"

[Error - 9:40:40 PM] 2021/09/07 21:40:40 imports fixes: AllImportsFixes: /home/mwalk/Documents/learning-go/main.go:40:66: expected '{', found newline (and 2 more errors)
	file="/home/mwalk/Documents/learning-go/main.go"

[Error - 9:40:40 PM] 2021/09/07 21:40:40 imports fixes: AllImportsFixes: /home/mwalk/Documents/learning-go/main.go:40:66: expected '{', found newline (and 2 more errors)
	file="/home/mwalk/Documents/learning-go/main.go"

[Error - 9:40:41 PM] 2021/09/07 21:40:41 imports fixes: AllImportsFixes: /home/mwalk/Documents/learning-go/main.go:40:66: expected '{', found newline (and 2 more errors)
	file="/home/mwalk/Documents/learning-go/main.go"

[Error - 9:40:42 PM] 2021/09/07 21:40:42 imports fixes: AllImportsFixes: /home/mwalk/Documents/learning-go/main.go:40:66: expected '{', found newline (and 2 more errors)
	file="/home/mwalk/Documents/learning-go/main.go"

[Error - 9:41:13 PM] 2021/09/07 21:41:13 imports fixes: AllImportsFixes: /home/mwalk/Documents/learning-go/main.go:40:66: expected '{', found newline (and 2 more errors)
	file="/home/mwalk/Documents/learning-go/main.go"

[Error - 9:41:14 PM] 2021/09/07 21:41:14 imports fixes: AllImportsFixes: /home/mwalk/Documents/learning-go/main.go:40:66: expected '{', found newline (and 2 more errors)
	file="/home/mwalk/Documents/learning-go/main.go"

[Error - 9:41:16 PM] 2021/09/07 21:41:16 imports fixes: AllImportsFixes: /home/mwalk/Documents/learning-go/main.go:40:66: expected '{', found newline (and 2 more errors)
	file="/home/mwalk/Documents/learning-go/main.go"

[Error - 9:41:17 PM] 2021/09/07 21:41:17 imports fixes: AllImportsFixes: /home/mwalk/Documents/learning-go/main.go:40:66: expected '{', found newline (and 2 more errors)
	file="/home/mwalk/Documents/learning-go/main.go"

[Error - 9:41:17 PM] 2021/09/07 21:41:17 imports fixes: AllImportsFixes: /home/mwalk/Documents/learning-go/main.go:40:66: expected '{', found newline (and 2 more errors)
	file="/home/mwalk/Documents/learning-go/main.go"

[Error - 9:41:18 PM] 2021/09/07 21:41:18 imports fixes: AllImportsFixes: /home/mwalk/Documents/learning-go/main.go:40:66: expected '{', found newline (and 2 more errors)
	file="/home/mwalk/Documents/learning-go/main.go"

[Error - 9:41:18 PM] 2021/09/07 21:41:18 imports fixes: AllImportsFixes: /home/mwalk/Documents/learning-go/main.go:40:66: expected '{', found newline (and 2 more errors)
	file="/home/mwalk/Documents/learning-go/main.go"

[Error - 9:41:19 PM] 2021/09/07 21:41:19 imports fixes: AllImportsFixes: /home/mwalk/Documents/learning-go/main.go:40:66: expected '{', found newline (and 2 more errors)
	file="/home/mwalk/Documents/learning-go/main.go"

[Error - 9:41:20 PM] 2021/09/07 21:41:20 imports fixes: AllImportsFixes: /home/mwalk/Documents/learning-go/main.go:40:66: expected '{', found newline (and 2 more errors)
	file="/home/mwalk/Documents/learning-go/main.go"

[Error - 9:41:20 PM] 2021/09/07 21:41:20 imports fixes: AllImportsFixes: /home/mwalk/Documents/learning-go/main.go:40:66: expected '{', found newline (and 2 more errors)
	file="/home/mwalk/Documents/learning-go/main.go"

[Error - 9:41:21 PM] 2021/09/07 21:41:21 imports fixes: AllImportsFixes: /home/mwalk/Documents/learning-go/main.go:40:66: expected '{', found newline (and 2 more errors)
	file="/home/mwalk/Documents/learning-go/main.go"

[Error - 9:41:24 PM] 2021/09/07 21:41:24 imports fixes: AllImportsFixes: /home/mwalk/Documents/learning-go/main.go:40:66: expected '{', found newline (and 2 more errors)
	file="/home/mwalk/Documents/learning-go/main.go"

[Info  - 9:41:56 PM] 2021/09/07 21:41:56 background imports cache refresh starting

[Info  - 9:41:56 PM] 2021/09/07 21:41:56 background refresh finished after 456.677µs

