[2021-09-09 21:50:19.148] [exthost] [info] extension host started
[2021-09-09 21:50:19.148] [exthost] [info] Skipping acquiring lock for /home/mwalk/.config/Code/User/workspaceStorage/f419ce41cc6f57d3f6c1748ae3537d12.
[2021-09-09 21:50:19.180] [exthost] [info] ExtensionService#_doActivateExtension bilal-arikan.csharp-auto-formatter {"startup":false,"extensionId":{"value":"bilal-arikan.csharp-auto-formatter","_lower":"bilal-arikan.csharp-auto-formatter"},"activationEvent":"onFileSystem:file"}
[2021-09-09 21:50:19.180] [exthost] [info] ExtensionService#loadCommonJSModule file:///home/mwalk/.vscode/extensions/bilal-arikan.csharp-auto-formatter-0.1.0/out/src/extension
[2021-09-09 21:50:19.182] [exthost] [info] ExtensionService#_doActivateExtension vscode.microsoft-authentication {"startup":false,"extensionId":{"value":"vscode.microsoft-authentication","_lower":"vscode.microsoft-authentication"},"activationEvent":"onAuthenticationRequest:microsoft"}
[2021-09-09 21:50:19.182] [exthost] [info] ExtensionService#loadCommonJSModule file:///opt/visual-studio-code/resources/app/extensions/microsoft-authentication/dist/extension.js
[2021-09-09 21:50:19.189] [exthost] [info] ExtensionService#_doActivateExtension vscode.extension-editing {"startup":false,"extensionId":{"value":"vscode.extension-editing","_lower":"vscode.extension-editing"},"activationEvent":"onLanguage:markdown"}
[2021-09-09 21:50:19.189] [exthost] [info] ExtensionService#loadCommonJSModule file:///opt/visual-studio-code/resources/app/extensions/extension-editing/dist/extensionEditingMain
[2021-09-09 21:50:19.195] [exthost] [info] ExtensionService#_doActivateExtension vscode.markdown-language-features {"startup":false,"extensionId":{"value":"vscode.markdown-language-features","_lower":"vscode.markdown-language-features"},"activationEvent":"onLanguage:markdown"}
[2021-09-09 21:50:19.195] [exthost] [info] ExtensionService#loadCommonJSModule file:///opt/visual-studio-code/resources/app/extensions/markdown-language-features/dist/extension
[2021-09-09 21:50:19.215] [exthost] [info] ExtensionService#_doActivateExtension vscode.debug-auto-launch {"startup":true,"extensionId":{"value":"vscode.debug-auto-launch","_lower":"vscode.debug-auto-launch"},"activationEvent":"*"}
[2021-09-09 21:50:19.215] [exthost] [info] ExtensionService#loadCommonJSModule file:///opt/visual-studio-code/resources/app/extensions/debug-auto-launch/dist/extension
[2021-09-09 21:50:19.217] [exthost] [info] ExtensionService#_doActivateExtension vscode.git {"startup":true,"extensionId":{"value":"vscode.github","_lower":"vscode.github"},"activationEvent":"*"}
[2021-09-09 21:50:19.217] [exthost] [info] ExtensionService#loadCommonJSModule file:///opt/visual-studio-code/resources/app/extensions/git/dist/main
[2021-09-09 21:50:19.234] [exthost] [info] ExtensionService#_doActivateExtension christian-kohler.path-intellisense {"startup":true,"extensionId":{"value":"christian-kohler.path-intellisense","_lower":"christian-kohler.path-intellisense"},"activationEvent":"*"}
[2021-09-09 21:50:19.234] [exthost] [info] ExtensionService#loadCommonJSModule file:///home/mwalk/.vscode/extensions/christian-kohler.path-intellisense-2.4.0/out/extension.js
[2021-09-09 21:50:19.253] [exthost] [info] ExtensionService#_doActivateExtension ecmel.vscode-html-css {"startup":true,"extensionId":{"value":"ecmel.vscode-html-css","_lower":"ecmel.vscode-html-css"},"activationEvent":"*"}
[2021-09-09 21:50:19.253] [exthost] [info] ExtensionService#loadCommonJSModule file:///home/mwalk/.vscode/extensions/ecmel.vscode-html-css-1.10.2/dist/extension.js
[2021-09-09 21:50:19.264] [exthost] [info] ExtensionService#_doActivateExtension HookyQR.beautify {"startup":true,"extensionId":{"value":"HookyQR.beautify","_lower":"hookyqr.beautify"},"activationEvent":"*"}
[2021-09-09 21:50:19.265] [exthost] [info] ExtensionService#loadCommonJSModule file:///home/mwalk/.vscode/extensions/hookyqr.beautify-1.5.0/extension
[2021-09-09 21:50:19.299] [exthost] [info] ExtensionService#_doActivateExtension icrawl.discord-vscode {"startup":true,"extensionId":{"value":"icrawl.discord-vscode","_lower":"icrawl.discord-vscode"},"activationEvent":"*"}
[2021-09-09 21:50:19.299] [exthost] [info] ExtensionService#loadCommonJSModule file:///home/mwalk/.vscode/extensions/icrawl.discord-vscode-5.7.0/dist/extension
[2021-09-09 21:50:19.306] [exthost] [info] ExtensionService#_doActivateExtension ms-vsliveshare.vsliveshare {"startup":true,"extensionId":{"value":"ms-vsliveshare.vsliveshare","_lower":"ms-vsliveshare.vsliveshare"},"activationEvent":"*"}
[2021-09-09 21:50:19.306] [exthost] [info] ExtensionService#loadCommonJSModule file:///home/mwalk/.vscode/extensions/ms-vsliveshare.vsliveshare-1.0.4761/out/prod/extension-prod
[2021-09-09 21:50:19.422] [exthost] [info] ExtensionService#_doActivateExtension naumovs.color-highlight {"startup":true,"extensionId":{"value":"naumovs.color-highlight","_lower":"naumovs.color-highlight"},"activationEvent":"*"}
[2021-09-09 21:50:19.422] [exthost] [info] ExtensionService#loadCommonJSModule file:///home/mwalk/.vscode/extensions/naumovs.color-highlight-2.4.0/dist/extension
[2021-09-09 21:50:19.431] [exthost] [info] ExtensionService#_doActivateExtension swyphcosmo.spellchecker {"startup":true,"extensionId":{"value":"swyphcosmo.spellchecker","_lower":"swyphcosmo.spellchecker"},"activationEvent":"*"}
[2021-09-09 21:50:19.431] [exthost] [info] ExtensionService#loadCommonJSModule file:///home/mwalk/.vscode/extensions/swyphcosmo.spellchecker-1.3.0/out/src/extension
[2021-09-09 21:50:20.031] [exthost] [info] ExtensionService#_doActivateExtension vscode.markdown-math {"startup":false,"extensionId":{"value":"vscode.markdown-language-features","_lower":"vscode.markdown-language-features"},"activationEvent":"api"}
[2021-09-09 21:50:20.031] [exthost] [info] ExtensionService#loadCommonJSModule file:///opt/visual-studio-code/resources/app/extensions/markdown-math/dist/extension
[2021-09-09 21:50:20.067] [exthost] [info] ExtensionService#_doActivateExtension ms-vscode.js-debug {"startup":false,"extensionId":{"value":"ms-vscode.js-debug","_lower":"ms-vscode.js-debug"},"activationEvent":"onCommand:extension.js-debug.clearAutoAttachVariables"}
[2021-09-09 21:50:20.067] [exthost] [info] ExtensionService#loadCommonJSModule file:///opt/visual-studio-code/resources/app/extensions/ms-vscode.js-debug/src/extension.js
[2021-09-09 21:50:20.125] [exthost] [info] ExtensionService#_doActivateExtension vscode.github {"startup":false,"extensionId":{"value":"vscode.github","_lower":"vscode.github"},"activationEvent":"*"}
[2021-09-09 21:50:20.125] [exthost] [info] ExtensionService#loadCommonJSModule file:///opt/visual-studio-code/resources/app/extensions/github/dist/extension.js
[2021-09-09 21:50:20.142] [exthost] [info] ExtensionService#_doActivateExtension vscode.github-authentication {"startup":false,"extensionId":{"value":"vscode.github-authentication","_lower":"vscode.github-authentication"},"activationEvent":"onAuthenticationRequest:github"}
[2021-09-09 21:50:20.142] [exthost] [info] ExtensionService#loadCommonJSModule file:///opt/visual-studio-code/resources/app/extensions/github-authentication/dist/extension.js
[2021-09-09 21:50:20.822] [exthost] [info] eager extensions activated
[2021-09-09 21:50:20.830] [exthost] [info] ExtensionService#_doActivateExtension vscode.emmet {"startup":false,"extensionId":{"value":"vscode.emmet","_lower":"vscode.emmet"},"activationEvent":"onStartupFinished"}
[2021-09-09 21:50:20.830] [exthost] [info] ExtensionService#loadCommonJSModule file:///opt/visual-studio-code/resources/app/extensions/emmet/dist/node/emmetNodeMain
[2021-09-09 21:50:20.835] [exthost] [info] ExtensionService#_doActivateExtension vscode.merge-conflict {"startup":false,"extensionId":{"value":"vscode.merge-conflict","_lower":"vscode.merge-conflict"},"activationEvent":"onStartupFinished"}
[2021-09-09 21:50:20.835] [exthost] [info] ExtensionService#loadCommonJSModule file:///opt/visual-studio-code/resources/app/extensions/merge-conflict/dist/mergeConflictMain
[2021-09-09 21:50:20.837] [exthost] [info] ExtensionService#_doActivateExtension vscode.testing-editor-contributions {"startup":false,"extensionId":{"value":"vscode.testing-editor-contributions","_lower":"vscode.testing-editor-contributions"},"activationEvent":"onStartupFinished"}
[2021-09-09 21:50:20.837] [exthost] [info] ExtensionService#loadCommonJSModule file:///opt/visual-studio-code/resources/app/extensions/testing-editor-contributions/dist/extension.js
[2021-09-09 21:50:20.838] [exthost] [info] ExtensionService#_doActivateExtension CoenraadS.bracket-pair-colorizer-2 {"startup":false,"extensionId":{"value":"CoenraadS.bracket-pair-colorizer-2","_lower":"coenraads.bracket-pair-colorizer-2"},"activationEvent":"onStartupFinished"}
[2021-09-09 21:50:20.838] [exthost] [info] ExtensionService#loadCommonJSModule file:///home/mwalk/.vscode/extensions/coenraads.bracket-pair-colorizer-2-0.2.1/out/src/extension
[2021-09-09 21:50:20.855] [exthost] [info] ExtensionService#_doActivateExtension dbaeumer.vscode-eslint {"startup":false,"extensionId":{"value":"dbaeumer.vscode-eslint","_lower":"dbaeumer.vscode-eslint"},"activationEvent":"onStartupFinished"}
[2021-09-09 21:50:20.855] [exthost] [info] ExtensionService#loadCommonJSModule file:///home/mwalk/.vscode/extensions/dbaeumer.vscode-eslint-2.1.23/client/out/extension
[2021-09-09 21:51:33.078] [exthost] [error] Error: Illegal argument
    at Object.C [as illegalArgument] (vscode-file://vscode-app/opt/visual-studio-code/resources/app/out/vs/workbench/workbench.desktop.main.js:8:1268)
    at vscode-file://vscode-app/opt/visual-studio-code/resources/app/out/vs/workbench/workbench.desktop.main.js:621:16653
    at g.invokeFunction (vscode-file://vscode-app/opt/visual-studio-code/resources/app/out/vs/workbench/workbench.desktop.main.js:625:319)
    at g._tryExecuteCommand (vscode-file://vscode-app/opt/visual-studio-code/resources/app/out/vs/workbench/workbench.desktop.main.js:1678:3492)
    at vscode-file://vscode-app/opt/visual-studio-code/resources/app/out/vs/workbench/workbench.desktop.main.js:1678:3241
    at processTicksAndRejections (internal/process/task_queues.js:93:5) vscode.executeCodeLensProvider
[2021-09-09 21:51:33.078] [exthost] [error] [ms-vsliveshare.vsliveshare] provider FAILED
[2021-09-09 21:51:33.078] [exthost] [error] Error: Running the contributed command: 'vscode.executeCodeLensProvider' failed.
	at S._executeContributedCommand (/opt/visual-studio-code/resources/app/out/vs/workbench/services/extensions/node/extensionHostProcess.js:84:120745)
	at processTicksAndRejections (internal/process/task_queues.js:93:5)
	at async OpportunisticCodeLensProvider.provideCodeLenses (/home/mwalk/.vscode/extensions/ms-vsliveshare.vsliveshare-1.0.4761/out/prod/extension-prod.js:203629:35)
	at async f.provideCodeLenses (/opt/visual-studio-code/resources/app/out/vs/workbench/services/extensions/node/extensionHostProcess.js:84:170550)
[2021-09-09 22:50:26.163] [exthost] [error] Error: Illegal argument
    at Object.C [as illegalArgument] (vscode-file://vscode-app/opt/visual-studio-code/resources/app/out/vs/workbench/workbench.desktop.main.js:8:1268)
    at vscode-file://vscode-app/opt/visual-studio-code/resources/app/out/vs/workbench/workbench.desktop.main.js:621:16653
    at g.invokeFunction (vscode-file://vscode-app/opt/visual-studio-code/resources/app/out/vs/workbench/workbench.desktop.main.js:625:319)
    at g._tryExecuteCommand (vscode-file://vscode-app/opt/visual-studio-code/resources/app/out/vs/workbench/workbench.desktop.main.js:1678:3492)
    at vscode-file://vscode-app/opt/visual-studio-code/resources/app/out/vs/workbench/workbench.desktop.main.js:1678:3241
    at processTicksAndRejections (internal/process/task_queues.js:93:5) vscode.executeCodeLensProvider
[2021-09-09 22:50:26.163] [exthost] [error] [ms-vsliveshare.vsliveshare] provider FAILED
[2021-09-09 22:50:26.163] [exthost] [error] Error: Running the contributed command: 'vscode.executeCodeLensProvider' failed.
	at S._executeContributedCommand (/opt/visual-studio-code/resources/app/out/vs/workbench/services/extensions/node/extensionHostProcess.js:84:120745)
	at processTicksAndRejections (internal/process/task_queues.js:93:5)
	at async OpportunisticCodeLensProvider.provideCodeLenses (/home/mwalk/.vscode/extensions/ms-vsliveshare.vsliveshare-1.0.4761/out/prod/extension-prod.js:203629:35)
	at async f.provideCodeLenses (/opt/visual-studio-code/resources/app/out/vs/workbench/services/extensions/node/extensionHostProcess.js:84:170550)
[2021-09-09 23:10:48.880] [exthost] [info] extension host terminating: renderer closed the socket
[2021-09-09 23:10:49.892] [exthost] [info] exiting with code 0
