Validating found git in: git
Using git 2.33.0 from git
> git rev-parse --git-dir
Open repository: /home/mwalk/Documents/NotesExtension
> git fetch
> git status -z -u
> git symbolic-ref --short HEAD
> git for-each-ref --format=%(refname)%00%(upstream:short)%00%(objectname)%00%(upstream:track) refs/heads/main refs/remotes/main
> git for-each-ref --sort -committerdate --format %(refname) %(objectname) %(*objectname)
> git remote --verbose
> git config --get commit.template
> git show --textconv :src/manifest.json
> git ls-files --stage -- /home/mwalk/Documents/NotesExtension/src/manifest.json
> git cat-file -s 1f712a8fdf3b14330a9f69119699bc61b4c355a5
> git check-ignore -v -z --stdin
> git config --global user.email
> git config --global user.name
> git status -z -u
> git symbolic-ref --short HEAD
> git for-each-ref --format=%(refname)%00%(upstream:short)%00%(objectname)%00%(upstream:track) refs/heads/main refs/remotes/main
> git ls-files --stage -- /home/mwalk/Documents/NotesExtension/src/manifest.json
> git cat-file -s 1f712a8fdf3b14330a9f69119699bc61b4c355a5
> git for-each-ref --sort -committerdate --format %(refname) %(objectname) %(*objectname)
> git remote --verbose
> git config --get commit.template
> git show --textconv :src/manifest.json
> git show -s --format=%an <%ae> [%ai] c446bcd292169165c4782d0d02007c97676765f0
> git show -s --format=%H%n%aN%n%aE%n%at%n%ct%n%P%n%B -z c446bcd292169165c4782d0d02007c97676765f0
> git show -s --format=%an <%ae> [%ai] f0f24ff1f7aa60005454cf3f39e11953b0bd8b79
> git show -s --format=%H%n%aN%n%aE%n%at%n%ct%n%P%n%B -z f0f24ff1f7aa60005454cf3f39e11953b0bd8b79
> git status -z -u
> git show -s --format=%an <%ae> [%ai] 3b8eba23b7bc8b771902c499546e626a4c1f3a34
> git symbolic-ref --short HEAD
> git show -s --format=%H%n%aN%n%aE%n%at%n%ct%n%P%n%B -z 3b8eba23b7bc8b771902c499546e626a4c1f3a34
> git for-each-ref --format=%(refname)%00%(upstream:short)%00%(objectname)%00%(upstream:track) refs/heads/main refs/remotes/main
> git show -s --format=%an <%ae> [%ai] 7c45c13b2a22c0cdf75d6503d563d5a395ca52e7
> git for-each-ref --sort -committerdate --format %(refname) %(objectname) %(*objectname)
> git remote --verbose
> git show -s --format=%H%n%aN%n%aE%n%at%n%ct%n%P%n%B -z 7c45c13b2a22c0cdf75d6503d563d5a395ca52e7
> git config --get commit.template
> git show -s --format=%an <%ae> [%ai] 09766790daf70a4527756beec34197b91687931f
> git show -s --format=%an <%ae> [%ai] 017fb8936f5b764909122db54d65a828c744181d
> git show -s --format=%H%n%aN%n%aE%n%at%n%ct%n%P%n%B -z 09766790daf70a4527756beec34197b91687931f
> git show -s --format=%H%n%aN%n%aE%n%at%n%ct%n%P%n%B -z 017fb8936f5b764909122db54d65a828c744181d
> git show -s --format=%an <%ae> [%ai] 9666e87be38c0bd3b25e1f7b74a79dd293c7a30a
> git show -s --format=%an <%ae> [%ai] 13c79088ba66cae8dde60999bebe27917747976e
> git show -s --format=%H%n%aN%n%aE%n%at%n%ct%n%P%n%B -z 9666e87be38c0bd3b25e1f7b74a79dd293c7a30a
> git show -s --format=%H%n%aN%n%aE%n%at%n%ct%n%P%n%B -z 13c79088ba66cae8dde60999bebe27917747976e
> git show -s --format=%an <%ae> [%ai] fc92652e70d23c5c0ae57f6e95126509d5a5935e
> git show -s --format=%an <%ae> [%ai] 6da210f734a5234e4db559c40635f30fc962c722
> git show -s --format=%H%n%aN%n%aE%n%at%n%ct%n%P%n%B -z fc92652e70d23c5c0ae57f6e95126509d5a5935e
> git show -s --format=%H%n%aN%n%aE%n%at%n%ct%n%P%n%B -z 6da210f734a5234e4db559c40635f30fc962c722
> git show -s --format=%an <%ae> [%ai] 1835066e953fba1db443f2851dd9e1566f492b19
> git show -s --format=%an <%ae> [%ai] 8d07ab5219f16577b433e0e8ba3ca3614e756469
> git show -s --format=%H%n%aN%n%aE%n%at%n%ct%n%P%n%B -z 1835066e953fba1db443f2851dd9e1566f492b19
> git show -s --format=%an <%ae> [%ai] af0deae7bc2112288b83a7c3dd1dc462b2307b50
> git show -s --format=%H%n%aN%n%aE%n%at%n%ct%n%P%n%B -z 8d07ab5219f16577b433e0e8ba3ca3614e756469
> git show -s --format=%H%n%aN%n%aE%n%at%n%ct%n%P%n%B -z af0deae7bc2112288b83a7c3dd1dc462b2307b50
> git show -s --format=%an <%ae> [%ai] 9666e87be38c0bd3b25e1f7b74a79dd293c7a30a
> git show -s --format=%an <%ae> [%ai] 0ad9bf565566040ed89230b577ace7a8664f6e0b
> git show -s --format=%H%n%aN%n%aE%n%at%n%ct%n%P%n%B -z 9666e87be38c0bd3b25e1f7b74a79dd293c7a30a
> git show -s --format=%H%n%aN%n%aE%n%at%n%ct%n%P%n%B -z 0ad9bf565566040ed89230b577ace7a8664f6e0b
> git show -s --format=%an <%ae> [%ai] fc92652e70d23c5c0ae57f6e95126509d5a5935e
> git show -s --format=%an <%ae> [%ai] 08624af460021addae1cbf1b1525a5126a09e196
> git show -s --format=%H%n%aN%n%aE%n%at%n%ct%n%P%n%B -z fc92652e70d23c5c0ae57f6e95126509d5a5935e
> git show -s --format=%H%n%aN%n%aE%n%at%n%ct%n%P%n%B -z 08624af460021addae1cbf1b1525a5126a09e196
> git show -s --format=%an <%ae> [%ai] 1835066e953fba1db443f2851dd9e1566f492b19
> git show -s --format=%an <%ae> [%ai] d784100baa3889773f6030b47b433dfe479d7aa2
> git show -s --format=%H%n%aN%n%aE%n%at%n%ct%n%P%n%B -z 1835066e953fba1db443f2851dd9e1566f492b19
> git show -s --format=%H%n%aN%n%aE%n%at%n%ct%n%P%n%B -z d784100baa3889773f6030b47b433dfe479d7aa2
> git show -s --format=%an <%ae> [%ai] af0deae7bc2112288b83a7c3dd1dc462b2307b50
> git show -s --format=%an <%ae> [%ai] 970245cc6b12304a5a63044f8082759a98fb0fe0
> git show -s --format=%H%n%aN%n%aE%n%at%n%ct%n%P%n%B -z af0deae7bc2112288b83a7c3dd1dc462b2307b50
> git show -s --format=%H%n%aN%n%aE%n%at%n%ct%n%P%n%B -z 970245cc6b12304a5a63044f8082759a98fb0fe0
> git show -s --format=%an <%ae> [%ai] 0ad9bf565566040ed89230b577ace7a8664f6e0b
> git show -s --format=%an <%ae> [%ai] 1cdcd94d6516ae058a4db94f9f48bfa376cf471a
> git show -s --format=%an <%ae> [%ai] ea5511385c5aecaa4d3130277af912a6879fe442
> git show -s --format=%H%n%aN%n%aE%n%at%n%ct%n%P%n%B -z 1cdcd94d6516ae058a4db94f9f48bfa376cf471a
> git show -s --format=%H%n%aN%n%aE%n%at%n%ct%n%P%n%B -z 0ad9bf565566040ed89230b577ace7a8664f6e0b
> git show -s --format=%an <%ae> [%ai] 7c489bfe67b040ccaef0f13e7555d6bf6a11d81a
> git show -s --format=%H%n%aN%n%aE%n%at%n%ct%n%P%n%B -z ea5511385c5aecaa4d3130277af912a6879fe442
> git show -s --format=%H%n%aN%n%aE%n%at%n%ct%n%P%n%B -z 7c489bfe67b040ccaef0f13e7555d6bf6a11d81a
> git show -s --format=%an <%ae> [%ai] 08624af460021addae1cbf1b1525a5126a09e196
> git show -s --format=%an <%ae> [%ai] ee6b93f662986558da6663274c26ae6d0890a6a4
> git show -s --format=%an <%ae> [%ai] 1cdcd94d6516ae058a4db94f9f48bfa376cf471a
> git show -s --format=%H%n%aN%n%aE%n%at%n%ct%n%P%n%B -z ee6b93f662986558da6663274c26ae6d0890a6a4
> git show -s --format=%H%n%aN%n%aE%n%at%n%ct%n%P%n%B -z 08624af460021addae1cbf1b1525a5126a09e196
> git show -s --format=%an <%ae> [%ai] 517a1ae2a1b9d9f0da3065ea4f3cebd8244a2784
> git show -s --format=%H%n%aN%n%aE%n%at%n%ct%n%P%n%B -z 1cdcd94d6516ae058a4db94f9f48bfa376cf471a
> git show -s --format=%H%n%aN%n%aE%n%at%n%ct%n%P%n%B -z 517a1ae2a1b9d9f0da3065ea4f3cebd8244a2784
> git show -s --format=%an <%ae> [%ai] d784100baa3889773f6030b47b433dfe479d7aa2
> git show -s --format=%an <%ae> [%ai] 32c3da91247681439a1a84b028350212f5edf5c1
> git show -s --format=%an <%ae> [%ai] 7c489bfe67b040ccaef0f13e7555d6bf6a11d81a
> git show -s --format=%H%n%aN%n%aE%n%at%n%ct%n%P%n%B -z 32c3da91247681439a1a84b028350212f5edf5c1
> git show -s --format=%H%n%aN%n%aE%n%at%n%ct%n%P%n%B -z d784100baa3889773f6030b47b433dfe479d7aa2
> git show -s --format=%an <%ae> [%ai] 96dcf8d11712d37b0960c4e3ed77089fde07aa16
> git show -s --format=%H%n%aN%n%aE%n%at%n%ct%n%P%n%B -z 7c489bfe67b040ccaef0f13e7555d6bf6a11d81a
> git show -s --format=%H%n%aN%n%aE%n%at%n%ct%n%P%n%B -z 96dcf8d11712d37b0960c4e3ed77089fde07aa16
> git show -s --format=%an <%ae> [%ai] 970245cc6b12304a5a63044f8082759a98fb0fe0
> git show -s --format=%an <%ae> [%ai] f67af4a5d34814b9defcd1d0bd73ff976102521d
> git show -s --format=%an <%ae> [%ai] ee6b93f662986558da6663274c26ae6d0890a6a4
> git show -s --format=%H%n%aN%n%aE%n%at%n%ct%n%P%n%B -z f67af4a5d34814b9defcd1d0bd73ff976102521d
> git show -s --format=%H%n%aN%n%aE%n%at%n%ct%n%P%n%B -z 970245cc6b12304a5a63044f8082759a98fb0fe0
> git show -s --format=%an <%ae> [%ai] 10564c643699f46e0d7ff594f9e7a5837ce4946e
> git show -s --format=%H%n%aN%n%aE%n%at%n%ct%n%P%n%B -z ee6b93f662986558da6663274c26ae6d0890a6a4
> git show -s --format=%H%n%aN%n%aE%n%at%n%ct%n%P%n%B -z 10564c643699f46e0d7ff594f9e7a5837ce4946e
> git show -s --format=%an <%ae> [%ai] 1cdcd94d6516ae058a4db94f9f48bfa376cf471a
> git show -s --format=%an <%ae> [%ai] ea5511385c5aecaa4d3130277af912a6879fe442
> git show -s --format=%H%n%aN%n%aE%n%at%n%ct%n%P%n%B -z 1cdcd94d6516ae058a4db94f9f48bfa376cf471a
> git show -s --format=%an <%ae> [%ai] 8e71ba390b9832f8abb4256341cf88bd5eccafad
> git show -s --format=%an <%ae> [%ai] 24503e0f2b1a749c55d22853d6d5dd2bdf76cd00
> git show -s --format=%an <%ae> [%ai] 517a1ae2a1b9d9f0da3065ea4f3cebd8244a2784
> git show -s --format=%H%n%aN%n%aE%n%at%n%ct%n%P%n%B -z 24503e0f2b1a749c55d22853d6d5dd2bdf76cd00
> git show -s --format=%H%n%aN%n%aE%n%at%n%ct%n%P%n%B -z 8e71ba390b9832f8abb4256341cf88bd5eccafad
> git show -s --format=%an <%ae> [%ai] 7c489bfe67b040ccaef0f13e7555d6bf6a11d81a
> git show -s --format=%H%n%aN%n%aE%n%at%n%ct%n%P%n%B -z ea5511385c5aecaa4d3130277af912a6879fe442
> git show -s --format=%H%n%aN%n%aE%n%at%n%ct%n%P%n%B -z 7c489bfe67b040ccaef0f13e7555d6bf6a11d81a
> git show -s --format=%an <%ae> [%ai] 712f876b5ebf071049a6d92301e9efe27f9d92f4
> git show -s --format=%an <%ae> [%ai] 9e85d252986ae3cf589908da3e898ad5bb8f0f43
> git show -s --format=%H%n%aN%n%aE%n%at%n%ct%n%P%n%B -z 517a1ae2a1b9d9f0da3065ea4f3cebd8244a2784
> git show -s --format=%H%n%aN%n%aE%n%at%n%ct%n%P%n%B -z 9e85d252986ae3cf589908da3e898ad5bb8f0f43
> git show -s --format=%H%n%aN%n%aE%n%at%n%ct%n%P%n%B -z 712f876b5ebf071049a6d92301e9efe27f9d92f4
> git show -s --format=%an <%ae> [%ai] ee6b93f662986558da6663274c26ae6d0890a6a4
> git show -s --format=%an <%ae> [%ai] 1cdcd94d6516ae058a4db94f9f48bfa376cf471a
> git show -s --format=%H%n%aN%n%aE%n%at%n%ct%n%P%n%B -z ee6b93f662986558da6663274c26ae6d0890a6a4
> git show -s --format=%an <%ae> [%ai] 32eb45b151f3229b1c06e0e408246e4963ddc8c1
> git show -s --format=%an <%ae> [%ai] c9664117470ff2cd889bf385590d4cf2f4276d81
> git show -s --format=%an <%ae> [%ai] 32c3da91247681439a1a84b028350212f5edf5c1
> git show -s --format=%H%n%aN%n%aE%n%at%n%ct%n%P%n%B -z c9664117470ff2cd889bf385590d4cf2f4276d81
> git show -s --format=%H%n%aN%n%aE%n%at%n%ct%n%P%n%B -z 32eb45b151f3229b1c06e0e408246e4963ddc8c1
> git show -s --format=%an <%ae> [%ai] 517a1ae2a1b9d9f0da3065ea4f3cebd8244a2784
> git show -s --format=%H%n%aN%n%aE%n%at%n%ct%n%P%n%B -z 1cdcd94d6516ae058a4db94f9f48bfa376cf471a
> git show -s --format=%H%n%aN%n%aE%n%at%n%ct%n%P%n%B -z 517a1ae2a1b9d9f0da3065ea4f3cebd8244a2784
> git show -s --format=%an <%ae> [%ai] 14aacb0070ac142dea8744e403fa47adedf593ef
> git show -s --format=%an <%ae> [%ai] d6de58cd425c7a51943619859d313b507f1816a0
> git show -s --format=%H%n%aN%n%aE%n%at%n%ct%n%P%n%B -z 32c3da91247681439a1a84b028350212f5edf5c1
> git show -s --format=%H%n%aN%n%aE%n%at%n%ct%n%P%n%B -z d6de58cd425c7a51943619859d313b507f1816a0
> git show -s --format=%H%n%aN%n%aE%n%at%n%ct%n%P%n%B -z 14aacb0070ac142dea8744e403fa47adedf593ef
> git show -s --format=%an <%ae> [%ai] 32c3da91247681439a1a84b028350212f5edf5c1
> git show -s --format=%an <%ae> [%ai] 7c489bfe67b040ccaef0f13e7555d6bf6a11d81a
> git show -s --format=%H%n%aN%n%aE%n%at%n%ct%n%P%n%B -z 32c3da91247681439a1a84b028350212f5edf5c1
> git show -s --format=%an <%ae> [%ai] 8810a95ab737b22b2d14d67ced0bdb55f8a9e4a4
> git show -s --format=%an <%ae> [%ai] 6f90fe624266dc51a8d81ab462a0fae5046c5fb2
> git show -s --format=%an <%ae> [%ai] 96dcf8d11712d37b0960c4e3ed77089fde07aa16
> git show -s --format=%H%n%aN%n%aE%n%at%n%ct%n%P%n%B -z 6f90fe624266dc51a8d81ab462a0fae5046c5fb2
> git show -s --format=%H%n%aN%n%aE%n%at%n%ct%n%P%n%B -z 8810a95ab737b22b2d14d67ced0bdb55f8a9e4a4
> git show -s --format=%an <%ae> [%ai] 96dcf8d11712d37b0960c4e3ed77089fde07aa16
> git show -s --format=%H%n%aN%n%aE%n%at%n%ct%n%P%n%B -z 7c489bfe67b040ccaef0f13e7555d6bf6a11d81a
> git show -s --format=%H%n%aN%n%aE%n%at%n%ct%n%P%n%B -z 96dcf8d11712d37b0960c4e3ed77089fde07aa16
> git show -s --format=%an <%ae> [%ai] 33f35c84d76f8c62104b0058a322f82144d469b3
> git show -s --format=%an <%ae> [%ai] 58d789f02b43f9a4f6e6b086c0588b6ccf5c66eb
> git show -s --format=%H%n%aN%n%aE%n%at%n%ct%n%P%n%B -z 96dcf8d11712d37b0960c4e3ed77089fde07aa16
> git show -s --format=%H%n%aN%n%aE%n%at%n%ct%n%P%n%B -z 58d789f02b43f9a4f6e6b086c0588b6ccf5c66eb
> git show -s --format=%H%n%aN%n%aE%n%at%n%ct%n%P%n%B -z 33f35c84d76f8c62104b0058a322f82144d469b3
> git show -s --format=%an <%ae> [%ai] f67af4a5d34814b9defcd1d0bd73ff976102521d
> git show -s --format=%an <%ae> [%ai] ee6b93f662986558da6663274c26ae6d0890a6a4
> git show -s --format=%H%n%aN%n%aE%n%at%n%ct%n%P%n%B -z ee6b93f662986558da6663274c26ae6d0890a6a4
> git show -s --format=%H%n%aN%n%aE%n%at%n%ct%n%P%n%B -z f67af4a5d34814b9defcd1d0bd73ff976102521d
> git show -s --format=%an <%ae> [%ai] aa291ed4cd6e7c6d449f57b163ec5b2900a060a6
> git show -s --format=%an <%ae> [%ai] 8e71ba390b9832f8abb4256341cf88bd5eccafad
> git show -s --format=%an <%ae> [%ai] f67af4a5d34814b9defcd1d0bd73ff976102521d
> git show -s --format=%H%n%aN%n%aE%n%at%n%ct%n%P%n%B -z 8e71ba390b9832f8abb4256341cf88bd5eccafad
> git show -s --format=%H%n%aN%n%aE%n%at%n%ct%n%P%n%B -z aa291ed4cd6e7c6d449f57b163ec5b2900a060a6
> git show -s --format=%an <%ae> [%ai] 10564c643699f46e0d7ff594f9e7a5837ce4946e
> git show -s --format=%an <%ae> [%ai] 517a1ae2a1b9d9f0da3065ea4f3cebd8244a2784
> git show -s --format=%H%n%aN%n%aE%n%at%n%ct%n%P%n%B -z 10564c643699f46e0d7ff594f9e7a5837ce4946e
> git show -s --format=%an <%ae> [%ai] 712f876b5ebf071049a6d92301e9efe27f9d92f4
> git show -s --format=%H%n%aN%n%aE%n%at%n%ct%n%P%n%B -z f67af4a5d34814b9defcd1d0bd73ff976102521d
> git show -s --format=%H%n%aN%n%aE%n%at%n%ct%n%P%n%B -z 712f876b5ebf071049a6d92301e9efe27f9d92f4
> git show -s --format=%an <%ae> [%ai] 8e71ba390b9832f8abb4256341cf88bd5eccafad
> git show -s --format=%an <%ae> [%ai] 24503e0f2b1a749c55d22853d6d5dd2bdf76cd00
> git show -s --format=%H%n%aN%n%aE%n%at%n%ct%n%P%n%B -z 517a1ae2a1b9d9f0da3065ea4f3cebd8244a2784
> git show -s --format=%H%n%aN%n%aE%n%at%n%ct%n%P%n%B -z 24503e0f2b1a749c55d22853d6d5dd2bdf76cd00
> git show -s --format=%H%n%aN%n%aE%n%at%n%ct%n%P%n%B -z 8e71ba390b9832f8abb4256341cf88bd5eccafad
> git show -s --format=%an <%ae> [%ai] 32eb45b151f3229b1c06e0e408246e4963ddc8c1
> git show -s --format=%an <%ae> [%ai] 10564c643699f46e0d7ff594f9e7a5837ce4946e
> git show -s --format=%H%n%aN%n%aE%n%at%n%ct%n%P%n%B -z 32eb45b151f3229b1c06e0e408246e4963ddc8c1
> git show -s --format=%an <%ae> [%ai] 712f876b5ebf071049a6d92301e9efe27f9d92f4
> git show -s --format=%an <%ae> [%ai] 9e85d252986ae3cf589908da3e898ad5bb8f0f43
> git show -s --format=%an <%ae> [%ai] 32c3da91247681439a1a84b028350212f5edf5c1
> git show -s --format=%H%n%aN%n%aE%n%at%n%ct%n%P%n%B -z 9e85d252986ae3cf589908da3e898ad5bb8f0f43
> git show -s --format=%H%n%aN%n%aE%n%at%n%ct%n%P%n%B -z 712f876b5ebf071049a6d92301e9efe27f9d92f4
> git show -s --format=%an <%ae> [%ai] 14aacb0070ac142dea8744e403fa47adedf593ef
> git show -s --format=%H%n%aN%n%aE%n%at%n%ct%n%P%n%B -z 10564c643699f46e0d7ff594f9e7a5837ce4946e
> git show -s --format=%H%n%aN%n%aE%n%at%n%ct%n%P%n%B -z 14aacb0070ac142dea8744e403fa47adedf593ef
> git show -s --format=%H%n%aN%n%aE%n%at%n%ct%n%P%n%B -z 32c3da91247681439a1a84b028350212f5edf5c1
> git ls-files --stage -- /home/mwalk/Documents/NotesExtension/src/manifest.json
> git cat-file -s 1f712a8fdf3b14330a9f69119699bc61b4c355a5
> git show --textconv :src/manifest.json
> git status -z -u
> git symbolic-ref --short HEAD
> git for-each-ref --format=%(refname)%00%(upstream:short)%00%(objectname)%00%(upstream:track) refs/heads/main refs/remotes/main
> git for-each-ref --sort -committerdate --format %(refname) %(objectname) %(*objectname)
> git remote --verbose
> git config --get commit.template
