[08/09/2021 18:40:17 - INFO] Discord Presence activated
[08/09/2021 18:40:17 - INFO] Creating discord-rpc client
[08/09/2021 18:40:18 - INFO] Successfully connected to Discord
[08/09/2021 18:40:18 - DEBUG] Loading git extension
[08/09/2021 18:43:49 - TRACE] VSCode language id: javascript
[08/09/2021 18:46:05 - TRACE] VSCode language id: javascript
[08/09/2021 18:46:07 - TRACE] VSCode language id: javascript
[08/09/2021 18:47:21 - TRACE] VSCode language id: javascript
[08/09/2021 18:47:23 - TRACE] VSCode language id: javascript
[08/09/2021 18:47:39 - TRACE] VSCode language id: javascript
[08/09/2021 18:47:41 - TRACE] VSCode language id: javascript
[08/09/2021 18:48:53 - TRACE] VSCode language id: javascript
[08/09/2021 18:48:55 - TRACE] VSCode language id: javascript
[08/09/2021 18:49:00 - TRACE] VSCode language id: javascript
[08/09/2021 18:49:02 - TRACE] VSCode language id: javascript
[08/09/2021 18:49:03 - TRACE] VSCode language id: javascript
[08/09/2021 18:49:05 - TRACE] VSCode language id: javascript
[08/09/2021 18:49:06 - TRACE] VSCode language id: javascript
[08/09/2021 18:49:08 - TRACE] VSCode language id: javascript
[08/09/2021 18:49:10 - TRACE] VSCode language id: javascript
[08/09/2021 18:49:12 - TRACE] VSCode language id: javascript
[08/09/2021 18:49:14 - TRACE] VSCode language id: javascript
[08/09/2021 18:49:17 - TRACE] VSCode language id: javascript
[08/09/2021 18:49:19 - TRACE] VSCode language id: javascript
[08/09/2021 18:49:21 - TRACE] VSCode language id: javascript
[08/09/2021 18:49:31 - TRACE] VSCode language id: javascript
[08/09/2021 18:49:33 - TRACE] VSCode language id: javascript
[08/09/2021 18:49:35 - TRACE] VSCode language id: javascript
[08/09/2021 18:49:37 - TRACE] VSCode language id: javascript
[08/09/2021 18:49:39 - TRACE] VSCode language id: javascript
[08/09/2021 18:49:41 - TRACE] VSCode language id: javascript
[08/09/2021 18:49:43 - TRACE] VSCode language id: javascript
[08/09/2021 18:49:44 - TRACE] VSCode language id: javascript
[08/09/2021 18:49:46 - TRACE] VSCode language id: javascript
[08/09/2021 18:49:48 - TRACE] VSCode language id: javascript
[08/09/2021 18:49:50 - TRACE] VSCode language id: javascript
[08/09/2021 18:49:53 - TRACE] VSCode language id: javascript
[08/09/2021 18:50:31 - TRACE] VSCode language id: javascript
[08/09/2021 18:50:33 - TRACE] VSCode language id: javascript
[08/09/2021 18:50:35 - TRACE] VSCode language id: javascript
[08/09/2021 18:50:38 - TRACE] VSCode language id: javascript
[08/09/2021 18:50:40 - TRACE] VSCode language id: javascript
[08/09/2021 18:50:42 - TRACE] VSCode language id: javascript
[08/09/2021 18:50:44 - TRACE] VSCode language id: javascript
[08/09/2021 18:50:47 - TRACE] VSCode language id: javascript
[08/09/2021 18:50:49 - TRACE] VSCode language id: javascript
[08/09/2021 18:50:51 - TRACE] VSCode language id: javascript
[08/09/2021 18:50:52 - TRACE] VSCode language id: javascript
[08/09/2021 18:50:54 - TRACE] VSCode language id: javascript
[08/09/2021 18:51:11 - TRACE] VSCode language id: javascript
[08/09/2021 18:51:13 - TRACE] VSCode language id: javascript
[08/09/2021 18:51:46 - TRACE] VSCode language id: javascript
[08/09/2021 18:51:48 - TRACE] VSCode language id: javascript
[08/09/2021 18:51:52 - TRACE] VSCode language id: javascript
[08/09/2021 18:51:54 - TRACE] VSCode language id: javascript
[08/09/2021 18:51:58 - TRACE] VSCode language id: javascript
[08/09/2021 18:52:00 - TRACE] VSCode language id: javascript
[08/09/2021 18:52:12 - TRACE] VSCode language id: javascript
[08/09/2021 18:52:14 - TRACE] VSCode language id: javascript
[08/09/2021 18:52:16 - TRACE] VSCode language id: javascript
[08/09/2021 18:52:18 - TRACE] VSCode language id: javascript
[08/09/2021 18:52:20 - TRACE] VSCode language id: javascript
[08/09/2021 18:52:23 - TRACE] VSCode language id: javascript
[08/09/2021 18:52:44 - TRACE] VSCode language id: javascript
[08/09/2021 18:52:46 - TRACE] VSCode language id: javascript
[08/09/2021 18:52:48 - TRACE] VSCode language id: javascript
[08/09/2021 18:52:50 - TRACE] VSCode language id: javascript
[08/09/2021 18:52:52 - TRACE] VSCode language id: javascript
[08/09/2021 18:53:04 - TRACE] VSCode language id: javascript
[08/09/2021 18:53:06 - TRACE] VSCode language id: javascript
[08/09/2021 18:53:29 - TRACE] VSCode language id: javascript
[08/09/2021 18:53:31 - TRACE] VSCode language id: javascript
[08/09/2021 18:53:33 - TRACE] VSCode language id: javascript
[08/09/2021 18:53:35 - TRACE] VSCode language id: javascript
[08/09/2021 18:54:00 - TRACE] VSCode language id: javascript
[08/09/2021 18:54:02 - TRACE] VSCode language id: javascript
[08/09/2021 18:54:04 - TRACE] VSCode language id: javascript
[08/09/2021 18:54:06 - TRACE] VSCode language id: javascript
[08/09/2021 18:54:08 - TRACE] VSCode language id: javascript
[08/09/2021 18:54:11 - TRACE] VSCode language id: javascript
[08/09/2021 18:54:13 - TRACE] VSCode language id: javascript
[08/09/2021 18:54:15 - TRACE] VSCode language id: javascript
[08/09/2021 18:54:17 - TRACE] VSCode language id: javascript
[08/09/2021 18:54:19 - TRACE] VSCode language id: javascript
[08/09/2021 18:54:21 - TRACE] VSCode language id: javascript
[08/09/2021 18:54:24 - TRACE] VSCode language id: javascript
[08/09/2021 18:54:26 - TRACE] VSCode language id: javascript
[08/09/2021 18:54:28 - TRACE] VSCode language id: javascript
[08/09/2021 18:54:30 - TRACE] VSCode language id: javascript
[08/09/2021 18:54:33 - TRACE] VSCode language id: javascript
[08/09/2021 18:54:35 - TRACE] VSCode language id: javascript
[08/09/2021 18:54:37 - TRACE] VSCode language id: javascript
[08/09/2021 18:54:39 - TRACE] VSCode language id: javascript
[08/09/2021 18:54:41 - TRACE] VSCode language id: javascript
[08/09/2021 18:54:44 - TRACE] VSCode language id: javascript
[08/09/2021 18:54:46 - TRACE] VSCode language id: javascript
[08/09/2021 18:54:48 - TRACE] VSCode language id: javascript
[08/09/2021 18:55:02 - TRACE] VSCode language id: javascript
[08/09/2021 18:55:04 - TRACE] VSCode language id: javascript
[08/09/2021 18:55:10 - TRACE] VSCode language id: javascript
[08/09/2021 18:55:12 - TRACE] VSCode language id: javascript
[08/09/2021 18:55:14 - TRACE] VSCode language id: javascript
[08/09/2021 18:55:16 - TRACE] VSCode language id: javascript
[08/09/2021 18:55:18 - TRACE] VSCode language id: javascript
[08/09/2021 18:55:20 - TRACE] VSCode language id: javascript
[08/09/2021 18:55:23 - TRACE] VSCode language id: javascript
[08/09/2021 18:55:34 - TRACE] VSCode language id: javascript
[08/09/2021 18:55:36 - TRACE] VSCode language id: javascript
[08/09/2021 18:55:53 - TRACE] VSCode language id: javascript
[08/09/2021 18:55:55 - TRACE] VSCode language id: javascript
[08/09/2021 18:55:57 - TRACE] VSCode language id: javascript
[08/09/2021 18:55:59 - TRACE] VSCode language id: javascript
[08/09/2021 18:56:01 - TRACE] VSCode language id: javascript
[08/09/2021 18:56:03 - TRACE] VSCode language id: javascript
[08/09/2021 18:56:44 - TRACE] VSCode language id: javascript
[08/09/2021 18:56:46 - TRACE] VSCode language id: javascript
[08/09/2021 18:56:49 - TRACE] VSCode language id: javascript
[08/09/2021 18:56:51 - TRACE] VSCode language id: javascript
[08/09/2021 18:56:51 - TRACE] VSCode language id: javascript
[08/09/2021 18:56:53 - TRACE] VSCode language id: javascript
[08/09/2021 18:56:56 - TRACE] VSCode language id: javascript
[08/09/2021 18:56:58 - TRACE] VSCode language id: javascript
[08/09/2021 18:57:00 - TRACE] VSCode language id: javascript
[08/09/2021 18:57:02 - TRACE] VSCode language id: javascript
[08/09/2021 18:57:04 - TRACE] VSCode language id: javascript
[08/09/2021 18:57:41 - TRACE] VSCode language id: javascript
[08/09/2021 18:57:43 - TRACE] VSCode language id: javascript
[08/09/2021 18:57:46 - TRACE] VSCode language id: javascript
[08/09/2021 18:57:54 - TRACE] VSCode language id: javascript
[08/09/2021 18:57:56 - TRACE] VSCode language id: javascript
[08/09/2021 18:57:59 - TRACE] VSCode language id: javascript
[08/09/2021 18:58:01 - TRACE] VSCode language id: javascript
[08/09/2021 18:58:05 - TRACE] VSCode language id: javascript
[08/09/2021 18:58:07 - TRACE] VSCode language id: javascript
[08/09/2021 18:58:10 - TRACE] VSCode language id: javascript
[08/09/2021 18:58:41 - TRACE] VSCode language id: javascript
[08/09/2021 18:58:43 - TRACE] VSCode language id: javascript
[08/09/2021 18:58:45 - TRACE] VSCode language id: javascript
[08/09/2021 18:59:01 - TRACE] VSCode language id: javascript
[08/09/2021 18:59:03 - TRACE] VSCode language id: javascript
[08/09/2021 18:59:30 - TRACE] VSCode language id: javascript
[08/09/2021 18:59:32 - TRACE] VSCode language id: javascript
[08/09/2021 18:59:35 - TRACE] VSCode language id: javascript
[08/09/2021 18:59:37 - TRACE] VSCode language id: javascript
[08/09/2021 18:59:39 - TRACE] VSCode language id: javascript
[08/09/2021 19:00:02 - TRACE] VSCode language id: javascript
[08/09/2021 19:00:04 - TRACE] VSCode language id: javascript
[08/09/2021 19:00:06 - TRACE] VSCode language id: javascript
[08/09/2021 19:00:08 - TRACE] VSCode language id: javascript
[08/09/2021 19:00:10 - TRACE] VSCode language id: javascript
[08/09/2021 19:00:13 - TRACE] VSCode language id: javascript
[08/09/2021 19:00:15 - TRACE] VSCode language id: javascript
[08/09/2021 19:01:03 - TRACE] VSCode language id: javascript
[08/09/2021 19:01:05 - TRACE] VSCode language id: javascript
[08/09/2021 19:01:08 - TRACE] VSCode language id: javascript
[08/09/2021 19:01:10 - TRACE] VSCode language id: javascript
[08/09/2021 19:01:12 - TRACE] VSCode language id: javascript
[08/09/2021 19:01:33 - TRACE] VSCode language id: javascript
[08/09/2021 19:01:35 - TRACE] VSCode language id: javascript
[08/09/2021 19:01:37 - TRACE] VSCode language id: javascript
[08/09/2021 19:01:39 - TRACE] VSCode language id: javascript
[08/09/2021 19:03:26 - TRACE] VSCode language id: javascript
[08/09/2021 19:03:28 - TRACE] VSCode language id: javascript
[08/09/2021 19:03:31 - TRACE] VSCode language id: json
[08/09/2021 19:03:37 - TRACE] VSCode language id: json
[08/09/2021 19:03:39 - TRACE] VSCode language id: json
[08/09/2021 19:03:42 - TRACE] VSCode language id: javascript
[08/09/2021 19:03:42 - TRACE] VSCode language id: javascript
[08/09/2021 19:03:47 - TRACE] VSCode language id: javascript
[08/09/2021 19:03:49 - TRACE] VSCode language id: javascript
[08/09/2021 19:03:51 - TRACE] VSCode language id: javascript
[08/09/2021 19:03:53 - TRACE] VSCode language id: javascript
[08/09/2021 19:03:55 - TRACE] VSCode language id: javascript
[08/09/2021 19:03:57 - TRACE] VSCode language id: javascript
[08/09/2021 19:03:59 - TRACE] VSCode language id: javascript
[08/09/2021 19:04:27 - TRACE] VSCode language id: javascript
[08/09/2021 19:04:29 - TRACE] VSCode language id: javascript
[08/09/2021 19:05:50 - TRACE] VSCode language id: javascript
[08/09/2021 19:05:52 - TRACE] VSCode language id: javascript
[08/09/2021 19:05:54 - TRACE] VSCode language id: javascript
[08/09/2021 19:05:56 - TRACE] VSCode language id: javascript
[08/09/2021 19:05:58 - TRACE] VSCode language id: javascript
[08/09/2021 19:06:01 - TRACE] VSCode language id: javascript
[08/09/2021 19:06:03 - TRACE] VSCode language id: javascript
[08/09/2021 19:06:05 - TRACE] VSCode language id: javascript
[08/09/2021 19:06:07 - TRACE] VSCode language id: javascript
[08/09/2021 19:06:10 - TRACE] VSCode language id: javascript
[08/09/2021 19:06:11 - TRACE] VSCode language id: javascript
[08/09/2021 19:06:13 - TRACE] VSCode language id: javascript
[08/09/2021 19:06:15 - TRACE] VSCode language id: javascript
[08/09/2021 19:06:17 - TRACE] VSCode language id: javascript
[08/09/2021 19:06:19 - TRACE] VSCode language id: javascript
[08/09/2021 19:06:22 - TRACE] VSCode language id: javascript
[08/09/2021 19:06:23 - TRACE] VSCode language id: javascript
[08/09/2021 19:06:25 - TRACE] VSCode language id: javascript
[08/09/2021 19:06:27 - TRACE] VSCode language id: javascript
[08/09/2021 19:06:30 - TRACE] VSCode language id: javascript
[08/09/2021 19:06:32 - TRACE] VSCode language id: javascript
[08/09/2021 19:06:40 - TRACE] VSCode language id: javascript
[08/09/2021 19:06:42 - TRACE] VSCode language id: javascript
[08/09/2021 19:06:44 - TRACE] VSCode language id: javascript
[08/09/2021 19:06:46 - TRACE] VSCode language id: javascript
[08/09/2021 19:06:48 - TRACE] VSCode language id: javascript
[08/09/2021 19:06:50 - TRACE] VSCode language id: javascript
[08/09/2021 19:06:52 - TRACE] VSCode language id: javascript
[08/09/2021 19:06:54 - TRACE] VSCode language id: javascript
[08/09/2021 19:06:56 - TRACE] VSCode language id: javascript
[08/09/2021 19:06:58 - TRACE] VSCode language id: javascript
[08/09/2021 19:07:00 - TRACE] VSCode language id: javascript
[08/09/2021 19:07:03 - TRACE] VSCode language id: javascript
[08/09/2021 19:08:36 - TRACE] VSCode language id: javascript
[08/09/2021 19:08:38 - TRACE] VSCode language id: javascript
[08/09/2021 19:11:32 - TRACE] VSCode language id: javascript
[08/09/2021 19:11:34 - TRACE] VSCode language id: javascript
[08/09/2021 19:11:37 - TRACE] VSCode language id: javascript
[08/09/2021 19:11:39 - TRACE] VSCode language id: javascript
[08/09/2021 19:12:16 - TRACE] VSCode language id: javascript
[08/09/2021 19:12:18 - TRACE] VSCode language id: javascript
[08/09/2021 19:12:21 - TRACE] VSCode language id: javascript
[08/09/2021 19:12:23 - TRACE] VSCode language id: javascript
[08/09/2021 19:13:26 - TRACE] VSCode language id: javascript
[08/09/2021 19:13:28 - TRACE] VSCode language id: javascript
[08/09/2021 19:13:30 - TRACE] VSCode language id: javascript
[08/09/2021 19:13:32 - TRACE] VSCode language id: javascript
[08/09/2021 19:13:34 - TRACE] VSCode language id: javascript
[08/09/2021 19:13:53 - TRACE] VSCode language id: javascript
[08/09/2021 19:13:55 - TRACE] VSCode language id: javascript
[08/09/2021 19:14:18 - TRACE] VSCode language id: javascript
[08/09/2021 19:14:20 - TRACE] VSCode language id: javascript
[08/09/2021 19:14:59 - TRACE] VSCode language id: javascript
[08/09/2021 19:15:01 - TRACE] VSCode language id: javascript
[08/09/2021 19:15:36 - TRACE] VSCode language id: javascript
[08/09/2021 19:15:38 - TRACE] VSCode language id: javascript
[08/09/2021 19:15:40 - TRACE] VSCode language id: javascript
[08/09/2021 19:15:43 - TRACE] VSCode language id: javascript
[08/09/2021 19:15:45 - TRACE] VSCode language id: javascript
[08/09/2021 19:15:48 - TRACE] VSCode language id: javascript
[08/09/2021 19:19:48 - TRACE] VSCode language id: javascript
[08/09/2021 19:19:50 - TRACE] VSCode language id: javascript
[08/09/2021 19:19:52 - TRACE] VSCode language id: javascript
[08/09/2021 19:19:55 - TRACE] VSCode language id: javascript
[08/09/2021 19:19:57 - TRACE] VSCode language id: javascript
[08/09/2021 19:19:58 - TRACE] VSCode language id: javascript
[08/09/2021 19:20:00 - TRACE] VSCode language id: javascript
[08/09/2021 19:20:02 - TRACE] VSCode language id: javascript
[08/09/2021 19:20:04 - TRACE] VSCode language id: javascript
[08/09/2021 19:20:06 - TRACE] VSCode language id: javascript
[08/09/2021 19:20:08 - TRACE] VSCode language id: javascript
[08/09/2021 19:20:27 - TRACE] VSCode language id: javascript
[08/09/2021 19:20:29 - TRACE] VSCode language id: javascript
[08/09/2021 19:20:31 - TRACE] VSCode language id: javascript
[08/09/2021 19:20:38 - TRACE] VSCode language id: javascript
[08/09/2021 19:20:40 - TRACE] VSCode language id: javascript
[08/09/2021 19:20:42 - TRACE] VSCode language id: javascript
[08/09/2021 19:21:11 - TRACE] VSCode language id: javascript
[08/09/2021 19:21:13 - TRACE] VSCode language id: javascript
[08/09/2021 19:21:15 - TRACE] VSCode language id: javascript
[08/09/2021 19:21:18 - TRACE] VSCode language id: javascript
[08/09/2021 19:21:19 - TRACE] VSCode language id: javascript
[08/09/2021 19:21:21 - TRACE] VSCode language id: javascript
[08/09/2021 19:21:25 - TRACE] VSCode language id: javascript
[08/09/2021 19:21:27 - TRACE] VSCode language id: javascript
[08/09/2021 19:32:48 - TRACE] VSCode language id: javascript
[08/09/2021 19:32:50 - TRACE] VSCode language id: javascript
[08/09/2021 19:37:48 - TRACE] VSCode language id: javascript
[08/09/2021 19:37:50 - TRACE] VSCode language id: javascript
[08/09/2021 19:37:53 - TRACE] VSCode language id: javascript
[08/09/2021 19:38:56 - TRACE] VSCode language id: javascript
[08/09/2021 19:38:58 - TRACE] VSCode language id: javascript
[08/09/2021 19:39:00 - TRACE] VSCode language id: javascript
[08/09/2021 19:39:02 - TRACE] VSCode language id: javascript
[08/09/2021 19:39:04 - TRACE] VSCode language id: javascript
[08/09/2021 19:39:56 - TRACE] VSCode language id: javascript
[08/09/2021 19:39:58 - TRACE] VSCode language id: javascript
[08/09/2021 19:40:29 - TRACE] VSCode language id: javascript
[08/09/2021 19:40:31 - TRACE] VSCode language id: javascript
[08/09/2021 19:40:33 - TRACE] VSCode language id: javascript
[08/09/2021 19:40:35 - TRACE] VSCode language id: javascript
[08/09/2021 19:40:36 - TRACE] VSCode language id: javascript
[08/09/2021 19:40:38 - TRACE] VSCode language id: javascript
[08/09/2021 19:41:19 - TRACE] VSCode language id: javascript
[08/09/2021 19:41:21 - TRACE] VSCode language id: javascript
[08/09/2021 19:41:24 - TRACE] VSCode language id: javascript
[08/09/2021 19:41:36 - TRACE] VSCode language id: javascript
[08/09/2021 19:41:38 - TRACE] VSCode language id: javascript
[08/09/2021 19:41:43 - TRACE] VSCode language id: javascript
[08/09/2021 19:41:45 - TRACE] VSCode language id: javascript
[08/09/2021 19:41:48 - TRACE] VSCode language id: javascript
[08/09/2021 19:41:48 - TRACE] VSCode language id: javascript
[08/09/2021 19:41:50 - TRACE] VSCode language id: javascript
[08/09/2021 19:42:04 - TRACE] VSCode language id: javascript
[08/09/2021 19:42:06 - TRACE] VSCode language id: javascript
[08/09/2021 19:42:08 - TRACE] VSCode language id: javascript
[08/09/2021 19:42:39 - TRACE] VSCode language id: javascript
[08/09/2021 19:42:41 - TRACE] VSCode language id: javascript
[08/09/2021 19:42:44 - TRACE] VSCode language id: javascript
[08/09/2021 19:42:46 - TRACE] VSCode language id: javascript
[08/09/2021 19:42:48 - TRACE] VSCode language id: javascript
[08/09/2021 19:42:54 - TRACE] VSCode language id: javascript
[08/09/2021 19:42:56 - TRACE] VSCode language id: javascript
[08/09/2021 19:42:58 - TRACE] VSCode language id: javascript
[08/09/2021 19:43:01 - TRACE] VSCode language id: javascript
[08/09/2021 19:43:23 - TRACE] VSCode language id: javascript
[08/09/2021 19:43:25 - TRACE] VSCode language id: javascript
[08/09/2021 19:43:27 - TRACE] VSCode language id: javascript
[08/09/2021 19:43:30 - TRACE] VSCode language id: javascript
[08/09/2021 19:43:59 - TRACE] VSCode language id: javascript
[08/09/2021 19:44:01 - TRACE] VSCode language id: javascript
[08/09/2021 19:44:03 - TRACE] VSCode language id: javascript
[08/09/2021 19:44:05 - TRACE] VSCode language id: javascript
[08/09/2021 19:44:08 - TRACE] VSCode language id: javascript
[08/09/2021 19:44:10 - TRACE] VSCode language id: javascript
[08/09/2021 19:44:12 - TRACE] VSCode language id: javascript
[08/09/2021 19:44:36 - TRACE] VSCode language id: javascript
[08/09/2021 19:44:38 - TRACE] VSCode language id: javascript
[08/09/2021 19:44:40 - TRACE] VSCode language id: javascript
[08/09/2021 19:44:42 - TRACE] VSCode language id: javascript
[08/09/2021 19:45:17 - TRACE] VSCode language id: javascript
[08/09/2021 19:45:19 - TRACE] VSCode language id: javascript
[08/09/2021 19:45:22 - TRACE] VSCode language id: javascript
[08/09/2021 19:45:24 - TRACE] VSCode language id: javascript
[08/09/2021 19:45:26 - TRACE] VSCode language id: javascript
[08/09/2021 19:45:26 - TRACE] VSCode language id: javascript
[08/09/2021 19:45:28 - TRACE] VSCode language id: javascript
[08/09/2021 19:45:37 - TRACE] VSCode language id: javascript
[08/09/2021 19:45:39 - TRACE] VSCode language id: javascript
[08/09/2021 19:45:56 - TRACE] VSCode language id: javascript
[08/09/2021 19:45:58 - TRACE] VSCode language id: javascript
[08/09/2021 19:46:00 - TRACE] VSCode language id: javascript
[08/09/2021 19:46:05 - TRACE] VSCode language id: javascript
[08/09/2021 19:46:07 - TRACE] VSCode language id: javascript
[08/09/2021 19:46:09 - TRACE] VSCode language id: javascript
[08/09/2021 19:46:11 - TRACE] VSCode language id: javascript
[08/09/2021 19:46:13 - TRACE] VSCode language id: javascript
[08/09/2021 19:46:15 - TRACE] VSCode language id: javascript
[08/09/2021 19:46:17 - TRACE] VSCode language id: javascript
[08/09/2021 19:46:19 - TRACE] VSCode language id: javascript
[08/09/2021 19:46:22 - TRACE] VSCode language id: javascript
[08/09/2021 19:46:25 - TRACE] VSCode language id: javascript
[08/09/2021 19:46:27 - TRACE] VSCode language id: javascript
[08/09/2021 19:46:28 - TRACE] VSCode language id: javascript
[08/09/2021 19:46:30 - TRACE] VSCode language id: javascript
[08/09/2021 19:46:33 - TRACE] VSCode language id: javascript
[08/09/2021 19:46:35 - TRACE] VSCode language id: javascript
[08/09/2021 19:46:37 - TRACE] VSCode language id: javascript
[08/09/2021 19:46:43 - TRACE] VSCode language id: javascript
[08/09/2021 19:46:45 - TRACE] VSCode language id: javascript
[08/09/2021 19:46:48 - TRACE] VSCode language id: javascript
[08/09/2021 19:46:50 - TRACE] VSCode language id: javascript
[08/09/2021 19:46:53 - TRACE] VSCode language id: javascript
[08/09/2021 19:47:11 - TRACE] VSCode language id: javascript
[08/09/2021 19:47:13 - TRACE] VSCode language id: javascript
[08/09/2021 19:47:16 - TRACE] VSCode language id: javascript
[08/09/2021 19:47:18 - TRACE] VSCode language id: javascript
[08/09/2021 19:47:20 - TRACE] VSCode language id: javascript
[08/09/2021 19:47:22 - TRACE] VSCode language id: javascript
[08/09/2021 19:47:25 - TRACE] VSCode language id: javascript
[08/09/2021 19:47:27 - TRACE] VSCode language id: javascript
[08/09/2021 19:47:29 - TRACE] VSCode language id: javascript
[08/09/2021 19:47:32 - TRACE] VSCode language id: javascript
[08/09/2021 19:47:34 - TRACE] VSCode language id: javascript
[08/09/2021 19:48:24 - TRACE] VSCode language id: javascript
[08/09/2021 19:49:02 - TRACE] VSCode language id: javascript
[08/09/2021 19:49:03 - TRACE] VSCode language id: javascript
[08/09/2021 19:49:03 - TRACE] VSCode language id: json
[08/09/2021 19:49:06 - TRACE] VSCode language id: javascript
[08/09/2021 19:50:00 - TRACE] VSCode language id: javascript
[08/09/2021 19:50:02 - TRACE] VSCode language id: javascript
[08/09/2021 19:50:04 - TRACE] VSCode language id: javascript
[08/09/2021 19:50:12 - TRACE] VSCode language id: json
[08/09/2021 19:50:14 - TRACE] VSCode language id: javascript
[08/09/2021 19:50:22 - TRACE] VSCode language id: javascript
[08/09/2021 19:50:24 - TRACE] VSCode language id: javascript
[08/09/2021 19:50:27 - TRACE] VSCode language id: javascript
[08/09/2021 19:50:40 - TRACE] VSCode language id: javascript
[08/09/2021 19:50:42 - TRACE] VSCode language id: javascript
[08/09/2021 19:50:48 - TRACE] VSCode language id: javascript
[08/09/2021 19:50:50 - TRACE] VSCode language id: javascript
[08/09/2021 19:51:00 - TRACE] VSCode language id: javascript
[08/09/2021 19:51:02 - TRACE] VSCode language id: javascript
[08/09/2021 19:51:05 - TRACE] VSCode language id: javascript
[08/09/2021 19:51:07 - TRACE] VSCode language id: javascript
[08/09/2021 19:51:09 - TRACE] VSCode language id: javascript
[08/09/2021 19:51:17 - TRACE] VSCode language id: javascript
[08/09/2021 19:51:19 - TRACE] VSCode language id: javascript
[08/09/2021 19:51:29 - TRACE] VSCode language id: javascript
[08/09/2021 19:51:31 - TRACE] VSCode language id: javascript
[08/09/2021 19:51:33 - TRACE] VSCode language id: javascript
[08/09/2021 19:51:35 - TRACE] VSCode language id: javascript
[08/09/2021 19:51:38 - TRACE] VSCode language id: javascript
[08/09/2021 19:51:40 - TRACE] VSCode language id: javascript
[08/09/2021 19:51:49 - TRACE] VSCode language id: javascript
[08/09/2021 19:51:51 - TRACE] VSCode language id: javascript
[08/09/2021 19:51:53 - TRACE] VSCode language id: javascript
[08/09/2021 19:51:55 - TRACE] VSCode language id: javascript
[08/09/2021 19:51:59 - TRACE] VSCode language id: javascript
[08/09/2021 19:52:01 - TRACE] VSCode language id: javascript
[08/09/2021 19:52:03 - TRACE] VSCode language id: javascript
[08/09/2021 19:52:05 - TRACE] VSCode language id: javascript
[08/09/2021 19:52:07 - TRACE] VSCode language id: javascript
[08/09/2021 19:52:09 - TRACE] VSCode language id: javascript
[08/09/2021 19:52:11 - TRACE] VSCode language id: javascript
[08/09/2021 19:52:13 - TRACE] VSCode language id: javascript
[08/09/2021 19:52:15 - TRACE] VSCode language id: javascript
[08/09/2021 19:52:18 - TRACE] VSCode language id: javascript
[08/09/2021 19:52:20 - TRACE] VSCode language id: javascript
[08/09/2021 19:52:22 - TRACE] VSCode language id: javascript
[08/09/2021 19:52:25 - TRACE] VSCode language id: javascript
[08/09/2021 19:52:35 - TRACE] VSCode language id: javascript
[08/09/2021 19:52:37 - TRACE] VSCode language id: javascript
[08/09/2021 19:52:39 - TRACE] VSCode language id: javascript
[08/09/2021 19:52:41 - TRACE] VSCode language id: javascript
[08/09/2021 19:52:50 - TRACE] VSCode language id: javascript
[08/09/2021 19:52:52 - TRACE] VSCode language id: javascript
[08/09/2021 19:52:54 - TRACE] VSCode language id: javascript
[08/09/2021 19:52:56 - TRACE] VSCode language id: javascript
[08/09/2021 19:52:58 - TRACE] VSCode language id: javascript
[08/09/2021 19:54:15 - TRACE] VSCode language id: javascript
[08/09/2021 19:54:17 - TRACE] VSCode language id: javascript
[08/09/2021 19:54:20 - TRACE] VSCode language id: javascript
[08/09/2021 19:54:22 - TRACE] VSCode language id: javascript
[08/09/2021 19:54:42 - TRACE] VSCode language id: javascript
[08/09/2021 19:54:44 - TRACE] VSCode language id: javascript
[08/09/2021 19:54:46 - TRACE] VSCode language id: javascript
[08/09/2021 19:54:48 - TRACE] VSCode language id: javascript
[08/09/2021 19:54:50 - TRACE] VSCode language id: javascript
[08/09/2021 19:54:52 - TRACE] VSCode language id: javascript
[08/09/2021 19:54:55 - TRACE] VSCode language id: javascript
[08/09/2021 19:56:57 - TRACE] VSCode language id: javascript
[08/09/2021 19:56:59 - TRACE] VSCode language id: javascript
[08/09/2021 19:57:02 - TRACE] VSCode language id: javascript
[08/09/2021 19:57:04 - TRACE] VSCode language id: javascript
[08/09/2021 19:57:32 - TRACE] VSCode language id: javascript
[08/09/2021 19:57:34 - TRACE] VSCode language id: javascript
[08/09/2021 19:57:36 - TRACE] VSCode language id: javascript
[08/09/2021 19:57:38 - TRACE] VSCode language id: javascript
[08/09/2021 19:57:42 - TRACE] VSCode language id: javascript
[08/09/2021 19:57:44 - TRACE] VSCode language id: javascript
[08/09/2021 20:00:33 - TRACE] VSCode language id: javascript
[08/09/2021 20:00:35 - TRACE] VSCode language id: javascript
[08/09/2021 20:00:38 - TRACE] VSCode language id: javascript
[08/09/2021 20:00:40 - TRACE] VSCode language id: javascript
[08/09/2021 20:00:42 - TRACE] VSCode language id: javascript
[08/09/2021 20:00:44 - TRACE] VSCode language id: javascript
[08/09/2021 20:00:47 - TRACE] VSCode language id: javascript
[08/09/2021 20:00:49 - TRACE] VSCode language id: javascript
[08/09/2021 20:00:51 - TRACE] VSCode language id: javascript
[08/09/2021 20:00:53 - TRACE] VSCode language id: javascript
[08/09/2021 20:00:55 - TRACE] VSCode language id: javascript
[08/09/2021 20:00:58 - TRACE] VSCode language id: javascript
[08/09/2021 20:01:00 - TRACE] VSCode language id: javascript
[08/09/2021 20:01:02 - TRACE] VSCode language id: javascript
[08/09/2021 20:01:06 - TRACE] VSCode language id: javascript
[08/09/2021 20:01:08 - TRACE] VSCode language id: javascript
[08/09/2021 20:01:10 - TRACE] VSCode language id: javascript
[08/09/2021 20:01:12 - TRACE] VSCode language id: javascript
[08/09/2021 20:01:15 - TRACE] VSCode language id: javascript
[08/09/2021 20:01:17 - TRACE] VSCode language id: javascript
[08/09/2021 20:01:19 - TRACE] VSCode language id: javascript
[08/09/2021 20:01:21 - TRACE] VSCode language id: javascript
[08/09/2021 20:01:58 - TRACE] VSCode language id: javascript
[08/09/2021 20:02:00 - TRACE] VSCode language id: javascript
[08/09/2021 20:02:45 - TRACE] VSCode language id: javascript
[08/09/2021 20:02:47 - TRACE] VSCode language id: javascript
[08/09/2021 20:03:19 - TRACE] VSCode language id: javascript
[08/09/2021 20:03:21 - TRACE] VSCode language id: javascript
[08/09/2021 20:03:29 - TRACE] VSCode language id: javascript
[08/09/2021 20:03:31 - TRACE] VSCode language id: javascript
[08/09/2021 20:03:34 - TRACE] VSCode language id: javascript
[08/09/2021 20:03:36 - TRACE] VSCode language id: javascript
[08/09/2021 20:03:38 - TRACE] VSCode language id: javascript
[08/09/2021 20:03:40 - TRACE] VSCode language id: javascript
[08/09/2021 20:03:42 - TRACE] VSCode language id: javascript
[08/09/2021 20:03:44 - TRACE] VSCode language id: javascript
[08/09/2021 20:03:52 - TRACE] VSCode language id: javascript
[08/09/2021 20:03:54 - TRACE] VSCode language id: javascript
[08/09/2021 20:03:56 - TRACE] VSCode language id: javascript
[08/09/2021 20:03:58 - TRACE] VSCode language id: javascript
[08/09/2021 20:04:00 - TRACE] VSCode language id: javascript
[08/09/2021 20:04:11 - TRACE] VSCode language id: javascript
[08/09/2021 20:04:13 - TRACE] VSCode language id: javascript
[08/09/2021 20:04:20 - TRACE] VSCode language id: javascript
[08/09/2021 20:04:22 - TRACE] VSCode language id: javascript
[08/09/2021 20:04:24 - TRACE] VSCode language id: javascript
[08/09/2021 20:04:26 - TRACE] VSCode language id: javascript
[08/09/2021 20:04:26 - TRACE] VSCode language id: javascript
[08/09/2021 20:04:28 - TRACE] VSCode language id: javascript
[08/09/2021 20:04:29 - TRACE] VSCode language id: javascript
[08/09/2021 20:04:31 - TRACE] VSCode language id: javascript
[08/09/2021 20:04:34 - TRACE] VSCode language id: javascript
[08/09/2021 20:04:36 - TRACE] VSCode language id: javascript
[08/09/2021 20:04:38 - TRACE] VSCode language id: javascript
[08/09/2021 20:04:40 - TRACE] VSCode language id: javascript
[08/09/2021 20:04:42 - TRACE] VSCode language id: javascript
[08/09/2021 20:04:45 - TRACE] VSCode language id: javascript
[08/09/2021 20:04:47 - TRACE] VSCode language id: javascript
[08/09/2021 20:04:49 - TRACE] VSCode language id: javascript
[08/09/2021 20:06:02 - TRACE] VSCode language id: javascript
[08/09/2021 20:06:04 - TRACE] VSCode language id: javascript
[08/09/2021 20:06:07 - TRACE] VSCode language id: javascript
[08/09/2021 20:06:09 - TRACE] VSCode language id: javascript
[08/09/2021 20:06:11 - TRACE] VSCode language id: javascript
[08/09/2021 20:06:35 - TRACE] VSCode language id: javascript
[08/09/2021 20:06:37 - TRACE] VSCode language id: javascript
[08/09/2021 20:06:44 - TRACE] VSCode language id: javascript
[08/09/2021 20:06:46 - TRACE] VSCode language id: javascript
[08/09/2021 20:06:48 - TRACE] VSCode language id: javascript
[08/09/2021 20:06:50 - TRACE] VSCode language id: javascript
[08/09/2021 20:06:52 - TRACE] VSCode language id: javascript
[08/09/2021 20:06:55 - TRACE] VSCode language id: javascript
[08/09/2021 20:06:56 - TRACE] VSCode language id: javascript
[08/09/2021 20:06:58 - TRACE] VSCode language id: javascript
[08/09/2021 20:07:00 - TRACE] VSCode language id: javascript
[08/09/2021 20:07:02 - TRACE] VSCode language id: javascript
[08/09/2021 20:07:04 - TRACE] VSCode language id: javascript
[08/09/2021 20:07:25 - TRACE] VSCode language id: javascript
[08/09/2021 20:07:27 - TRACE] VSCode language id: javascript
[08/09/2021 20:07:58 - TRACE] VSCode language id: javascript
[08/09/2021 20:08:00 - TRACE] VSCode language id: javascript
[08/09/2021 20:08:03 - TRACE] VSCode language id: javascript
[08/09/2021 20:08:40 - TRACE] VSCode language id: javascript
[08/09/2021 20:08:42 - TRACE] VSCode language id: javascript
[08/09/2021 20:08:45 - TRACE] VSCode language id: javascript
[08/09/2021 20:08:47 - TRACE] VSCode language id: javascript
[08/09/2021 20:09:36 - TRACE] VSCode language id: javascript
[08/09/2021 20:09:38 - TRACE] VSCode language id: javascript
[08/09/2021 20:09:41 - TRACE] VSCode language id: javascript
[08/09/2021 20:09:43 - TRACE] VSCode language id: javascript
[08/09/2021 20:09:45 - TRACE] VSCode language id: javascript
[08/09/2021 20:09:47 - TRACE] VSCode language id: javascript
[08/09/2021 20:09:49 - TRACE] VSCode language id: javascript
[08/09/2021 20:10:45 - TRACE] VSCode language id: javascript
[08/09/2021 20:10:47 - TRACE] VSCode language id: javascript
[08/09/2021 20:13:41 - TRACE] VSCode language id: javascript
[08/09/2021 20:13:43 - TRACE] VSCode language id: javascript
[08/09/2021 20:13:46 - TRACE] VSCode language id: javascript
[08/09/2021 20:14:51 - TRACE] VSCode language id: javascript
[08/09/2021 20:14:53 - TRACE] VSCode language id: javascript
[08/09/2021 20:15:07 - TRACE] VSCode language id: javascript
[08/09/2021 20:15:09 - TRACE] VSCode language id: javascript
[08/09/2021 20:15:11 - TRACE] VSCode language id: javascript
[08/09/2021 20:15:13 - TRACE] VSCode language id: javascript
[08/09/2021 20:15:15 - TRACE] VSCode language id: javascript
[08/09/2021 20:15:18 - TRACE] VSCode language id: javascript
[08/09/2021 20:15:20 - TRACE] VSCode language id: javascript
[08/09/2021 20:15:30 - TRACE] VSCode language id: javascript
[08/09/2021 20:15:32 - TRACE] VSCode language id: javascript
[08/09/2021 20:15:35 - TRACE] VSCode language id: javascript
[08/09/2021 20:15:35 - TRACE] VSCode language id: javascript
[08/09/2021 20:15:37 - TRACE] VSCode language id: javascript
[08/09/2021 20:15:42 - TRACE] VSCode language id: javascript
[08/09/2021 20:15:44 - TRACE] VSCode language id: javascript
[08/09/2021 20:15:46 - TRACE] VSCode language id: javascript
[08/09/2021 20:16:05 - TRACE] VSCode language id: javascript
[08/09/2021 20:16:07 - TRACE] VSCode language id: javascript
[08/09/2021 20:17:13 - TRACE] VSCode language id: javascript
[08/09/2021 20:17:15 - TRACE] VSCode language id: javascript
[08/09/2021 20:17:17 - TRACE] VSCode language id: javascript
[08/09/2021 20:17:19 - TRACE] VSCode language id: javascript
[08/09/2021 20:17:21 - TRACE] VSCode language id: javascript
[08/09/2021 20:17:23 - TRACE] VSCode language id: javascript
[08/09/2021 20:17:26 - TRACE] VSCode language id: javascript
[08/09/2021 20:17:28 - TRACE] VSCode language id: javascript
[08/09/2021 20:17:29 - TRACE] VSCode language id: javascript
[08/09/2021 20:19:19 - TRACE] VSCode language id: javascript
[08/09/2021 20:19:21 - TRACE] VSCode language id: javascript
[08/09/2021 20:19:24 - TRACE] VSCode language id: javascript
[08/09/2021 20:23:05 - TRACE] VSCode language id: javascript
[08/09/2021 20:23:07 - TRACE] VSCode language id: javascript
[08/09/2021 20:23:09 - TRACE] VSCode language id: javascript
[08/09/2021 20:23:11 - TRACE] VSCode language id: javascript
[08/09/2021 20:23:14 - TRACE] VSCode language id: javascript
[08/09/2021 20:23:16 - TRACE] VSCode language id: javascript
[08/09/2021 20:23:18 - TRACE] VSCode language id: javascript
[08/09/2021 20:23:20 - TRACE] VSCode language id: javascript
[08/09/2021 20:23:21 - TRACE] VSCode language id: javascript
[08/09/2021 20:23:23 - TRACE] VSCode language id: javascript
[08/09/2021 20:23:25 - TRACE] VSCode language id: javascript
[08/09/2021 20:23:30 - TRACE] VSCode language id: javascript
[08/09/2021 20:23:32 - TRACE] VSCode language id: javascript
[08/09/2021 20:23:35 - TRACE] VSCode language id: javascript
[08/09/2021 20:23:38 - TRACE] VSCode language id: javascript
[08/09/2021 20:23:40 - TRACE] VSCode language id: javascript
[08/09/2021 20:23:43 - TRACE] VSCode language id: javascript
[08/09/2021 20:25:32 - TRACE] VSCode language id: javascript
[08/09/2021 20:25:53 - TRACE] VSCode language id: javascript
[08/09/2021 20:26:24 - TRACE] VSCode language id: javascript
[08/09/2021 20:26:26 - TRACE] VSCode language id: javascript
[08/09/2021 20:26:28 - TRACE] VSCode language id: javascript
[08/09/2021 20:26:30 - TRACE] VSCode language id: javascript
[08/09/2021 20:26:32 - TRACE] VSCode language id: javascript
[08/09/2021 20:26:35 - TRACE] VSCode language id: javascript
[08/09/2021 20:26:44 - TRACE] VSCode language id: javascript
[08/09/2021 20:26:46 - TRACE] VSCode language id: javascript
[08/09/2021 20:26:48 - TRACE] VSCode language id: javascript
[08/09/2021 20:26:51 - TRACE] VSCode language id: javascript
[08/09/2021 20:26:53 - TRACE] VSCode language id: javascript
[08/09/2021 20:26:55 - TRACE] VSCode language id: javascript
[08/09/2021 20:26:57 - TRACE] VSCode language id: javascript
[08/09/2021 20:27:00 - TRACE] VSCode language id: javascript
[08/09/2021 20:28:00 - TRACE] VSCode language id: javascript
[08/09/2021 20:28:02 - TRACE] VSCode language id: javascript
[08/09/2021 20:28:04 - TRACE] VSCode language id: javascript
[08/09/2021 20:28:06 - TRACE] VSCode language id: javascript
[08/09/2021 20:28:08 - TRACE] VSCode language id: javascript
[08/09/2021 20:28:11 - TRACE] VSCode language id: javascript
[08/09/2021 20:28:35 - TRACE] VSCode language id: javascript
[08/09/2021 20:28:37 - TRACE] VSCode language id: javascript
[08/09/2021 20:28:39 - TRACE] VSCode language id: javascript
[08/09/2021 20:28:41 - TRACE] VSCode language id: javascript
[08/09/2021 20:29:10 - TRACE] VSCode language id: javascript
[08/09/2021 20:33:27 - TRACE] VSCode language id: json
[08/09/2021 20:33:45 - TRACE] VSCode language id: json
[08/09/2021 20:33:47 - TRACE] VSCode language id: json
[08/09/2021 20:33:55 - TRACE] VSCode language id: json
[08/09/2021 20:46:49 - TRACE] VSCode language id: plaintext
[08/09/2021 20:46:49 - TRACE] VSCode language id: json
[08/09/2021 20:46:49 - TRACE] VSCode language id: json
